CRITICAL - 2023-06-20 22:24:34 --> Invalid file: "/DatosEstadisticos/Grado/vista_opcion_filtro.php"
in SYSTEMPATH\Exceptions\FrameworkException.php on line 33.
 1 SYSTEMPATH\View\View.php(201): CodeIgniter\Exceptions\FrameworkException::forInvalidFile('/DatosEstadisticos/Grado/vista_opcion_filtro.php')
 2 SYSTEMPATH\Common.php(1184): CodeIgniter\View\View->render('/DatosEstadisticos/Grado/vista_opcion_filtro', [], true)
 3 APPPATH\Controllers\ControladorEstadistico.php(19): view('/DatosEstadisticos/Grado/vista_opcion_filtro', [...])
 4 SYSTEMPATH\CodeIgniter.php(934): App\Controllers\ControladorEstadistico->BuscarFiltroEstadistico('1', 'escuela')
 5 SYSTEMPATH\CodeIgniter.php(499): CodeIgniter\CodeIgniter->runController(Object(App\Controllers\ControladorEstadistico))
 6 SYSTEMPATH\CodeIgniter.php(368): CodeIgniter\CodeIgniter->handleRequest(null, Object(Config\Cache), false)
 7 FCPATH\index.php(67): CodeIgniter\CodeIgniter->run()
CRITICAL - 2023-06-20 22:37:27 --> Undefined variable $id
in APPPATH\Views\DatosEstadisticos\vista_filtro_estadistico.php on line 9.
 1 APPPATH\Views\DatosEstadisticos\vista_filtro_estadistico.php(9): CodeIgniter\Debug\Exceptions->errorHandler(2, 'Undefined variable $id', 'C:\\XAMPP\\htdocs\\SistemaGestionDocumental\\app\\Views\\DatosEstadisticos\\vista_filtro_estadistico.php', 9)
 2 SYSTEMPATH\View\View.php(213): include('C:\\XAMPP\\htdocs\\SistemaGestionDocumental\\app\\Views\\DatosEstadisticos\\vista_filtro_estadistico.php')
 3 SYSTEMPATH\View\View.php(216): CodeIgniter\View\View->CodeIgniter\View\{closure}()
 4 SYSTEMPATH\Common.php(1184): CodeIgniter\View\View->render('/DatosEstadisticos/vista_filtro_estadistico', [], true)
 5 APPPATH\Controllers\ControladorEstadistico.php(29): view('/DatosEstadisticos/vista_filtro_estadistico')
 6 SYSTEMPATH\CodeIgniter.php(934): App\Controllers\ControladorEstadistico->filtroEstadisticoGrad()
 7 SYSTEMPATH\CodeIgniter.php(499): CodeIgniter\CodeIgniter->runController(Object(App\Controllers\ControladorEstadistico))
 8 SYSTEMPATH\CodeIgniter.php(368): CodeIgniter\CodeIgniter->handleRequest(null, Object(Config\Cache), false)
 9 FCPATH\index.php(67): CodeIgniter\CodeIgniter->run()
CRITICAL - 2023-06-20 22:38:00 --> Undefined variable $id
in APPPATH\Views\DatosEstadisticos\vista_filtro_estadistico.php on line 9.
 1 APPPATH\Views\DatosEstadisticos\vista_filtro_estadistico.php(9): CodeIgniter\Debug\Exceptions->errorHandler(2, 'Undefined variable $id', 'C:\\XAMPP\\htdocs\\SistemaGestionDocumental\\app\\Views\\DatosEstadisticos\\vista_filtro_estadistico.php', 9)
 2 SYSTEMPATH\View\View.php(213): include('C:\\XAMPP\\htdocs\\SistemaGestionDocumental\\app\\Views\\DatosEstadisticos\\vista_filtro_estadistico.php')
 3 SYSTEMPATH\View\View.php(216): CodeIgniter\View\View->CodeIgniter\View\{closure}()
 4 SYSTEMPATH\Common.php(1184): CodeIgniter\View\View->render('/DatosEstadisticos/vista_filtro_estadistico', [], true)
 5 APPPATH\Controllers\ControladorEstadistico.php(29): view('/DatosEstadisticos/vista_filtro_estadistico')
 6 SYSTEMPATH\CodeIgniter.php(934): App\Controllers\ControladorEstadistico->filtroEstadisticoGrad()
 7 SYSTEMPATH\CodeIgniter.php(499): CodeIgniter\CodeIgniter->runController(Object(App\Controllers\ControladorEstadistico))
 8 SYSTEMPATH\CodeIgniter.php(368): CodeIgniter\CodeIgniter->handleRequest(null, Object(Config\Cache), false)
 9 FCPATH\index.php(67): CodeIgniter\CodeIgniter->run()
CRITICAL - 2023-06-20 22:38:02 --> Undefined variable $id
in APPPATH\Views\DatosEstadisticos\vista_filtro_estadistico.php on line 9.
 1 APPPATH\Views\DatosEstadisticos\vista_filtro_estadistico.php(9): CodeIgniter\Debug\Exceptions->errorHandler(2, 'Undefined variable $id', 'C:\\XAMPP\\htdocs\\SistemaGestionDocumental\\app\\Views\\DatosEstadisticos\\vista_filtro_estadistico.php', 9)
 2 SYSTEMPATH\View\View.php(213): include('C:\\XAMPP\\htdocs\\SistemaGestionDocumental\\app\\Views\\DatosEstadisticos\\vista_filtro_estadistico.php')
 3 SYSTEMPATH\View\View.php(216): CodeIgniter\View\View->CodeIgniter\View\{closure}()
 4 SYSTEMPATH\Common.php(1184): CodeIgniter\View\View->render('/DatosEstadisticos/vista_filtro_estadistico', [], true)
 5 APPPATH\Controllers\ControladorEstadistico.php(29): view('/DatosEstadisticos/vista_filtro_estadistico')
 6 SYSTEMPATH\CodeIgniter.php(934): App\Controllers\ControladorEstadistico->filtroEstadisticoGrad()
 7 SYSTEMPATH\CodeIgniter.php(499): CodeIgniter\CodeIgniter->runController(Object(App\Controllers\ControladorEstadistico))
 8 SYSTEMPATH\CodeIgniter.php(368): CodeIgniter\CodeIgniter->handleRequest(null, Object(Config\Cache), false)
 9 FCPATH\index.php(67): CodeIgniter\CodeIgniter->run()
CRITICAL - 2023-06-20 22:38:34 --> Invalid file: "/DatosEstadisticos/Grado/vista_filtro_estadistico.php"
in SYSTEMPATH\Exceptions\FrameworkException.php on line 33.
 1 SYSTEMPATH\View\View.php(201): CodeIgniter\Exceptions\FrameworkException::forInvalidFile('/DatosEstadisticos/Grado/vista_filtro_estadistico.php')
 2 SYSTEMPATH\Common.php(1184): CodeIgniter\View\View->render('/DatosEstadisticos/Grado/vista_filtro_estadistico', [], true)
 3 APPPATH\Controllers\ControladorEstadistico.php(29): view('/DatosEstadisticos/Grado/vista_filtro_estadistico')
 4 SYSTEMPATH\CodeIgniter.php(934): App\Controllers\ControladorEstadistico->filtroEstadisticoGrad()
 5 SYSTEMPATH\CodeIgniter.php(499): CodeIgniter\CodeIgniter->runController(Object(App\Controllers\ControladorEstadistico))
 6 SYSTEMPATH\CodeIgniter.php(368): CodeIgniter\CodeIgniter->handleRequest(null, Object(Config\Cache), false)
 7 FCPATH\index.php(67): CodeIgniter\CodeIgniter->run()
CRITICAL - 2023-06-20 22:38:45 --> Invalid file: "/DatosEstadisticos/Grado/vista_fe_grad.php"
in SYSTEMPATH\Exceptions\FrameworkException.php on line 33.
 1 SYSTEMPATH\View\View.php(201): CodeIgniter\Exceptions\FrameworkException::forInvalidFile('/DatosEstadisticos/Grado/vista_fe_grad.php')
 2 SYSTEMPATH\Common.php(1184): CodeIgniter\View\View->render('/DatosEstadisticos/Grado/vista_fe_grad', [], true)
 3 APPPATH\Controllers\ControladorEstadistico.php(29): view('/DatosEstadisticos/Grado/vista_fe_grad')
 4 SYSTEMPATH\CodeIgniter.php(934): App\Controllers\ControladorEstadistico->filtroEstadisticoGrad()
 5 SYSTEMPATH\CodeIgniter.php(499): CodeIgniter\CodeIgniter->runController(Object(App\Controllers\ControladorEstadistico))
 6 SYSTEMPATH\CodeIgniter.php(368): CodeIgniter\CodeIgniter->handleRequest(null, Object(Config\Cache), false)
 7 FCPATH\index.php(67): CodeIgniter\CodeIgniter->run()
CRITICAL - 2023-06-20 22:41:14 --> Invalid file: "/DatosEstadisticos/Grado/vista_opcion_filtro.php"
in SYSTEMPATH\Exceptions\FrameworkException.php on line 33.
 1 SYSTEMPATH\View\View.php(201): CodeIgniter\Exceptions\FrameworkException::forInvalidFile('/DatosEstadisticos/Grado/vista_opcion_filtro.php')
 2 SYSTEMPATH\Common.php(1184): CodeIgniter\View\View->render('/DatosEstadisticos/Grado/vista_opcion_filtro', [], true)
 3 APPPATH\Controllers\ControladorEstadistico.php(19): view('/DatosEstadisticos/Grado/vista_opcion_filtro', [...])
 4 SYSTEMPATH\CodeIgniter.php(934): App\Controllers\ControladorEstadistico->BuscarFiltroEstadistico('grado', 'escuela')
 5 SYSTEMPATH\CodeIgniter.php(499): CodeIgniter\CodeIgniter->runController(Object(App\Controllers\ControladorEstadistico))
 6 SYSTEMPATH\CodeIgniter.php(368): CodeIgniter\CodeIgniter->handleRequest(null, Object(Config\Cache), false)
 7 FCPATH\index.php(67): CodeIgniter\CodeIgniter->run()
CRITICAL - 2023-06-20 22:41:32 --> Invalid file: "/DatosEstadisticos/Grado/vista_opcion_filtro.php"
in SYSTEMPATH\Exceptions\FrameworkException.php on line 33.
 1 SYSTEMPATH\View\View.php(201): CodeIgniter\Exceptions\FrameworkException::forInvalidFile('/DatosEstadisticos/Grado/vista_opcion_filtro.php')
 2 SYSTEMPATH\Common.php(1184): CodeIgniter\View\View->render('/DatosEstadisticos/Grado/vista_opcion_filtro', [], true)
 3 APPPATH\Controllers\ControladorEstadistico.php(17): view('/DatosEstadisticos/Grado/vista_opcion_filtro', [...])
 4 SYSTEMPATH\CodeIgniter.php(934): App\Controllers\ControladorEstadistico->BuscarFiltroEstadistico('grado', 'escuela')
 5 SYSTEMPATH\CodeIgniter.php(499): CodeIgniter\CodeIgniter->runController(Object(App\Controllers\ControladorEstadistico))
 6 SYSTEMPATH\CodeIgniter.php(368): CodeIgniter\CodeIgniter->handleRequest(null, Object(Config\Cache), false)
 7 FCPATH\index.php(67): CodeIgniter\CodeIgniter->run()
CRITICAL - 2023-06-20 22:45:53 --> Invalid file: "/DatosEstadisticos/PosGrados/vista_fe_tec.php"
in SYSTEMPATH\Exceptions\FrameworkException.php on line 33.
 1 SYSTEMPATH\View\View.php(201): CodeIgniter\Exceptions\FrameworkException::forInvalidFile('/DatosEstadisticos/PosGrados/vista_fe_tec.php')
 2 SYSTEMPATH\Common.php(1184): CodeIgniter\View\View->render('/DatosEstadisticos/PosGrados/vista_fe_tec', [], true)
 3 APPPATH\Controllers\ControladorEstadistico.php(37): view('/DatosEstadisticos/PosGrados/vista_fe_tec')
 4 SYSTEMPATH\CodeIgniter.php(934): App\Controllers\ControladorEstadistico->filtroEstadisticoTecnologia()
 5 SYSTEMPATH\CodeIgniter.php(499): CodeIgniter\CodeIgniter->runController(Object(App\Controllers\ControladorEstadistico))
 6 SYSTEMPATH\CodeIgniter.php(368): CodeIgniter\CodeIgniter->handleRequest(null, Object(Config\Cache), false)
 7 FCPATH\index.php(67): CodeIgniter\CodeIgniter->run()
CRITICAL - 2023-06-20 22:45:55 --> Invalid file: "/DatosEstadisticos/PosGrados/vista_fe_tec.php"
in SYSTEMPATH\Exceptions\FrameworkException.php on line 33.
 1 SYSTEMPATH\View\View.php(201): CodeIgniter\Exceptions\FrameworkException::forInvalidFile('/DatosEstadisticos/PosGrados/vista_fe_tec.php')
 2 SYSTEMPATH\Common.php(1184): CodeIgniter\View\View->render('/DatosEstadisticos/PosGrados/vista_fe_tec', [], true)
 3 APPPATH\Controllers\ControladorEstadistico.php(37): view('/DatosEstadisticos/PosGrados/vista_fe_tec')
 4 SYSTEMPATH\CodeIgniter.php(934): App\Controllers\ControladorEstadistico->filtroEstadisticoTecnologia()
 5 SYSTEMPATH\CodeIgniter.php(499): CodeIgniter\CodeIgniter->runController(Object(App\Controllers\ControladorEstadistico))
 6 SYSTEMPATH\CodeIgniter.php(368): CodeIgniter\CodeIgniter->handleRequest(null, Object(Config\Cache), false)
 7 FCPATH\index.php(67): CodeIgniter\CodeIgniter->run()
CRITICAL - 2023-06-20 22:46:09 --> Invalid file: "/DatosEstadisticos/PosGrados/vista_fe_tec.php"
in SYSTEMPATH\Exceptions\FrameworkException.php on line 33.
 1 SYSTEMPATH\View\View.php(201): CodeIgniter\Exceptions\FrameworkException::forInvalidFile('/DatosEstadisticos/PosGrados/vista_fe_tec.php')
 2 SYSTEMPATH\Common.php(1184): CodeIgniter\View\View->render('/DatosEstadisticos/PosGrados/vista_fe_tec', [], true)
 3 APPPATH\Controllers\ControladorEstadistico.php(37): view('/DatosEstadisticos/PosGrados/vista_fe_tec')
 4 SYSTEMPATH\CodeIgniter.php(934): App\Controllers\ControladorEstadistico->filtroEstadisticoTecnologia()
 5 SYSTEMPATH\CodeIgniter.php(499): CodeIgniter\CodeIgniter->runController(Object(App\Controllers\ControladorEstadistico))
 6 SYSTEMPATH\CodeIgniter.php(368): CodeIgniter\CodeIgniter->handleRequest(null, Object(Config\Cache), false)
 7 FCPATH\index.php(67): CodeIgniter\CodeIgniter->run()
