CRITICAL - 2023-06-21 20:10:14 --> Invalid file: "/DatosEstadisticos/Grado/vista_opcion_filtro.php"
in SYSTEMPATH\Exceptions\FrameworkException.php on line 33.
 1 SYSTEMPATH\View\View.php(201): CodeIgniter\Exceptions\FrameworkException::forInvalidFile('/DatosEstadisticos/Grado/vista_opcion_filtro.php')
 2 SYSTEMPATH\Common.php(1184): CodeIgniter\View\View->render('/DatosEstadisticos/Grado/vista_opcion_filtro', [], true)
 3 APPPATH\Controllers\ControladorEstadistico.php(17): view('/DatosEstadisticos/Grado/vista_opcion_filtro', [...])
 4 SYSTEMPATH\CodeIgniter.php(934): App\Controllers\ControladorEstadistico->BuscarFiltroEstadistico('grado', 'periodo')
 5 SYSTEMPATH\CodeIgniter.php(499): CodeIgniter\CodeIgniter->runController(Object(App\Controllers\ControladorEstadistico))
 6 SYSTEMPATH\CodeIgniter.php(368): CodeIgniter\CodeIgniter->handleRequest(null, Object(Config\Cache), false)
 7 FCPATH\index.php(67): CodeIgniter\CodeIgniter->run()
CRITICAL - 2023-06-21 20:17:29 --> Invalid file: "/DatosEstadisticos/Grado/vista_opcion_filtro.php"
in SYSTEMPATH\Exceptions\FrameworkException.php on line 33.
 1 SYSTEMPATH\View\View.php(201): CodeIgniter\Exceptions\FrameworkException::forInvalidFile('/DatosEstadisticos/Grado/vista_opcion_filtro.php')
 2 SYSTEMPATH\Common.php(1184): CodeIgniter\View\View->render('/DatosEstadisticos/Grado/vista_opcion_filtro', [], true)
 3 APPPATH\Controllers\ControladorEstadistico.php(17): view('/DatosEstadisticos/Grado/vista_opcion_filtro', [...])
 4 SYSTEMPATH\CodeIgniter.php(934): App\Controllers\ControladorEstadistico->BuscarFiltroEstadistico('grado', 'escuela')
 5 SYSTEMPATH\CodeIgniter.php(499): CodeIgniter\CodeIgniter->runController(Object(App\Controllers\ControladorEstadistico))
 6 SYSTEMPATH\CodeIgniter.php(368): CodeIgniter\CodeIgniter->handleRequest(null, Object(Config\Cache), false)
 7 FCPATH\index.php(67): CodeIgniter\CodeIgniter->run()
CRITICAL - 2023-06-21 20:23:09 --> Invalid file: "/DatosEstadisticos/Grado/vista_opcion_filtro.php"
in SYSTEMPATH\Exceptions\FrameworkException.php on line 33.
 1 SYSTEMPATH\View\View.php(201): CodeIgniter\Exceptions\FrameworkException::forInvalidFile('/DatosEstadisticos/Grado/vista_opcion_filtro.php')
 2 SYSTEMPATH\Common.php(1184): CodeIgniter\View\View->render('/DatosEstadisticos/Grado/vista_opcion_filtro', [], true)
 3 APPPATH\Controllers\ControladorEstadistico.php(17): view('/DatosEstadisticos/Grado/vista_opcion_filtro', [...])
 4 SYSTEMPATH\CodeIgniter.php(934): App\Controllers\ControladorEstadistico->BuscarFiltroEstadistico('grado', 'escuela')
 5 SYSTEMPATH\CodeIgniter.php(499): CodeIgniter\CodeIgniter->runController(Object(App\Controllers\ControladorEstadistico))
 6 SYSTEMPATH\CodeIgniter.php(368): CodeIgniter\CodeIgniter->handleRequest(null, Object(Config\Cache), false)
 7 FCPATH\index.php(67): CodeIgniter\CodeIgniter->run()
CRITICAL - 2023-06-21 20:25:00 --> Invalid file: "/DatosEstadisticos/Grado/vista_opcion_filtro.php"
in SYSTEMPATH\Exceptions\FrameworkException.php on line 33.
 1 SYSTEMPATH\View\View.php(201): CodeIgniter\Exceptions\FrameworkException::forInvalidFile('/DatosEstadisticos/Grado/vista_opcion_filtro.php')
 2 SYSTEMPATH\Common.php(1184): CodeIgniter\View\View->render('/DatosEstadisticos/Grado/vista_opcion_filtro', [], true)
 3 APPPATH\Controllers\ControladorEstadistico.php(17): view('/DatosEstadisticos/Grado/vista_opcion_filtro', [...])
 4 SYSTEMPATH\CodeIgniter.php(934): App\Controllers\ControladorEstadistico->BuscarFiltroEstadistico('grado', 'escuela')
 5 SYSTEMPATH\CodeIgniter.php(499): CodeIgniter\CodeIgniter->runController(Object(App\Controllers\ControladorEstadistico))
 6 SYSTEMPATH\CodeIgniter.php(368): CodeIgniter\CodeIgniter->handleRequest(null, Object(Config\Cache), false)
 7 FCPATH\index.php(67): CodeIgniter\CodeIgniter->run()
CRITICAL - 2023-06-21 21:35:03 --> syntax error, unexpected token "."
in APPPATH\Controllers\ControladorEstadistico.php on line 35.
 1 SYSTEMPATH\Autoloader\Autoloader.php(289): CodeIgniter\Autoloader\Autoloader->includeFile('C:\\XAMPP\\htdocs\\SistemaGestionDocumental\\app\\Controllers\\ControladorEstadistico.php')
 2 SYSTEMPATH\Autoloader\Autoloader.php(267): CodeIgniter\Autoloader\Autoloader->loadInNamespace('App\\Controllers\\ControladorEstadistico')
 3 [internal function]: CodeIgniter\Autoloader\Autoloader->loadClass('App\\Controllers\\ControladorEstadistico')
 4 SYSTEMPATH\CodeIgniter.php(892): class_exists('\\App\\Controllers\\ControladorEstadistico', true)
 5 SYSTEMPATH\CodeIgniter.php(486): CodeIgniter\CodeIgniter->startController()
 6 SYSTEMPATH\CodeIgniter.php(368): CodeIgniter\CodeIgniter->handleRequest(null, Object(Config\Cache), false)
 7 FCPATH\index.php(67): CodeIgniter\CodeIgniter->run()
CRITICAL - 2023-06-21 21:35:05 --> syntax error, unexpected token "."
in APPPATH\Controllers\ControladorEstadistico.php on line 35.
 1 SYSTEMPATH\Autoloader\Autoloader.php(289): CodeIgniter\Autoloader\Autoloader->includeFile('C:\\XAMPP\\htdocs\\SistemaGestionDocumental\\app\\Controllers\\ControladorEstadistico.php')
 2 SYSTEMPATH\Autoloader\Autoloader.php(267): CodeIgniter\Autoloader\Autoloader->loadInNamespace('App\\Controllers\\ControladorEstadistico')
 3 [internal function]: CodeIgniter\Autoloader\Autoloader->loadClass('App\\Controllers\\ControladorEstadistico')
 4 SYSTEMPATH\CodeIgniter.php(892): class_exists('\\App\\Controllers\\ControladorEstadistico', true)
 5 SYSTEMPATH\CodeIgniter.php(486): CodeIgniter\CodeIgniter->startController()
 6 SYSTEMPATH\CodeIgniter.php(368): CodeIgniter\CodeIgniter->handleRequest(null, Object(Config\Cache), false)
 7 FCPATH\index.php(67): CodeIgniter\CodeIgniter->run()
CRITICAL - 2023-06-21 21:35:07 --> syntax error, unexpected token "."
in APPPATH\Controllers\ControladorEstadistico.php on line 35.
 1 SYSTEMPATH\Autoloader\Autoloader.php(289): CodeIgniter\Autoloader\Autoloader->includeFile('C:\\XAMPP\\htdocs\\SistemaGestionDocumental\\app\\Controllers\\ControladorEstadistico.php')
 2 SYSTEMPATH\Autoloader\Autoloader.php(267): CodeIgniter\Autoloader\Autoloader->loadInNamespace('App\\Controllers\\ControladorEstadistico')
 3 [internal function]: CodeIgniter\Autoloader\Autoloader->loadClass('App\\Controllers\\ControladorEstadistico')
 4 SYSTEMPATH\CodeIgniter.php(892): class_exists('\\App\\Controllers\\ControladorEstadistico', true)
 5 SYSTEMPATH\CodeIgniter.php(486): CodeIgniter\CodeIgniter->startController()
 6 SYSTEMPATH\CodeIgniter.php(368): CodeIgniter\CodeIgniter->handleRequest(null, Object(Config\Cache), false)
 7 FCPATH\index.php(67): CodeIgniter\CodeIgniter->run()
CRITICAL - 2023-06-21 21:35:14 --> syntax error, unexpected token "."
in APPPATH\Controllers\ControladorEstadistico.php on line 35.
 1 SYSTEMPATH\Autoloader\Autoloader.php(289): CodeIgniter\Autoloader\Autoloader->includeFile('C:\\XAMPP\\htdocs\\SistemaGestionDocumental\\app\\Controllers\\ControladorEstadistico.php')
 2 SYSTEMPATH\Autoloader\Autoloader.php(267): CodeIgniter\Autoloader\Autoloader->loadInNamespace('App\\Controllers\\ControladorEstadistico')
 3 [internal function]: CodeIgniter\Autoloader\Autoloader->loadClass('App\\Controllers\\ControladorEstadistico')
 4 SYSTEMPATH\CodeIgniter.php(892): class_exists('\\App\\Controllers\\ControladorEstadistico', true)
 5 SYSTEMPATH\CodeIgniter.php(486): CodeIgniter\CodeIgniter->startController()
 6 SYSTEMPATH\CodeIgniter.php(368): CodeIgniter\CodeIgniter->handleRequest(null, Object(Config\Cache), false)
 7 FCPATH\index.php(67): CodeIgniter\CodeIgniter->run()
