CRITICAL - 2023-06-23 20:16:16 --> Undefined variable $router
in APPPATH\Config\Routes.php on line 45.
 1 APPPATH\Config\Routes.php(45): CodeIgniter\Debug\Exceptions->errorHandler(2, 'Undefined variable $router', 'C:\\XAMPP\\htdocs\\SistemaGestionDocumental\\app\\Config\\Routes.php', 45)
 2 SYSTEMPATH\Router\RouteCollection.php(267): require('C:\\XAMPP\\htdocs\\SistemaGestionDocumental\\app\\Config\\Routes.php')
 3 SYSTEMPATH\CodeIgniter.php(802): CodeIgniter\Router\RouteCollection->loadRoutes()
 4 SYSTEMPATH\CodeIgniter.php(449): CodeIgniter\CodeIgniter->tryToRouteIt(null)
 5 SYSTEMPATH\CodeIgniter.php(368): CodeIgniter\CodeIgniter->handleRequest(null, Object(Config\Cache), false)
 6 FCPATH\index.php(67): CodeIgniter\CodeIgniter->run()
CRITICAL - 2023-06-23 20:16:17 --> Undefined variable $router
in APPPATH\Config\Routes.php on line 45.
 1 APPPATH\Config\Routes.php(45): CodeIgniter\Debug\Exceptions->errorHandler(2, 'Undefined variable $router', 'C:\\XAMPP\\htdocs\\SistemaGestionDocumental\\app\\Config\\Routes.php', 45)
 2 SYSTEMPATH\Router\RouteCollection.php(267): require('C:\\XAMPP\\htdocs\\SistemaGestionDocumental\\app\\Config\\Routes.php')
 3 SYSTEMPATH\CodeIgniter.php(802): CodeIgniter\Router\RouteCollection->loadRoutes()
 4 SYSTEMPATH\CodeIgniter.php(449): CodeIgniter\CodeIgniter->tryToRouteIt(null)
 5 SYSTEMPATH\CodeIgniter.php(368): CodeIgniter\CodeIgniter->handleRequest(null, Object(Config\Cache), false)
 6 FCPATH\index.php(67): CodeIgniter\CodeIgniter->run()
CRITICAL - 2023-06-23 20:16:29 --> Undefined variable $router
in APPPATH\Config\Routes.php on line 45.
 1 APPPATH\Config\Routes.php(45): CodeIgniter\Debug\Exceptions->errorHandler(2, 'Undefined variable $router', 'C:\\XAMPP\\htdocs\\SistemaGestionDocumental\\app\\Config\\Routes.php', 45)
 2 SYSTEMPATH\Router\RouteCollection.php(267): require('C:\\XAMPP\\htdocs\\SistemaGestionDocumental\\app\\Config\\Routes.php')
 3 SYSTEMPATH\CodeIgniter.php(802): CodeIgniter\Router\RouteCollection->loadRoutes()
 4 SYSTEMPATH\CodeIgniter.php(449): CodeIgniter\CodeIgniter->tryToRouteIt(null)
 5 SYSTEMPATH\CodeIgniter.php(368): CodeIgniter\CodeIgniter->handleRequest(null, Object(Config\Cache), false)
 6 FCPATH\index.php(67): CodeIgniter\CodeIgniter->run()
CRITICAL - 2023-06-23 20:16:33 --> Undefined variable $router
in APPPATH\Config\Routes.php on line 45.
 1 APPPATH\Config\Routes.php(45): CodeIgniter\Debug\Exceptions->errorHandler(2, 'Undefined variable $router', 'C:\\XAMPP\\htdocs\\SistemaGestionDocumental\\app\\Config\\Routes.php', 45)
 2 SYSTEMPATH\Router\RouteCollection.php(267): require('C:\\XAMPP\\htdocs\\SistemaGestionDocumental\\app\\Config\\Routes.php')
 3 SYSTEMPATH\CodeIgniter.php(802): CodeIgniter\Router\RouteCollection->loadRoutes()
 4 SYSTEMPATH\CodeIgniter.php(449): CodeIgniter\CodeIgniter->tryToRouteIt(null)
 5 SYSTEMPATH\CodeIgniter.php(368): CodeIgniter\CodeIgniter->handleRequest(null, Object(Config\Cache), false)
 6 FCPATH\index.php(67): CodeIgniter\CodeIgniter->run()
CRITICAL - 2023-06-23 20:30:06 --> Undefined variable $router
in APPPATH\Config\Routes.php on line 45.
 1 APPPATH\Config\Routes.php(45): CodeIgniter\Debug\Exceptions->errorHandler(2, 'Undefined variable $router', 'C:\\XAMPP\\htdocs\\SistemaGestionDocumental\\app\\Config\\Routes.php', 45)
 2 SYSTEMPATH\Router\RouteCollection.php(267): require('C:\\XAMPP\\htdocs\\SistemaGestionDocumental\\app\\Config\\Routes.php')
 3 SYSTEMPATH\CodeIgniter.php(802): CodeIgniter\Router\RouteCollection->loadRoutes()
 4 SYSTEMPATH\CodeIgniter.php(449): CodeIgniter\CodeIgniter->tryToRouteIt(null)
 5 SYSTEMPATH\CodeIgniter.php(368): CodeIgniter\CodeIgniter->handleRequest(null, Object(Config\Cache), false)
 6 FCPATH\index.php(67): CodeIgniter\CodeIgniter->run()
CRITICAL - 2023-06-23 20:30:07 --> Undefined variable $router
in APPPATH\Config\Routes.php on line 45.
 1 APPPATH\Config\Routes.php(45): CodeIgniter\Debug\Exceptions->errorHandler(2, 'Undefined variable $router', 'C:\\XAMPP\\htdocs\\SistemaGestionDocumental\\app\\Config\\Routes.php', 45)
 2 SYSTEMPATH\Router\RouteCollection.php(267): require('C:\\XAMPP\\htdocs\\SistemaGestionDocumental\\app\\Config\\Routes.php')
 3 SYSTEMPATH\CodeIgniter.php(802): CodeIgniter\Router\RouteCollection->loadRoutes()
 4 SYSTEMPATH\CodeIgniter.php(449): CodeIgniter\CodeIgniter->tryToRouteIt(null)
 5 SYSTEMPATH\CodeIgniter.php(368): CodeIgniter\CodeIgniter->handleRequest(null, Object(Config\Cache), false)
 6 FCPATH\index.php(67): CodeIgniter\CodeIgniter->run()
CRITICAL - 2023-06-23 20:30:12 --> Undefined variable $router
in APPPATH\Config\Routes.php on line 45.
 1 APPPATH\Config\Routes.php(45): CodeIgniter\Debug\Exceptions->errorHandler(2, 'Undefined variable $router', 'C:\\XAMPP\\htdocs\\SistemaGestionDocumental\\app\\Config\\Routes.php', 45)
 2 SYSTEMPATH\Router\RouteCollection.php(267): require('C:\\XAMPP\\htdocs\\SistemaGestionDocumental\\app\\Config\\Routes.php')
 3 SYSTEMPATH\CodeIgniter.php(802): CodeIgniter\Router\RouteCollection->loadRoutes()
 4 SYSTEMPATH\CodeIgniter.php(449): CodeIgniter\CodeIgniter->tryToRouteIt(null)
 5 SYSTEMPATH\CodeIgniter.php(368): CodeIgniter\CodeIgniter->handleRequest(null, Object(Config\Cache), false)
 6 FCPATH\index.php(67): CodeIgniter\CodeIgniter->run()
CRITICAL - 2023-06-23 20:30:13 --> Undefined variable $router
in APPPATH\Config\Routes.php on line 45.
 1 APPPATH\Config\Routes.php(45): CodeIgniter\Debug\Exceptions->errorHandler(2, 'Undefined variable $router', 'C:\\XAMPP\\htdocs\\SistemaGestionDocumental\\app\\Config\\Routes.php', 45)
 2 SYSTEMPATH\Router\RouteCollection.php(267): require('C:\\XAMPP\\htdocs\\SistemaGestionDocumental\\app\\Config\\Routes.php')
 3 SYSTEMPATH\CodeIgniter.php(802): CodeIgniter\Router\RouteCollection->loadRoutes()
 4 SYSTEMPATH\CodeIgniter.php(449): CodeIgniter\CodeIgniter->tryToRouteIt(null)
 5 SYSTEMPATH\CodeIgniter.php(368): CodeIgniter\CodeIgniter->handleRequest(null, Object(Config\Cache), false)
 6 FCPATH\index.php(67): CodeIgniter\CodeIgniter->run()
CRITICAL - 2023-06-23 20:30:36 --> Undefined variable $router
in APPPATH\Config\Routes.php on line 45.
 1 APPPATH\Config\Routes.php(45): CodeIgniter\Debug\Exceptions->errorHandler(2, 'Undefined variable $router', 'C:\\XAMPP\\htdocs\\SistemaGestionDocumental\\app\\Config\\Routes.php', 45)
 2 SYSTEMPATH\Router\RouteCollection.php(267): require('C:\\XAMPP\\htdocs\\SistemaGestionDocumental\\app\\Config\\Routes.php')
 3 SYSTEMPATH\CodeIgniter.php(802): CodeIgniter\Router\RouteCollection->loadRoutes()
 4 SYSTEMPATH\CodeIgniter.php(449): CodeIgniter\CodeIgniter->tryToRouteIt(null)
 5 SYSTEMPATH\CodeIgniter.php(368): CodeIgniter\CodeIgniter->handleRequest(null, Object(Config\Cache), false)
 6 FCPATH\index.php(67): CodeIgniter\CodeIgniter->run()
CRITICAL - 2023-06-23 20:33:04 --> Undefined variable $router
in APPPATH\Config\Routes.php on line 45.
 1 APPPATH\Config\Routes.php(45): CodeIgniter\Debug\Exceptions->errorHandler(2, 'Undefined variable $router', 'C:\\XAMPP\\htdocs\\SistemaGestionDocumental\\app\\Config\\Routes.php', 45)
 2 SYSTEMPATH\Router\RouteCollection.php(267): require('C:\\XAMPP\\htdocs\\SistemaGestionDocumental\\app\\Config\\Routes.php')
 3 SYSTEMPATH\CodeIgniter.php(802): CodeIgniter\Router\RouteCollection->loadRoutes()
 4 SYSTEMPATH\CodeIgniter.php(449): CodeIgniter\CodeIgniter->tryToRouteIt(null)
 5 SYSTEMPATH\CodeIgniter.php(368): CodeIgniter\CodeIgniter->handleRequest(null, Object(Config\Cache), false)
 6 FCPATH\index.php(67): CodeIgniter\CodeIgniter->run()
CRITICAL - 2023-06-23 20:33:05 --> Undefined variable $router
in APPPATH\Config\Routes.php on line 45.
 1 APPPATH\Config\Routes.php(45): CodeIgniter\Debug\Exceptions->errorHandler(2, 'Undefined variable $router', 'C:\\XAMPP\\htdocs\\SistemaGestionDocumental\\app\\Config\\Routes.php', 45)
 2 SYSTEMPATH\Router\RouteCollection.php(267): require('C:\\XAMPP\\htdocs\\SistemaGestionDocumental\\app\\Config\\Routes.php')
 3 SYSTEMPATH\CodeIgniter.php(802): CodeIgniter\Router\RouteCollection->loadRoutes()
 4 SYSTEMPATH\CodeIgniter.php(449): CodeIgniter\CodeIgniter->tryToRouteIt(null)
 5 SYSTEMPATH\CodeIgniter.php(368): CodeIgniter\CodeIgniter->handleRequest(null, Object(Config\Cache), false)
 6 FCPATH\index.php(67): CodeIgniter\CodeIgniter->run()
CRITICAL - 2023-06-23 20:33:06 --> Undefined variable $router
in APPPATH\Config\Routes.php on line 45.
 1 APPPATH\Config\Routes.php(45): CodeIgniter\Debug\Exceptions->errorHandler(2, 'Undefined variable $router', 'C:\\XAMPP\\htdocs\\SistemaGestionDocumental\\app\\Config\\Routes.php', 45)
 2 SYSTEMPATH\Router\RouteCollection.php(267): require('C:\\XAMPP\\htdocs\\SistemaGestionDocumental\\app\\Config\\Routes.php')
 3 SYSTEMPATH\CodeIgniter.php(802): CodeIgniter\Router\RouteCollection->loadRoutes()
 4 SYSTEMPATH\CodeIgniter.php(449): CodeIgniter\CodeIgniter->tryToRouteIt(null)
 5 SYSTEMPATH\CodeIgniter.php(368): CodeIgniter\CodeIgniter->handleRequest(null, Object(Config\Cache), false)
 6 FCPATH\index.php(67): CodeIgniter\CodeIgniter->run()
CRITICAL - 2023-06-23 20:33:25 --> Undefined variable $router
in APPPATH\Config\Routes.php on line 45.
 1 APPPATH\Config\Routes.php(45): CodeIgniter\Debug\Exceptions->errorHandler(2, 'Undefined variable $router', 'C:\\XAMPP\\htdocs\\SistemaGestionDocumental\\app\\Config\\Routes.php', 45)
 2 SYSTEMPATH\Router\RouteCollection.php(267): require('C:\\XAMPP\\htdocs\\SistemaGestionDocumental\\app\\Config\\Routes.php')
 3 SYSTEMPATH\CodeIgniter.php(802): CodeIgniter\Router\RouteCollection->loadRoutes()
 4 SYSTEMPATH\CodeIgniter.php(449): CodeIgniter\CodeIgniter->tryToRouteIt(null)
 5 SYSTEMPATH\CodeIgniter.php(368): CodeIgniter\CodeIgniter->handleRequest(null, Object(Config\Cache), false)
 6 FCPATH\index.php(67): CodeIgniter\CodeIgniter->run()
CRITICAL - 2023-06-23 20:33:26 --> Undefined variable $router
in APPPATH\Config\Routes.php on line 45.
 1 APPPATH\Config\Routes.php(45): CodeIgniter\Debug\Exceptions->errorHandler(2, 'Undefined variable $router', 'C:\\XAMPP\\htdocs\\SistemaGestionDocumental\\app\\Config\\Routes.php', 45)
 2 SYSTEMPATH\Router\RouteCollection.php(267): require('C:\\XAMPP\\htdocs\\SistemaGestionDocumental\\app\\Config\\Routes.php')
 3 SYSTEMPATH\CodeIgniter.php(802): CodeIgniter\Router\RouteCollection->loadRoutes()
 4 SYSTEMPATH\CodeIgniter.php(449): CodeIgniter\CodeIgniter->tryToRouteIt(null)
 5 SYSTEMPATH\CodeIgniter.php(368): CodeIgniter\CodeIgniter->handleRequest(null, Object(Config\Cache), false)
 6 FCPATH\index.php(67): CodeIgniter\CodeIgniter->run()
CRITICAL - 2023-06-23 20:33:26 --> Undefined variable $router
in APPPATH\Config\Routes.php on line 45.
 1 APPPATH\Config\Routes.php(45): CodeIgniter\Debug\Exceptions->errorHandler(2, 'Undefined variable $router', 'C:\\XAMPP\\htdocs\\SistemaGestionDocumental\\app\\Config\\Routes.php', 45)
 2 SYSTEMPATH\Router\RouteCollection.php(267): require('C:\\XAMPP\\htdocs\\SistemaGestionDocumental\\app\\Config\\Routes.php')
 3 SYSTEMPATH\CodeIgniter.php(802): CodeIgniter\Router\RouteCollection->loadRoutes()
 4 SYSTEMPATH\CodeIgniter.php(449): CodeIgniter\CodeIgniter->tryToRouteIt(null)
 5 SYSTEMPATH\CodeIgniter.php(368): CodeIgniter\CodeIgniter->handleRequest(null, Object(Config\Cache), false)
 6 FCPATH\index.php(67): CodeIgniter\CodeIgniter->run()
CRITICAL - 2023-06-23 20:33:27 --> Undefined variable $router
in APPPATH\Config\Routes.php on line 45.
 1 APPPATH\Config\Routes.php(45): CodeIgniter\Debug\Exceptions->errorHandler(2, 'Undefined variable $router', 'C:\\XAMPP\\htdocs\\SistemaGestionDocumental\\app\\Config\\Routes.php', 45)
 2 SYSTEMPATH\Router\RouteCollection.php(267): require('C:\\XAMPP\\htdocs\\SistemaGestionDocumental\\app\\Config\\Routes.php')
 3 SYSTEMPATH\CodeIgniter.php(802): CodeIgniter\Router\RouteCollection->loadRoutes()
 4 SYSTEMPATH\CodeIgniter.php(449): CodeIgniter\CodeIgniter->tryToRouteIt(null)
 5 SYSTEMPATH\CodeIgniter.php(368): CodeIgniter\CodeIgniter->handleRequest(null, Object(Config\Cache), false)
 6 FCPATH\index.php(67): CodeIgniter\CodeIgniter->run()
CRITICAL - 2023-06-23 20:33:27 --> Undefined variable $router
in APPPATH\Config\Routes.php on line 45.
 1 APPPATH\Config\Routes.php(45): CodeIgniter\Debug\Exceptions->errorHandler(2, 'Undefined variable $router', 'C:\\XAMPP\\htdocs\\SistemaGestionDocumental\\app\\Config\\Routes.php', 45)
 2 SYSTEMPATH\Router\RouteCollection.php(267): require('C:\\XAMPP\\htdocs\\SistemaGestionDocumental\\app\\Config\\Routes.php')
 3 SYSTEMPATH\CodeIgniter.php(802): CodeIgniter\Router\RouteCollection->loadRoutes()
 4 SYSTEMPATH\CodeIgniter.php(449): CodeIgniter\CodeIgniter->tryToRouteIt(null)
 5 SYSTEMPATH\CodeIgniter.php(368): CodeIgniter\CodeIgniter->handleRequest(null, Object(Config\Cache), false)
 6 FCPATH\index.php(67): CodeIgniter\CodeIgniter->run()
CRITICAL - 2023-06-23 20:33:28 --> Undefined variable $router
in APPPATH\Config\Routes.php on line 45.
 1 APPPATH\Config\Routes.php(45): CodeIgniter\Debug\Exceptions->errorHandler(2, 'Undefined variable $router', 'C:\\XAMPP\\htdocs\\SistemaGestionDocumental\\app\\Config\\Routes.php', 45)
 2 SYSTEMPATH\Router\RouteCollection.php(267): require('C:\\XAMPP\\htdocs\\SistemaGestionDocumental\\app\\Config\\Routes.php')
 3 SYSTEMPATH\CodeIgniter.php(802): CodeIgniter\Router\RouteCollection->loadRoutes()
 4 SYSTEMPATH\CodeIgniter.php(449): CodeIgniter\CodeIgniter->tryToRouteIt(null)
 5 SYSTEMPATH\CodeIgniter.php(368): CodeIgniter\CodeIgniter->handleRequest(null, Object(Config\Cache), false)
 6 FCPATH\index.php(67): CodeIgniter\CodeIgniter->run()
CRITICAL - 2023-06-23 20:34:16 --> Undefined variable $router
in APPPATH\Config\Routes.php on line 45.
 1 APPPATH\Config\Routes.php(45): CodeIgniter\Debug\Exceptions->errorHandler(2, 'Undefined variable $router', 'C:\\XAMPP\\htdocs\\SistemaGestionDocumental\\app\\Config\\Routes.php', 45)
 2 SYSTEMPATH\Router\RouteCollection.php(267): require('C:\\XAMPP\\htdocs\\SistemaGestionDocumental\\app\\Config\\Routes.php')
 3 SYSTEMPATH\CodeIgniter.php(802): CodeIgniter\Router\RouteCollection->loadRoutes()
 4 SYSTEMPATH\CodeIgniter.php(449): CodeIgniter\CodeIgniter->tryToRouteIt(null)
 5 SYSTEMPATH\CodeIgniter.php(368): CodeIgniter\CodeIgniter->handleRequest(null, Object(Config\Cache), false)
 6 FCPATH\index.php(67): CodeIgniter\CodeIgniter->run()
CRITICAL - 2023-06-23 20:34:16 --> Undefined variable $router
in APPPATH\Config\Routes.php on line 45.
 1 APPPATH\Config\Routes.php(45): CodeIgniter\Debug\Exceptions->errorHandler(2, 'Undefined variable $router', 'C:\\XAMPP\\htdocs\\SistemaGestionDocumental\\app\\Config\\Routes.php', 45)
 2 SYSTEMPATH\Router\RouteCollection.php(267): require('C:\\XAMPP\\htdocs\\SistemaGestionDocumental\\app\\Config\\Routes.php')
 3 SYSTEMPATH\CodeIgniter.php(802): CodeIgniter\Router\RouteCollection->loadRoutes()
 4 SYSTEMPATH\CodeIgniter.php(449): CodeIgniter\CodeIgniter->tryToRouteIt(null)
 5 SYSTEMPATH\CodeIgniter.php(368): CodeIgniter\CodeIgniter->handleRequest(null, Object(Config\Cache), false)
 6 FCPATH\index.php(67): CodeIgniter\CodeIgniter->run()
CRITICAL - 2023-06-23 20:34:17 --> Undefined variable $router
in APPPATH\Config\Routes.php on line 45.
 1 APPPATH\Config\Routes.php(45): CodeIgniter\Debug\Exceptions->errorHandler(2, 'Undefined variable $router', 'C:\\XAMPP\\htdocs\\SistemaGestionDocumental\\app\\Config\\Routes.php', 45)
 2 SYSTEMPATH\Router\RouteCollection.php(267): require('C:\\XAMPP\\htdocs\\SistemaGestionDocumental\\app\\Config\\Routes.php')
 3 SYSTEMPATH\CodeIgniter.php(802): CodeIgniter\Router\RouteCollection->loadRoutes()
 4 SYSTEMPATH\CodeIgniter.php(449): CodeIgniter\CodeIgniter->tryToRouteIt(null)
 5 SYSTEMPATH\CodeIgniter.php(368): CodeIgniter\CodeIgniter->handleRequest(null, Object(Config\Cache), false)
 6 FCPATH\index.php(67): CodeIgniter\CodeIgniter->run()
CRITICAL - 2023-06-23 20:34:50 --> Undefined variable $router
in APPPATH\Config\Routes.php on line 45.
 1 APPPATH\Config\Routes.php(45): CodeIgniter\Debug\Exceptions->errorHandler(2, 'Undefined variable $router', 'C:\\XAMPP\\htdocs\\SistemaGestionDocumental\\app\\Config\\Routes.php', 45)
 2 SYSTEMPATH\Router\RouteCollection.php(267): require('C:\\XAMPP\\htdocs\\SistemaGestionDocumental\\app\\Config\\Routes.php')
 3 SYSTEMPATH\CodeIgniter.php(802): CodeIgniter\Router\RouteCollection->loadRoutes()
 4 SYSTEMPATH\CodeIgniter.php(449): CodeIgniter\CodeIgniter->tryToRouteIt(null)
 5 SYSTEMPATH\CodeIgniter.php(368): CodeIgniter\CodeIgniter->handleRequest(null, Object(Config\Cache), false)
 6 FCPATH\index.php(67): CodeIgniter\CodeIgniter->run()
CRITICAL - 2023-06-23 20:34:57 --> Undefined variable $router
in APPPATH\Config\Routes.php on line 45.
 1 APPPATH\Config\Routes.php(45): CodeIgniter\Debug\Exceptions->errorHandler(2, 'Undefined variable $router', 'C:\\XAMPP\\htdocs\\SistemaGestionDocumental\\app\\Config\\Routes.php', 45)
 2 SYSTEMPATH\Router\RouteCollection.php(267): require('C:\\XAMPP\\htdocs\\SistemaGestionDocumental\\app\\Config\\Routes.php')
 3 SYSTEMPATH\CodeIgniter.php(802): CodeIgniter\Router\RouteCollection->loadRoutes()
 4 SYSTEMPATH\CodeIgniter.php(449): CodeIgniter\CodeIgniter->tryToRouteIt(null)
 5 SYSTEMPATH\CodeIgniter.php(368): CodeIgniter\CodeIgniter->handleRequest(null, Object(Config\Cache), false)
 6 FCPATH\index.php(67): CodeIgniter\CodeIgniter->run()
CRITICAL - 2023-06-23 22:09:58 --> Undefined variable $tbl_periodo
in APPPATH\Views\DatosEstadisticos\Grados\vista_fe_grad.php on line 37.
 1 APPPATH\Views\DatosEstadisticos\Grados\vista_fe_grad.php(37): CodeIgniter\Debug\Exceptions->errorHandler(2, 'Undefined variable $tbl_periodo', 'C:\\XAMPP\\htdocs\\SistemaGestionDocumental\\app\\Views\\DatosEstadisticos\\Grados\\vista_fe_grad.php', 37)
 2 SYSTEMPATH\View\View.php(213): include('C:\\XAMPP\\htdocs\\SistemaGestionDocumental\\app\\Views\\DatosEstadisticos\\Grados\\vista_fe_grad.php')
 3 SYSTEMPATH\View\View.php(216): CodeIgniter\View\View->CodeIgniter\View\{closure}()
 4 SYSTEMPATH\Common.php(1184): CodeIgniter\View\View->render('/DatosEstadisticos/Grados/vista_fe_grad', [], true)
 5 APPPATH\Controllers\ControladorEstadistico.php(23): view('/DatosEstadisticos/Grados/vista_fe_grad')
 6 SYSTEMPATH\CodeIgniter.php(934): App\Controllers\ControladorEstadistico->filtroEstadisticoGrad()
 7 SYSTEMPATH\CodeIgniter.php(499): CodeIgniter\CodeIgniter->runController(Object(App\Controllers\ControladorEstadistico))
 8 SYSTEMPATH\CodeIgniter.php(368): CodeIgniter\CodeIgniter->handleRequest(null, Object(Config\Cache), false)
 9 FCPATH\index.php(67): CodeIgniter\CodeIgniter->run()
CRITICAL - 2023-06-23 22:16:48 --> Undefined variable $tbl_periodo
in APPPATH\Views\DatosEstadisticos\Grados\vista_fe_grad.php on line 37.
 1 APPPATH\Views\DatosEstadisticos\Grados\vista_fe_grad.php(37): CodeIgniter\Debug\Exceptions->errorHandler(2, 'Undefined variable $tbl_periodo', 'C:\\XAMPP\\htdocs\\SistemaGestionDocumental\\app\\Views\\DatosEstadisticos\\Grados\\vista_fe_grad.php', 37)
 2 SYSTEMPATH\View\View.php(213): include('C:\\XAMPP\\htdocs\\SistemaGestionDocumental\\app\\Views\\DatosEstadisticos\\Grados\\vista_fe_grad.php')
 3 SYSTEMPATH\View\View.php(216): CodeIgniter\View\View->CodeIgniter\View\{closure}()
 4 SYSTEMPATH\Common.php(1184): CodeIgniter\View\View->render('/DatosEstadisticos/Grados/vista_fe_grad', [], true)
 5 APPPATH\Controllers\ControladorEstadistico.php(26): view('/DatosEstadisticos/Grados/vista_fe_grad')
 6 SYSTEMPATH\CodeIgniter.php(934): App\Controllers\ControladorEstadistico->filtroEstadisticoGrad()
 7 SYSTEMPATH\CodeIgniter.php(499): CodeIgniter\CodeIgniter->runController(Object(App\Controllers\ControladorEstadistico))
 8 SYSTEMPATH\CodeIgniter.php(368): CodeIgniter\CodeIgniter->handleRequest(null, Object(Config\Cache), false)
 9 FCPATH\index.php(67): CodeIgniter\CodeIgniter->run()
CRITICAL - 2023-06-23 22:16:49 --> Undefined variable $tbl_periodo
in APPPATH\Views\DatosEstadisticos\Grados\vista_fe_grad.php on line 37.
 1 APPPATH\Views\DatosEstadisticos\Grados\vista_fe_grad.php(37): CodeIgniter\Debug\Exceptions->errorHandler(2, 'Undefined variable $tbl_periodo', 'C:\\XAMPP\\htdocs\\SistemaGestionDocumental\\app\\Views\\DatosEstadisticos\\Grados\\vista_fe_grad.php', 37)
 2 SYSTEMPATH\View\View.php(213): include('C:\\XAMPP\\htdocs\\SistemaGestionDocumental\\app\\Views\\DatosEstadisticos\\Grados\\vista_fe_grad.php')
 3 SYSTEMPATH\View\View.php(216): CodeIgniter\View\View->CodeIgniter\View\{closure}()
 4 SYSTEMPATH\Common.php(1184): CodeIgniter\View\View->render('/DatosEstadisticos/Grados/vista_fe_grad', [], true)
 5 APPPATH\Controllers\ControladorEstadistico.php(26): view('/DatosEstadisticos/Grados/vista_fe_grad')
 6 SYSTEMPATH\CodeIgniter.php(934): App\Controllers\ControladorEstadistico->filtroEstadisticoGrad()
 7 SYSTEMPATH\CodeIgniter.php(499): CodeIgniter\CodeIgniter->runController(Object(App\Controllers\ControladorEstadistico))
 8 SYSTEMPATH\CodeIgniter.php(368): CodeIgniter\CodeIgniter->handleRequest(null, Object(Config\Cache), false)
 9 FCPATH\index.php(67): CodeIgniter\CodeIgniter->run()
CRITICAL - 2023-06-23 22:17:21 --> Undefined variable $tbl_periodo
in APPPATH\Views\DatosEstadisticos\Grados\vista_fe_grad.php on line 37.
 1 APPPATH\Views\DatosEstadisticos\Grados\vista_fe_grad.php(37): CodeIgniter\Debug\Exceptions->errorHandler(2, 'Undefined variable $tbl_periodo', 'C:\\XAMPP\\htdocs\\SistemaGestionDocumental\\app\\Views\\DatosEstadisticos\\Grados\\vista_fe_grad.php', 37)
 2 SYSTEMPATH\View\View.php(213): include('C:\\XAMPP\\htdocs\\SistemaGestionDocumental\\app\\Views\\DatosEstadisticos\\Grados\\vista_fe_grad.php')
 3 SYSTEMPATH\View\View.php(216): CodeIgniter\View\View->CodeIgniter\View\{closure}()
 4 SYSTEMPATH\Common.php(1184): CodeIgniter\View\View->render('/DatosEstadisticos/Grados/vista_fe_grad', [], true)
 5 APPPATH\Controllers\ControladorEstadistico.php(26): view('/DatosEstadisticos/Grados/vista_fe_grad')
 6 SYSTEMPATH\CodeIgniter.php(934): App\Controllers\ControladorEstadistico->filtroEstadisticoGrad()
 7 SYSTEMPATH\CodeIgniter.php(499): CodeIgniter\CodeIgniter->runController(Object(App\Controllers\ControladorEstadistico))
 8 SYSTEMPATH\CodeIgniter.php(368): CodeIgniter\CodeIgniter->handleRequest(null, Object(Config\Cache), false)
 9 FCPATH\index.php(67): CodeIgniter\CodeIgniter->run()
CRITICAL - 2023-06-23 22:17:22 --> Undefined variable $tbl_periodo
in APPPATH\Views\DatosEstadisticos\Grados\vista_fe_grad.php on line 37.
 1 APPPATH\Views\DatosEstadisticos\Grados\vista_fe_grad.php(37): CodeIgniter\Debug\Exceptions->errorHandler(2, 'Undefined variable $tbl_periodo', 'C:\\XAMPP\\htdocs\\SistemaGestionDocumental\\app\\Views\\DatosEstadisticos\\Grados\\vista_fe_grad.php', 37)
 2 SYSTEMPATH\View\View.php(213): include('C:\\XAMPP\\htdocs\\SistemaGestionDocumental\\app\\Views\\DatosEstadisticos\\Grados\\vista_fe_grad.php')
 3 SYSTEMPATH\View\View.php(216): CodeIgniter\View\View->CodeIgniter\View\{closure}()
 4 SYSTEMPATH\Common.php(1184): CodeIgniter\View\View->render('/DatosEstadisticos/Grados/vista_fe_grad', [], true)
 5 APPPATH\Controllers\ControladorEstadistico.php(26): view('/DatosEstadisticos/Grados/vista_fe_grad')
 6 SYSTEMPATH\CodeIgniter.php(934): App\Controllers\ControladorEstadistico->filtroEstadisticoGrad()
 7 SYSTEMPATH\CodeIgniter.php(499): CodeIgniter\CodeIgniter->runController(Object(App\Controllers\ControladorEstadistico))
 8 SYSTEMPATH\CodeIgniter.php(368): CodeIgniter\CodeIgniter->handleRequest(null, Object(Config\Cache), false)
 9 FCPATH\index.php(67): CodeIgniter\CodeIgniter->run()
CRITICAL - 2023-06-23 22:17:23 --> Undefined variable $tbl_periodo
in APPPATH\Views\DatosEstadisticos\Grados\vista_fe_grad.php on line 37.
 1 APPPATH\Views\DatosEstadisticos\Grados\vista_fe_grad.php(37): CodeIgniter\Debug\Exceptions->errorHandler(2, 'Undefined variable $tbl_periodo', 'C:\\XAMPP\\htdocs\\SistemaGestionDocumental\\app\\Views\\DatosEstadisticos\\Grados\\vista_fe_grad.php', 37)
 2 SYSTEMPATH\View\View.php(213): include('C:\\XAMPP\\htdocs\\SistemaGestionDocumental\\app\\Views\\DatosEstadisticos\\Grados\\vista_fe_grad.php')
 3 SYSTEMPATH\View\View.php(216): CodeIgniter\View\View->CodeIgniter\View\{closure}()
 4 SYSTEMPATH\Common.php(1184): CodeIgniter\View\View->render('/DatosEstadisticos/Grados/vista_fe_grad', [], true)
 5 APPPATH\Controllers\ControladorEstadistico.php(26): view('/DatosEstadisticos/Grados/vista_fe_grad')
 6 SYSTEMPATH\CodeIgniter.php(934): App\Controllers\ControladorEstadistico->filtroEstadisticoGrad()
 7 SYSTEMPATH\CodeIgniter.php(499): CodeIgniter\CodeIgniter->runController(Object(App\Controllers\ControladorEstadistico))
 8 SYSTEMPATH\CodeIgniter.php(368): CodeIgniter\CodeIgniter->handleRequest(null, Object(Config\Cache), false)
 9 FCPATH\index.php(67): CodeIgniter\CodeIgniter->run()
CRITICAL - 2023-06-23 22:17:23 --> Undefined variable $tbl_periodo
in APPPATH\Views\DatosEstadisticos\Grados\vista_fe_grad.php on line 37.
 1 APPPATH\Views\DatosEstadisticos\Grados\vista_fe_grad.php(37): CodeIgniter\Debug\Exceptions->errorHandler(2, 'Undefined variable $tbl_periodo', 'C:\\XAMPP\\htdocs\\SistemaGestionDocumental\\app\\Views\\DatosEstadisticos\\Grados\\vista_fe_grad.php', 37)
 2 SYSTEMPATH\View\View.php(213): include('C:\\XAMPP\\htdocs\\SistemaGestionDocumental\\app\\Views\\DatosEstadisticos\\Grados\\vista_fe_grad.php')
 3 SYSTEMPATH\View\View.php(216): CodeIgniter\View\View->CodeIgniter\View\{closure}()
 4 SYSTEMPATH\Common.php(1184): CodeIgniter\View\View->render('/DatosEstadisticos/Grados/vista_fe_grad', [], true)
 5 APPPATH\Controllers\ControladorEstadistico.php(26): view('/DatosEstadisticos/Grados/vista_fe_grad')
 6 SYSTEMPATH\CodeIgniter.php(934): App\Controllers\ControladorEstadistico->filtroEstadisticoGrad()
 7 SYSTEMPATH\CodeIgniter.php(499): CodeIgniter\CodeIgniter->runController(Object(App\Controllers\ControladorEstadistico))
 8 SYSTEMPATH\CodeIgniter.php(368): CodeIgniter\CodeIgniter->handleRequest(null, Object(Config\Cache), false)
 9 FCPATH\index.php(67): CodeIgniter\CodeIgniter->run()
CRITICAL - 2023-06-23 22:17:23 --> Undefined variable $tbl_periodo
in APPPATH\Views\DatosEstadisticos\Grados\vista_fe_grad.php on line 37.
 1 APPPATH\Views\DatosEstadisticos\Grados\vista_fe_grad.php(37): CodeIgniter\Debug\Exceptions->errorHandler(2, 'Undefined variable $tbl_periodo', 'C:\\XAMPP\\htdocs\\SistemaGestionDocumental\\app\\Views\\DatosEstadisticos\\Grados\\vista_fe_grad.php', 37)
 2 SYSTEMPATH\View\View.php(213): include('C:\\XAMPP\\htdocs\\SistemaGestionDocumental\\app\\Views\\DatosEstadisticos\\Grados\\vista_fe_grad.php')
 3 SYSTEMPATH\View\View.php(216): CodeIgniter\View\View->CodeIgniter\View\{closure}()
 4 SYSTEMPATH\Common.php(1184): CodeIgniter\View\View->render('/DatosEstadisticos/Grados/vista_fe_grad', [], true)
 5 APPPATH\Controllers\ControladorEstadistico.php(26): view('/DatosEstadisticos/Grados/vista_fe_grad')
 6 SYSTEMPATH\CodeIgniter.php(934): App\Controllers\ControladorEstadistico->filtroEstadisticoGrad()
 7 SYSTEMPATH\CodeIgniter.php(499): CodeIgniter\CodeIgniter->runController(Object(App\Controllers\ControladorEstadistico))
 8 SYSTEMPATH\CodeIgniter.php(368): CodeIgniter\CodeIgniter->handleRequest(null, Object(Config\Cache), false)
 9 FCPATH\index.php(67): CodeIgniter\CodeIgniter->run()
