CRITICAL - 2023-09-11 13:15:39 --> syntax error, unexpected token ")"
in APPPATH\Controllers\ControladorCalendario.php on line 42.
 1 SYSTEMPATH\Autoloader\Autoloader.php(289): CodeIgniter\Autoloader\Autoloader->includeFile('C:\\XAMPP\\htdocs\\SistemaGestionDocumental\\app\\Controllers\\ControladorCalendario.php')
 2 SYSTEMPATH\Autoloader\Autoloader.php(267): CodeIgniter\Autoloader\Autoloader->loadInNamespace('App\\Controllers\\ControladorCalendario')
 3 [internal function]: CodeIgniter\Autoloader\Autoloader->loadClass('App\\Controllers\\ControladorCalendario')
 4 SYSTEMPATH\CodeIgniter.php(892): class_exists('\\App\\Controllers\\ControladorCalendario', true)
 5 SYSTEMPATH\CodeIgniter.php(486): CodeIgniter\CodeIgniter->startController()
 6 SYSTEMPATH\CodeIgniter.php(368): CodeIgniter\CodeIgniter->handleRequest(null, Object(Config\Cache), false)
 7 FCPATH\index.php(67): CodeIgniter\CodeIgniter->run()
CRITICAL - 2023-09-11 13:56:47 --> unlink(C:\XAMPP\htdocs\SistemaGestionDocumental\writable\debugbar/debugbar_1694440388.949719.json): No such file or directory
in SYSTEMPATH\Debug\Toolbar\Collectors\History.php on line 76.
 1 [internal function]: CodeIgniter\Debug\Exceptions->errorHandler(2, 'unlink(C:\\XAMPP\\htdocs\\SistemaGestionDocumental\\writable\\debugbar/debugbar_1694440388.949719.json): No such file or directory', 'C:\\XAMPP\\htdocs\\SistemaGestionDocumental\\system\\Debug\\Toolbar\\Collectors\\History.php', 76)
 2 SYSTEMPATH\Debug\Toolbar\Collectors\History.php(76): unlink('C:\\XAMPP\\htdocs\\SistemaGestionDocumental\\writable\\debugbar/debugbar_1694440388.949719.json')
 3 SYSTEMPATH\Debug\Toolbar.php(497): CodeIgniter\Debug\Toolbar\Collectors\History->setFiles('1694440606.088758', 20)
 4 SYSTEMPATH\Debug\Toolbar.php(474): CodeIgniter\Debug\Toolbar->format([...], 'html')
 5 APPPATH\Config\Events.php(46): CodeIgniter\Debug\Toolbar->respond()
 6 SYSTEMPATH\Events\Events.php(149): CodeIgniter\Events\Events::Config\{closure}()
 7 SYSTEMPATH\CodeIgniter.php(350): CodeIgniter\Events\Events::trigger('pre_system')
 8 FCPATH\index.php(67): CodeIgniter\CodeIgniter->run()
CRITICAL - 2023-09-11 13:56:47 --> unlink(C:\XAMPP\htdocs\SistemaGestionDocumental\writable\debugbar/debugbar_1694440408.860420.json): No such file or directory
in SYSTEMPATH\Debug\Toolbar\Collectors\History.php on line 76.
 1 [internal function]: CodeIgniter\Debug\Exceptions->errorHandler(2, 'unlink(C:\\XAMPP\\htdocs\\SistemaGestionDocumental\\writable\\debugbar/debugbar_1694440408.860420.json): No such file or directory', 'C:\\XAMPP\\htdocs\\SistemaGestionDocumental\\system\\Debug\\Toolbar\\Collectors\\History.php', 76)
 2 SYSTEMPATH\Debug\Toolbar\Collectors\History.php(76): unlink('C:\\XAMPP\\htdocs\\SistemaGestionDocumental\\writable\\debugbar/debugbar_1694440408.860420.json')
 3 SYSTEMPATH\Debug\Toolbar.php(497): CodeIgniter\Debug\Toolbar\Collectors\History->setFiles('1694440606.842381', 20)
 4 SYSTEMPATH\Debug\Toolbar.php(474): CodeIgniter\Debug\Toolbar->format([...], 'html')
 5 APPPATH\Config\Events.php(46): CodeIgniter\Debug\Toolbar->respond()
 6 SYSTEMPATH\Events\Events.php(149): CodeIgniter\Events\Events::Config\{closure}()
 7 SYSTEMPATH\CodeIgniter.php(350): CodeIgniter\Events\Events::trigger('pre_system')
 8 FCPATH\index.php(67): CodeIgniter\CodeIgniter->run()
CRITICAL - 2023-09-11 13:56:47 --> unlink(C:\XAMPP\htdocs\SistemaGestionDocumental\writable\debugbar/debugbar_1694440409.531521.json): No such file or directory
in SYSTEMPATH\Debug\Toolbar\Collectors\History.php on line 76.
 1 [internal function]: CodeIgniter\Debug\Exceptions->errorHandler(2, 'unlink(C:\\XAMPP\\htdocs\\SistemaGestionDocumental\\writable\\debugbar/debugbar_1694440409.531521.json): No such file or directory', 'C:\\XAMPP\\htdocs\\SistemaGestionDocumental\\system\\Debug\\Toolbar\\Collectors\\History.php', 76)
 2 SYSTEMPATH\Debug\Toolbar\Collectors\History.php(76): unlink('C:\\XAMPP\\htdocs\\SistemaGestionDocumental\\writable\\debugbar/debugbar_1694440409.531521.json')
 3 SYSTEMPATH\Debug\Toolbar.php(497): CodeIgniter\Debug\Toolbar\Collectors\History->setFiles('1694440606.520671', 20)
 4 SYSTEMPATH\Debug\Toolbar.php(474): CodeIgniter\Debug\Toolbar->format([...], 'html')
 5 APPPATH\Config\Events.php(46): CodeIgniter\Debug\Toolbar->respond()
 6 SYSTEMPATH\Events\Events.php(149): CodeIgniter\Events\Events::Config\{closure}()
 7 SYSTEMPATH\CodeIgniter.php(350): CodeIgniter\Events\Events::trigger('pre_system')
 8 FCPATH\index.php(67): CodeIgniter\CodeIgniter->run()
CRITICAL - 2023-09-11 17:35:02 --> Too few arguments to function App\Controllers\ControladorCalendario::verPeriodo(), 2 passed in C:\XAMPP\htdocs\SistemaGestionDocumental\system\CodeIgniter.php on line 934 and exactly 3 expected
in APPPATH\Controllers\ControladorCalendario.php on line 58.
 1 SYSTEMPATH\CodeIgniter.php(934): App\Controllers\ControladorCalendario->verPeriodo('POSGRADO', '2019-2020')
 2 SYSTEMPATH\CodeIgniter.php(499): CodeIgniter\CodeIgniter->runController(Object(App\Controllers\ControladorCalendario))
 3 SYSTEMPATH\CodeIgniter.php(368): CodeIgniter\CodeIgniter->handleRequest(null, Object(Config\Cache), false)
 4 FCPATH\index.php(67): CodeIgniter\CodeIgniter->run()
CRITICAL - 2023-09-11 17:35:05 --> Too few arguments to function App\Controllers\ControladorCalendario::verPeriodo(), 2 passed in C:\XAMPP\htdocs\SistemaGestionDocumental\system\CodeIgniter.php on line 934 and exactly 3 expected
in APPPATH\Controllers\ControladorCalendario.php on line 58.
 1 SYSTEMPATH\CodeIgniter.php(934): App\Controllers\ControladorCalendario->verPeriodo('POSGRADO', '2019-2020')
 2 SYSTEMPATH\CodeIgniter.php(499): CodeIgniter\CodeIgniter->runController(Object(App\Controllers\ControladorCalendario))
 3 SYSTEMPATH\CodeIgniter.php(368): CodeIgniter\CodeIgniter->handleRequest(null, Object(Config\Cache), false)
 4 FCPATH\index.php(67): CodeIgniter\CodeIgniter->run()
CRITICAL - 2023-09-11 17:35:11 --> Too few arguments to function App\Controllers\ControladorCalendario::verPeriodo(), 2 passed in C:\XAMPP\htdocs\SistemaGestionDocumental\system\CodeIgniter.php on line 934 and exactly 3 expected
in APPPATH\Controllers\ControladorCalendario.php on line 58.
 1 SYSTEMPATH\CodeIgniter.php(934): App\Controllers\ControladorCalendario->verPeriodo('POSGRADO', '2017-2018')
 2 SYSTEMPATH\CodeIgniter.php(499): CodeIgniter\CodeIgniter->runController(Object(App\Controllers\ControladorCalendario))
 3 SYSTEMPATH\CodeIgniter.php(368): CodeIgniter\CodeIgniter->handleRequest(null, Object(Config\Cache), false)
 4 FCPATH\index.php(67): CodeIgniter\CodeIgniter->run()
CRITICAL - 2023-09-11 17:37:02 --> Too few arguments to function App\Controllers\ControladorCalendario::verPeriodo(), 2 passed in C:\XAMPP\htdocs\SistemaGestionDocumental\system\CodeIgniter.php on line 934 and exactly 3 expected
in APPPATH\Controllers\ControladorCalendario.php on line 58.
 1 SYSTEMPATH\CodeIgniter.php(934): App\Controllers\ControladorCalendario->verPeriodo('POSGRADO', '2019-2020')
 2 SYSTEMPATH\CodeIgniter.php(499): CodeIgniter\CodeIgniter->runController(Object(App\Controllers\ControladorCalendario))
 3 SYSTEMPATH\CodeIgniter.php(368): CodeIgniter\CodeIgniter->handleRequest(null, Object(Config\Cache), false)
 4 FCPATH\index.php(67): CodeIgniter\CodeIgniter->run()
CRITICAL - 2023-09-11 17:37:16 --> Too few arguments to function App\Controllers\ControladorCalendario::verPeriodo(), 2 passed in C:\XAMPP\htdocs\SistemaGestionDocumental\system\CodeIgniter.php on line 934 and exactly 3 expected
in APPPATH\Controllers\ControladorCalendario.php on line 58.
 1 SYSTEMPATH\CodeIgniter.php(934): App\Controllers\ControladorCalendario->verPeriodo('POSGRADO', '2019-2020')
 2 SYSTEMPATH\CodeIgniter.php(499): CodeIgniter\CodeIgniter->runController(Object(App\Controllers\ControladorCalendario))
 3 SYSTEMPATH\CodeIgniter.php(368): CodeIgniter\CodeIgniter->handleRequest(null, Object(Config\Cache), false)
 4 FCPATH\index.php(67): CodeIgniter\CodeIgniter->run()
CRITICAL - 2023-09-11 17:53:00 --> syntax error, unexpected token "<"
in APPPATH\Views\calendarioAcademico\verPeriodo.php on line 68.
 1 SYSTEMPATH\View\View.php(216): CodeIgniter\View\View->CodeIgniter\View\{closure}()
 2 SYSTEMPATH\Common.php(1184): CodeIgniter\View\View->render('calendarioAcademico/verPeriodo', [], true)
 3 APPPATH\Controllers\ControladorCalendario.php(101): view('calendarioAcademico/verPeriodo', [...])
 4 SYSTEMPATH\CodeIgniter.php(934): App\Controllers\ControladorCalendario->verPeriodo('PREGRADO', '2014-2015')
 5 SYSTEMPATH\CodeIgniter.php(499): CodeIgniter\CodeIgniter->runController(Object(App\Controllers\ControladorCalendario))
 6 SYSTEMPATH\CodeIgniter.php(368): CodeIgniter\CodeIgniter->handleRequest(null, Object(Config\Cache), false)
 7 FCPATH\index.php(67): CodeIgniter\CodeIgniter->run()
CRITICAL - 2023-09-11 20:40:30 --> syntax error, unexpected token "}"
in APPPATH\Controllers\ControladorCalendario.php on line 154.
 1 SYSTEMPATH\Autoloader\Autoloader.php(289): CodeIgniter\Autoloader\Autoloader->includeFile('C:\\XAMPP\\htdocs\\SistemaGestionDocumental\\app\\Controllers\\ControladorCalendario.php')
 2 SYSTEMPATH\Autoloader\Autoloader.php(267): CodeIgniter\Autoloader\Autoloader->loadInNamespace('App\\Controllers\\ControladorCalendario')
 3 [internal function]: CodeIgniter\Autoloader\Autoloader->loadClass('App\\Controllers\\ControladorCalendario')
 4 SYSTEMPATH\CodeIgniter.php(892): class_exists('\\App\\Controllers\\ControladorCalendario', true)
 5 SYSTEMPATH\CodeIgniter.php(486): CodeIgniter\CodeIgniter->startController()
 6 SYSTEMPATH\CodeIgniter.php(368): CodeIgniter\CodeIgniter->handleRequest(null, Object(Config\Cache), false)
 7 FCPATH\index.php(67): CodeIgniter\CodeIgniter->run()
