ERROR - 2023-12-01 04:54:08 --> mysqli_sql_exception: Table 'gestion_documental.tbl_carrera' doesn't exist in /var/www/html/system/Database/MySQLi/Connection.php:295
Stack trace:
#0 /var/www/html/system/Database/MySQLi/Connection.php(295): mysqli->query('SELECT *\nFROM `...', 0)
#1 /var/www/html/system/Database/BaseConnection.php(692): CodeIgniter\Database\MySQLi\Connection->execute('SELECT *\nFROM `...')
#2 /var/www/html/system/Database/BaseConnection.php(606): CodeIgniter\Database\BaseConnection->simpleQuery('SELECT *\nFROM `...')
#3 /var/www/html/system/Database/BaseBuilder.php(1616): CodeIgniter\Database\BaseConnection->query('SELECT *\nFROM `...', Array, false)
#4 /var/www/html/system/Model.php(241): CodeIgniter\Database\BaseBuilder->get()
#5 /var/www/html/system/BaseModel.php(618): CodeIgniter\Model->doFindAll(0, 0)
#6 /var/www/html/app/Models/ModelFEescuelas.php(41): CodeIgniter\BaseModel->findAll()
#7 /var/www/html/app/Views/DatosEstadisticos/PosGrados/vista_fe_posgrad.php(44): App\Models\ModelFEescuelas->contarEscuelasPosgrado()
#8 /var/www/html/system/View/View.php(213): include('/var/www/html/a...')
#9 /var/www/html/system/View/View.php(216): CodeIgniter\View\View->CodeIgniter\View\{closure}()
#10 /var/www/html/system/Common.php(1184): CodeIgniter\View\View->render('/DatosEstadisti...', Array, true)
#11 /var/www/html/app/Controllers/ControladorEstadistico.php(94): view('/DatosEstadisti...')
#12 /var/www/html/system/CodeIgniter.php(934): App\Controllers\ControladorEstadistico->filtroEstadisticoPosgrado()
#13 /var/www/html/system/CodeIgniter.php(499): CodeIgniter\CodeIgniter->runController(Object(App\Controllers\ControladorEstadistico))
#14 /var/www/html/system/CodeIgniter.php(368): CodeIgniter\CodeIgniter->handleRequest(NULL, Object(Config\Cache), false)
#15 /var/www/html/index.php(67): CodeIgniter\CodeIgniter->run()
#16 {main}
CRITICAL - 2023-12-01 04:54:08 --> Table 'gestion_documental.tbl_carrera' doesn't exist
in SYSTEMPATH/Database/MySQLi/Connection.php on line 295.
 1 SYSTEMPATH/Database/MySQLi/Connection.php(295): mysqli->query('SELECT *
FROM `tbl_carrera`
WHERE `CTIP_ID` = 2
AND `CAR_ESCUELA` = 1', 0)
 2 SYSTEMPATH/Database/BaseConnection.php(692): CodeIgniter\Database\MySQLi\Connection->execute('SELECT *
FROM `tbl_carrera`
WHERE `CTIP_ID` = 2
AND `CAR_ESCUELA` = 1')
 3 SYSTEMPATH/Database/BaseConnection.php(606): CodeIgniter\Database\BaseConnection->simpleQuery('SELECT *
FROM `tbl_carrera`
WHERE `CTIP_ID` = 2
AND `CAR_ESCUELA` = 1')
 4 SYSTEMPATH/Database/BaseBuilder.php(1616): CodeIgniter\Database\BaseConnection->query('SELECT *
FROM `tbl_carrera`
WHERE `CTIP_ID` = :CTIP_ID:
AND `CAR_ESCUELA` = :CAR_ESCUELA:', [...], false)
 5 SYSTEMPATH/Model.php(241): CodeIgniter\Database\BaseBuilder->get()
 6 SYSTEMPATH/BaseModel.php(618): CodeIgniter\Model->doFindAll(0, 0)
 7 APPPATH/Models/ModelFEescuelas.php(41): CodeIgniter\BaseModel->findAll()
 8 APPPATH/Views/DatosEstadisticos/PosGrados/vista_fe_posgrad.php(44): App\Models\ModelFEescuelas->contarEscuelasPosgrado()
 9 SYSTEMPATH/View/View.php(213): include('/var/www/html/app/Views/DatosEstadisticos/PosGrados/vista_fe_posgrad.php')
10 SYSTEMPATH/View/View.php(216): CodeIgniter\View\View->CodeIgniter\View\{closure}()
11 SYSTEMPATH/Common.php(1184): CodeIgniter\View\View->render('/DatosEstadisticos/PosGrados/vista_fe_posgrad', [], true)
12 APPPATH/Controllers/ControladorEstadistico.php(94): view('/DatosEstadisticos/PosGrados/vista_fe_posgrad')
13 SYSTEMPATH/CodeIgniter.php(934): App\Controllers\ControladorEstadistico->filtroEstadisticoPosgrado()
14 SYSTEMPATH/CodeIgniter.php(499): CodeIgniter\CodeIgniter->runController(Object(App\Controllers\ControladorEstadistico))
15 SYSTEMPATH/CodeIgniter.php(368): CodeIgniter\CodeIgniter->handleRequest(null, Object(Config\Cache), false)
16 FCPATH/index.php(67): CodeIgniter\CodeIgniter->run()
ERROR - 2023-12-01 04:54:18 --> mysqli_sql_exception: Table 'gestion_documental.tbl_carrera' doesn't exist in /var/www/html/system/Database/MySQLi/Connection.php:295
Stack trace:
#0 /var/www/html/system/Database/MySQLi/Connection.php(295): mysqli->query('SELECT *\nFROM `...', 0)
#1 /var/www/html/system/Database/BaseConnection.php(692): CodeIgniter\Database\MySQLi\Connection->execute('SELECT *\nFROM `...')
#2 /var/www/html/system/Database/BaseConnection.php(606): CodeIgniter\Database\BaseConnection->simpleQuery('SELECT *\nFROM `...')
#3 /var/www/html/system/Database/BaseBuilder.php(1616): CodeIgniter\Database\BaseConnection->query('SELECT *\nFROM `...', Array, false)
#4 /var/www/html/system/Model.php(241): CodeIgniter\Database\BaseBuilder->get()
#5 /var/www/html/system/BaseModel.php(618): CodeIgniter\Model->doFindAll(0, 0)
#6 /var/www/html/app/Models/ModelFEescuelas.php(19): CodeIgniter\BaseModel->findAll()
#7 /var/www/html/app/Views/DatosEstadisticos/Grados/vista_fe_grad.php(46): App\Models\ModelFEescuelas->contarEscuelasGrado()
#8 /var/www/html/system/View/View.php(213): include('/var/www/html/a...')
#9 /var/www/html/system/View/View.php(216): CodeIgniter\View\View->CodeIgniter\View\{closure}()
#10 /var/www/html/system/Common.php(1184): CodeIgniter\View\View->render('/DatosEstadisti...', Array, true)
#11 /var/www/html/app/Controllers/ControladorEstadistico.php(36): view('/DatosEstadisti...')
#12 /var/www/html/system/CodeIgniter.php(934): App\Controllers\ControladorEstadistico->filtroEstadisticoGrad()
#13 /var/www/html/system/CodeIgniter.php(499): CodeIgniter\CodeIgniter->runController(Object(App\Controllers\ControladorEstadistico))
#14 /var/www/html/system/CodeIgniter.php(368): CodeIgniter\CodeIgniter->handleRequest(NULL, Object(Config\Cache), false)
#15 /var/www/html/index.php(67): CodeIgniter\CodeIgniter->run()
#16 {main}
CRITICAL - 2023-12-01 04:54:18 --> Table 'gestion_documental.tbl_carrera' doesn't exist
in SYSTEMPATH/Database/MySQLi/Connection.php on line 295.
 1 SYSTEMPATH/Database/MySQLi/Connection.php(295): mysqli->query('SELECT *
FROM `tbl_carrera`
WHERE `CTIP_ID` = 2
AND `CAR_ESCUELA` = 1', 0)
 2 SYSTEMPATH/Database/BaseConnection.php(692): CodeIgniter\Database\MySQLi\Connection->execute('SELECT *
FROM `tbl_carrera`
WHERE `CTIP_ID` = 2
AND `CAR_ESCUELA` = 1')
 3 SYSTEMPATH/Database/BaseConnection.php(606): CodeIgniter\Database\BaseConnection->simpleQuery('SELECT *
FROM `tbl_carrera`
WHERE `CTIP_ID` = 2
AND `CAR_ESCUELA` = 1')
 4 SYSTEMPATH/Database/BaseBuilder.php(1616): CodeIgniter\Database\BaseConnection->query('SELECT *
FROM `tbl_carrera`
WHERE `CTIP_ID` = :CTIP_ID:
AND `CAR_ESCUELA` = :CAR_ESCUELA:', [...], false)
 5 SYSTEMPATH/Model.php(241): CodeIgniter\Database\BaseBuilder->get()
 6 SYSTEMPATH/BaseModel.php(618): CodeIgniter\Model->doFindAll(0, 0)
 7 APPPATH/Models/ModelFEescuelas.php(19): CodeIgniter\BaseModel->findAll()
 8 APPPATH/Views/DatosEstadisticos/Grados/vista_fe_grad.php(46): App\Models\ModelFEescuelas->contarEscuelasGrado()
 9 SYSTEMPATH/View/View.php(213): include('/var/www/html/app/Views/DatosEstadisticos/Grados/vista_fe_grad.php')
10 SYSTEMPATH/View/View.php(216): CodeIgniter\View\View->CodeIgniter\View\{closure}()
11 SYSTEMPATH/Common.php(1184): CodeIgniter\View\View->render('/DatosEstadisticos/Grados/vista_fe_grad', [], true)
12 APPPATH/Controllers/ControladorEstadistico.php(36): view('/DatosEstadisticos/Grados/vista_fe_grad')
13 SYSTEMPATH/CodeIgniter.php(934): App\Controllers\ControladorEstadistico->filtroEstadisticoGrad()
14 SYSTEMPATH/CodeIgniter.php(499): CodeIgniter\CodeIgniter->runController(Object(App\Controllers\ControladorEstadistico))
15 SYSTEMPATH/CodeIgniter.php(368): CodeIgniter\CodeIgniter->handleRequest(null, Object(Config\Cache), false)
16 FCPATH/index.php(67): CodeIgniter\CodeIgniter->run()
