CRITICAL - 2023-08-28 13:58:38 --> Undefined variable $tbl_periodo
in APPPATH\Views\graficasEstadisticas\tecnologia\fechas\vistaTecFechaMatrBusqueda.php on line 39.
 1 APPPATH\Views\graficasEstadisticas\tecnologia\fechas\vistaTecFechaMatrBusqueda.php(39): CodeIgniter\Debug\Exceptions->errorHandler(2, 'Undefined variable $tbl_periodo', 'C:\\XAMPP\\htdocs\\SistemaGestionDocumental\\app\\Views\\graficasEstadisticas\\tecnologia\\fechas\\vistaTecFechaMatrBusqueda.php', 39)
 2 SYSTEMPATH\View\View.php(213): include('C:\\XAMPP\\htdocs\\SistemaGestionDocumental\\app\\Views\\graficasEstadisticas\\tecnologia\\fechas\\vistaTecFechaMatrBusqueda.php')
 3 SYSTEMPATH\View\View.php(216): CodeIgniter\View\View->CodeIgniter\View\{closure}()
 4 SYSTEMPATH\Common.php(1184): CodeIgniter\View\View->render('/graficasEstadisticas/tecnologia/fechas/vistaTecFechaMatrBusqueda', [], true)
 5 APPPATH\Controllers\ControladorReportes.php(409): view('/graficasEstadisticas/tecnologia/fechas/vistaTecFechaMatrBusqueda', [...])
 6 SYSTEMPATH\CodeIgniter.php(934): App\Controllers\ControladorReportes->reporteFechaMatriculadosTecnologiaBusqueda()
 7 SYSTEMPATH\CodeIgniter.php(499): CodeIgniter\CodeIgniter->runController(Object(App\Controllers\ControladorReportes))
 8 SYSTEMPATH\CodeIgniter.php(368): CodeIgniter\CodeIgniter->handleRequest(null, Object(Config\Cache), false)
 9 FCPATH\index.php(67): CodeIgniter\CodeIgniter->run()
CRITICAL - 2023-08-28 13:58:41 --> Undefined variable $tbl_periodo
in APPPATH\Views\graficasEstadisticas\tecnologia\fechas\vistaTecFechaMatrBusqueda.php on line 39.
 1 APPPATH\Views\graficasEstadisticas\tecnologia\fechas\vistaTecFechaMatrBusqueda.php(39): CodeIgniter\Debug\Exceptions->errorHandler(2, 'Undefined variable $tbl_periodo', 'C:\\XAMPP\\htdocs\\SistemaGestionDocumental\\app\\Views\\graficasEstadisticas\\tecnologia\\fechas\\vistaTecFechaMatrBusqueda.php', 39)
 2 SYSTEMPATH\View\View.php(213): include('C:\\XAMPP\\htdocs\\SistemaGestionDocumental\\app\\Views\\graficasEstadisticas\\tecnologia\\fechas\\vistaTecFechaMatrBusqueda.php')
 3 SYSTEMPATH\View\View.php(216): CodeIgniter\View\View->CodeIgniter\View\{closure}()
 4 SYSTEMPATH\Common.php(1184): CodeIgniter\View\View->render('/graficasEstadisticas/tecnologia/fechas/vistaTecFechaMatrBusqueda', [], true)
 5 APPPATH\Controllers\ControladorReportes.php(409): view('/graficasEstadisticas/tecnologia/fechas/vistaTecFechaMatrBusqueda', [...])
 6 SYSTEMPATH\CodeIgniter.php(934): App\Controllers\ControladorReportes->reporteFechaMatriculadosTecnologiaBusqueda()
 7 SYSTEMPATH\CodeIgniter.php(499): CodeIgniter\CodeIgniter->runController(Object(App\Controllers\ControladorReportes))
 8 SYSTEMPATH\CodeIgniter.php(368): CodeIgniter\CodeIgniter->handleRequest(null, Object(Config\Cache), false)
 9 FCPATH\index.php(67): CodeIgniter\CodeIgniter->run()
CRITICAL - 2023-08-28 13:58:43 --> Undefined variable $tbl_periodo
in APPPATH\Views\graficasEstadisticas\tecnologia\fechas\vistaTecFechaMatrBusqueda.php on line 39.
 1 APPPATH\Views\graficasEstadisticas\tecnologia\fechas\vistaTecFechaMatrBusqueda.php(39): CodeIgniter\Debug\Exceptions->errorHandler(2, 'Undefined variable $tbl_periodo', 'C:\\XAMPP\\htdocs\\SistemaGestionDocumental\\app\\Views\\graficasEstadisticas\\tecnologia\\fechas\\vistaTecFechaMatrBusqueda.php', 39)
 2 SYSTEMPATH\View\View.php(213): include('C:\\XAMPP\\htdocs\\SistemaGestionDocumental\\app\\Views\\graficasEstadisticas\\tecnologia\\fechas\\vistaTecFechaMatrBusqueda.php')
 3 SYSTEMPATH\View\View.php(216): CodeIgniter\View\View->CodeIgniter\View\{closure}()
 4 SYSTEMPATH\Common.php(1184): CodeIgniter\View\View->render('/graficasEstadisticas/tecnologia/fechas/vistaTecFechaMatrBusqueda', [], true)
 5 APPPATH\Controllers\ControladorReportes.php(409): view('/graficasEstadisticas/tecnologia/fechas/vistaTecFechaMatrBusqueda', [...])
 6 SYSTEMPATH\CodeIgniter.php(934): App\Controllers\ControladorReportes->reporteFechaMatriculadosTecnologiaBusqueda()
 7 SYSTEMPATH\CodeIgniter.php(499): CodeIgniter\CodeIgniter->runController(Object(App\Controllers\ControladorReportes))
 8 SYSTEMPATH\CodeIgniter.php(368): CodeIgniter\CodeIgniter->handleRequest(null, Object(Config\Cache), false)
 9 FCPATH\index.php(67): CodeIgniter\CodeIgniter->run()
CRITICAL - 2023-08-28 13:58:50 --> Undefined variable $tbl_periodo
in APPPATH\Views\graficasEstadisticas\tecnologia\fechas\vistaTecFechaMatrBusqueda.php on line 39.
 1 APPPATH\Views\graficasEstadisticas\tecnologia\fechas\vistaTecFechaMatrBusqueda.php(39): CodeIgniter\Debug\Exceptions->errorHandler(2, 'Undefined variable $tbl_periodo', 'C:\\XAMPP\\htdocs\\SistemaGestionDocumental\\app\\Views\\graficasEstadisticas\\tecnologia\\fechas\\vistaTecFechaMatrBusqueda.php', 39)
 2 SYSTEMPATH\View\View.php(213): include('C:\\XAMPP\\htdocs\\SistemaGestionDocumental\\app\\Views\\graficasEstadisticas\\tecnologia\\fechas\\vistaTecFechaMatrBusqueda.php')
 3 SYSTEMPATH\View\View.php(216): CodeIgniter\View\View->CodeIgniter\View\{closure}()
 4 SYSTEMPATH\Common.php(1184): CodeIgniter\View\View->render('/graficasEstadisticas/tecnologia/fechas/vistaTecFechaMatrBusqueda', [], true)
 5 APPPATH\Controllers\ControladorReportes.php(409): view('/graficasEstadisticas/tecnologia/fechas/vistaTecFechaMatrBusqueda', [...])
 6 SYSTEMPATH\CodeIgniter.php(934): App\Controllers\ControladorReportes->reporteFechaMatriculadosTecnologiaBusqueda()
 7 SYSTEMPATH\CodeIgniter.php(499): CodeIgniter\CodeIgniter->runController(Object(App\Controllers\ControladorReportes))
 8 SYSTEMPATH\CodeIgniter.php(368): CodeIgniter\CodeIgniter->handleRequest(null, Object(Config\Cache), false)
 9 FCPATH\index.php(67): CodeIgniter\CodeIgniter->run()
CRITICAL - 2023-08-28 14:04:30 --> unlink(C:\XAMPP\htdocs\SistemaGestionDocumental\writable\debugbar/debugbar_1693230755.759598.json): No such file or directory
in SYSTEMPATH\Debug\Toolbar\Collectors\History.php on line 76.
 1 [internal function]: CodeIgniter\Debug\Exceptions->errorHandler(2, 'unlink(C:\\XAMPP\\htdocs\\SistemaGestionDocumental\\writable\\debugbar/debugbar_1693230755.759598.json): No such file or directory', 'C:\\XAMPP\\htdocs\\SistemaGestionDocumental\\system\\Debug\\Toolbar\\Collectors\\History.php', 76)
 2 SYSTEMPATH\Debug\Toolbar\Collectors\History.php(76): unlink('C:\\XAMPP\\htdocs\\SistemaGestionDocumental\\writable\\debugbar/debugbar_1693230755.759598.json')
 3 SYSTEMPATH\Debug\Toolbar.php(497): CodeIgniter\Debug\Toolbar\Collectors\History->setFiles('1693231468.782835', 20)
 4 SYSTEMPATH\Debug\Toolbar.php(474): CodeIgniter\Debug\Toolbar->format([...], 'html')
 5 APPPATH\Config\Events.php(46): CodeIgniter\Debug\Toolbar->respond()
 6 SYSTEMPATH\Events\Events.php(149): CodeIgniter\Events\Events::Config\{closure}()
 7 SYSTEMPATH\CodeIgniter.php(350): CodeIgniter\Events\Events::trigger('pre_system')
 8 FCPATH\index.php(67): CodeIgniter\CodeIgniter->run()
CRITICAL - 2023-08-28 15:40:23 --> syntax error, unexpected token ";"
in APPPATH\Views\graficasEstadisticas\grado\periodos\vistaPeriodoGeneral.php on line 2.
 1 SYSTEMPATH\View\View.php(216): CodeIgniter\View\View->CodeIgniter\View\{closure}()
 2 SYSTEMPATH\Common.php(1184): CodeIgniter\View\View->render('/graficasEstadisticas/grado/periodos/vistaPeriodoGeneral', [], true)
 3 APPPATH\Controllers\ControladorFEPeriodo.php(56): view('/graficasEstadisticas/grado/periodos/vistaPeriodoGeneral', [...])
 4 SYSTEMPATH\CodeIgniter.php(934): App\Controllers\ControladorFEPeriodo->reporteGradoPeriodoGeneral('96')
 5 SYSTEMPATH\CodeIgniter.php(499): CodeIgniter\CodeIgniter->runController(Object(App\Controllers\ControladorFEPeriodo))
 6 SYSTEMPATH\CodeIgniter.php(368): CodeIgniter\CodeIgniter->handleRequest(null, Object(Config\Cache), false)
 7 FCPATH\index.php(67): CodeIgniter\CodeIgniter->run()
CRITICAL - 2023-08-28 15:40:24 --> syntax error, unexpected token ";"
in APPPATH\Views\graficasEstadisticas\grado\periodos\vistaPeriodoGeneral.php on line 2.
 1 SYSTEMPATH\View\View.php(216): CodeIgniter\View\View->CodeIgniter\View\{closure}()
 2 SYSTEMPATH\Common.php(1184): CodeIgniter\View\View->render('/graficasEstadisticas/grado/periodos/vistaPeriodoGeneral', [], true)
 3 APPPATH\Controllers\ControladorFEPeriodo.php(56): view('/graficasEstadisticas/grado/periodos/vistaPeriodoGeneral', [...])
 4 SYSTEMPATH\CodeIgniter.php(934): App\Controllers\ControladorFEPeriodo->reporteGradoPeriodoGeneral('96')
 5 SYSTEMPATH\CodeIgniter.php(499): CodeIgniter\CodeIgniter->runController(Object(App\Controllers\ControladorFEPeriodo))
 6 SYSTEMPATH\CodeIgniter.php(368): CodeIgniter\CodeIgniter->handleRequest(null, Object(Config\Cache), false)
 7 FCPATH\index.php(67): CodeIgniter\CodeIgniter->run()
CRITICAL - 2023-08-28 15:42:47 --> Unsupported operand types: string + string
in APPPATH\Views\graficasEstadisticas\grado\periodos\vistaPeriodoGeneral.php on line 4.
 1 SYSTEMPATH\View\View.php(213): include()
 2 SYSTEMPATH\View\View.php(216): CodeIgniter\View\View->CodeIgniter\View\{closure}()
 3 SYSTEMPATH\Common.php(1184): CodeIgniter\View\View->render('/graficasEstadisticas/grado/periodos/vistaPeriodoGeneral', [], true)
 4 APPPATH\Controllers\ControladorFEPeriodo.php(56): view('/graficasEstadisticas/grado/periodos/vistaPeriodoGeneral', [...])
 5 SYSTEMPATH\CodeIgniter.php(934): App\Controllers\ControladorFEPeriodo->reporteGradoPeriodoGeneral('96')
 6 SYSTEMPATH\CodeIgniter.php(499): CodeIgniter\CodeIgniter->runController(Object(App\Controllers\ControladorFEPeriodo))
 7 SYSTEMPATH\CodeIgniter.php(368): CodeIgniter\CodeIgniter->handleRequest(null, Object(Config\Cache), false)
 8 FCPATH\index.php(67): CodeIgniter\CodeIgniter->run()
CRITICAL - 2023-08-28 15:42:49 --> Unsupported operand types: string + string
in APPPATH\Views\graficasEstadisticas\grado\periodos\vistaPeriodoGeneral.php on line 4.
 1 SYSTEMPATH\View\View.php(213): include()
 2 SYSTEMPATH\View\View.php(216): CodeIgniter\View\View->CodeIgniter\View\{closure}()
 3 SYSTEMPATH\Common.php(1184): CodeIgniter\View\View->render('/graficasEstadisticas/grado/periodos/vistaPeriodoGeneral', [], true)
 4 APPPATH\Controllers\ControladorFEPeriodo.php(56): view('/graficasEstadisticas/grado/periodos/vistaPeriodoGeneral', [...])
 5 SYSTEMPATH\CodeIgniter.php(934): App\Controllers\ControladorFEPeriodo->reporteGradoPeriodoGeneral('96')
 6 SYSTEMPATH\CodeIgniter.php(499): CodeIgniter\CodeIgniter->runController(Object(App\Controllers\ControladorFEPeriodo))
 7 SYSTEMPATH\CodeIgniter.php(368): CodeIgniter\CodeIgniter->handleRequest(null, Object(Config\Cache), false)
 8 FCPATH\index.php(67): CodeIgniter\CodeIgniter->run()
CRITICAL - 2023-08-28 15:50:24 --> Unsupported operand types: array + null
in APPPATH\Controllers\ControladorFEPeriodo.php on line 56.
 1 SYSTEMPATH\CodeIgniter.php(934): App\Controllers\ControladorFEPeriodo->reporteGradoPeriodoGeneral('96')
 2 SYSTEMPATH\CodeIgniter.php(499): CodeIgniter\CodeIgniter->runController(Object(App\Controllers\ControladorFEPeriodo))
 3 SYSTEMPATH\CodeIgniter.php(368): CodeIgniter\CodeIgniter->handleRequest(null, Object(Config\Cache), false)
 4 FCPATH\index.php(67): CodeIgniter\CodeIgniter->run()
CRITICAL - 2023-08-28 16:04:22 --> Unsupported operand types: string + null
in APPPATH\Views\graficasEstadisticas\grado\periodos\vistaPeriodoGeneral.php on line 4.
 1 SYSTEMPATH\View\View.php(213): include()
 2 SYSTEMPATH\View\View.php(216): CodeIgniter\View\View->CodeIgniter\View\{closure}()
 3 SYSTEMPATH\Common.php(1184): CodeIgniter\View\View->render('/graficasEstadisticas/grado/periodos/vistaPeriodoGeneral', [], true)
 4 APPPATH\Controllers\ControladorFEPeriodo.php(57): view('/graficasEstadisticas/grado/periodos/vistaPeriodoGeneral', [...])
 5 SYSTEMPATH\CodeIgniter.php(934): App\Controllers\ControladorFEPeriodo->reporteGradoPeriodoGeneral('96')
 6 SYSTEMPATH\CodeIgniter.php(499): CodeIgniter\CodeIgniter->runController(Object(App\Controllers\ControladorFEPeriodo))
 7 SYSTEMPATH\CodeIgniter.php(368): CodeIgniter\CodeIgniter->handleRequest(null, Object(Config\Cache), false)
 8 FCPATH\index.php(67): CodeIgniter\CodeIgniter->run()
CRITICAL - 2023-08-28 16:16:50 --> Unsupported operand types: string + null
in APPPATH\Views\graficasEstadisticas\grado\periodos\vistaPeriodoGeneral.php on line 5.
 1 SYSTEMPATH\View\View.php(213): include()
 2 SYSTEMPATH\View\View.php(216): CodeIgniter\View\View->CodeIgniter\View\{closure}()
 3 SYSTEMPATH\Common.php(1184): CodeIgniter\View\View->render('/graficasEstadisticas/grado/periodos/vistaPeriodoGeneral', [], true)
 4 APPPATH\Controllers\ControladorFEPeriodo.php(57): view('/graficasEstadisticas/grado/periodos/vistaPeriodoGeneral', [...])
 5 SYSTEMPATH\CodeIgniter.php(934): App\Controllers\ControladorFEPeriodo->reporteGradoPeriodoGeneral('96')
 6 SYSTEMPATH\CodeIgniter.php(499): CodeIgniter\CodeIgniter->runController(Object(App\Controllers\ControladorFEPeriodo))
 7 SYSTEMPATH\CodeIgniter.php(368): CodeIgniter\CodeIgniter->handleRequest(null, Object(Config\Cache), false)
 8 FCPATH\index.php(67): CodeIgniter\CodeIgniter->run()
CRITICAL - 2023-08-28 16:25:40 --> Unsupported operand types: string + string
in APPPATH\Views\graficasEstadisticas\grado\periodos\vistaPeriodoGeneral.php on line 5.
 1 SYSTEMPATH\View\View.php(213): include()
 2 SYSTEMPATH\View\View.php(216): CodeIgniter\View\View->CodeIgniter\View\{closure}()
 3 SYSTEMPATH\Common.php(1184): CodeIgniter\View\View->render('/graficasEstadisticas/grado/periodos/vistaPeriodoGeneral', [], true)
 4 APPPATH\Controllers\ControladorFEPeriodo.php(57): view('/graficasEstadisticas/grado/periodos/vistaPeriodoGeneral', [...])
 5 SYSTEMPATH\CodeIgniter.php(934): App\Controllers\ControladorFEPeriodo->reporteGradoPeriodoGeneral('96')
 6 SYSTEMPATH\CodeIgniter.php(499): CodeIgniter\CodeIgniter->runController(Object(App\Controllers\ControladorFEPeriodo))
 7 SYSTEMPATH\CodeIgniter.php(368): CodeIgniter\CodeIgniter->handleRequest(null, Object(Config\Cache), false)
 8 FCPATH\index.php(67): CodeIgniter\CodeIgniter->run()
CRITICAL - 2023-08-28 16:25:52 --> syntax error, unexpected token ")"
in APPPATH\Views\graficasEstadisticas\grado\periodos\vistaPeriodoGeneral.php on line 6.
 1 SYSTEMPATH\View\View.php(216): CodeIgniter\View\View->CodeIgniter\View\{closure}()
 2 SYSTEMPATH\Common.php(1184): CodeIgniter\View\View->render('/graficasEstadisticas/grado/periodos/vistaPeriodoGeneral', [], true)
 3 APPPATH\Controllers\ControladorFEPeriodo.php(57): view('/graficasEstadisticas/grado/periodos/vistaPeriodoGeneral', [...])
 4 SYSTEMPATH\CodeIgniter.php(934): App\Controllers\ControladorFEPeriodo->reporteGradoPeriodoGeneral('96')
 5 SYSTEMPATH\CodeIgniter.php(499): CodeIgniter\CodeIgniter->runController(Object(App\Controllers\ControladorFEPeriodo))
 6 SYSTEMPATH\CodeIgniter.php(368): CodeIgniter\CodeIgniter->handleRequest(null, Object(Config\Cache), false)
 7 FCPATH\index.php(67): CodeIgniter\CodeIgniter->run()
CRITICAL - 2023-08-28 16:25:53 --> Unsupported operand types: string + string
in APPPATH\Views\graficasEstadisticas\grado\periodos\vistaPeriodoGeneral.php on line 5.
 1 SYSTEMPATH\View\View.php(213): include()
 2 SYSTEMPATH\View\View.php(216): CodeIgniter\View\View->CodeIgniter\View\{closure}()
 3 SYSTEMPATH\Common.php(1184): CodeIgniter\View\View->render('/graficasEstadisticas/grado/periodos/vistaPeriodoGeneral', [], true)
 4 APPPATH\Controllers\ControladorFEPeriodo.php(57): view('/graficasEstadisticas/grado/periodos/vistaPeriodoGeneral', [...])
 5 SYSTEMPATH\CodeIgniter.php(934): App\Controllers\ControladorFEPeriodo->reporteGradoPeriodoGeneral('96')
 6 SYSTEMPATH\CodeIgniter.php(499): CodeIgniter\CodeIgniter->runController(Object(App\Controllers\ControladorFEPeriodo))
 7 SYSTEMPATH\CodeIgniter.php(368): CodeIgniter\CodeIgniter->handleRequest(null, Object(Config\Cache), false)
 8 FCPATH\index.php(67): CodeIgniter\CodeIgniter->run()
CRITICAL - 2023-08-28 16:25:54 --> Unsupported operand types: string + string
in APPPATH\Views\graficasEstadisticas\grado\periodos\vistaPeriodoGeneral.php on line 5.
 1 SYSTEMPATH\View\View.php(213): include()
 2 SYSTEMPATH\View\View.php(216): CodeIgniter\View\View->CodeIgniter\View\{closure}()
 3 SYSTEMPATH\Common.php(1184): CodeIgniter\View\View->render('/graficasEstadisticas/grado/periodos/vistaPeriodoGeneral', [], true)
 4 APPPATH\Controllers\ControladorFEPeriodo.php(57): view('/graficasEstadisticas/grado/periodos/vistaPeriodoGeneral', [...])
 5 SYSTEMPATH\CodeIgniter.php(934): App\Controllers\ControladorFEPeriodo->reporteGradoPeriodoGeneral('96')
 6 SYSTEMPATH\CodeIgniter.php(499): CodeIgniter\CodeIgniter->runController(Object(App\Controllers\ControladorFEPeriodo))
 7 SYSTEMPATH\CodeIgniter.php(368): CodeIgniter\CodeIgniter->handleRequest(null, Object(Config\Cache), false)
 8 FCPATH\index.php(67): CodeIgniter\CodeIgniter->run()
CRITICAL - 2023-08-28 16:25:55 --> Unsupported operand types: string + string
in APPPATH\Views\graficasEstadisticas\grado\periodos\vistaPeriodoGeneral.php on line 5.
 1 SYSTEMPATH\View\View.php(213): include()
 2 SYSTEMPATH\View\View.php(216): CodeIgniter\View\View->CodeIgniter\View\{closure}()
 3 SYSTEMPATH\Common.php(1184): CodeIgniter\View\View->render('/graficasEstadisticas/grado/periodos/vistaPeriodoGeneral', [], true)
 4 APPPATH\Controllers\ControladorFEPeriodo.php(57): view('/graficasEstadisticas/grado/periodos/vistaPeriodoGeneral', [...])
 5 SYSTEMPATH\CodeIgniter.php(934): App\Controllers\ControladorFEPeriodo->reporteGradoPeriodoGeneral('96')
 6 SYSTEMPATH\CodeIgniter.php(499): CodeIgniter\CodeIgniter->runController(Object(App\Controllers\ControladorFEPeriodo))
 7 SYSTEMPATH\CodeIgniter.php(368): CodeIgniter\CodeIgniter->handleRequest(null, Object(Config\Cache), false)
 8 FCPATH\index.php(67): CodeIgniter\CodeIgniter->run()
CRITICAL - 2023-08-28 16:29:56 --> unlink(C:\XAMPP\htdocs\SistemaGestionDocumental\writable\debugbar/debugbar_1693238626.959978.json): No such file or directory
in SYSTEMPATH\Debug\Toolbar\Collectors\History.php on line 76.
 1 [internal function]: CodeIgniter\Debug\Exceptions->errorHandler(2, 'unlink(C:\\XAMPP\\htdocs\\SistemaGestionDocumental\\writable\\debugbar/debugbar_1693238626.959978.json): No such file or directory', 'C:\\XAMPP\\htdocs\\SistemaGestionDocumental\\system\\Debug\\Toolbar\\Collectors\\History.php', 76)
 2 SYSTEMPATH\Debug\Toolbar\Collectors\History.php(76): unlink('C:\\XAMPP\\htdocs\\SistemaGestionDocumental\\writable\\debugbar/debugbar_1693238626.959978.json')
 3 SYSTEMPATH\Debug\Toolbar.php(497): CodeIgniter\Debug\Toolbar\Collectors\History->setFiles('1693240195.637043', 20)
 4 SYSTEMPATH\Debug\Toolbar.php(474): CodeIgniter\Debug\Toolbar->format([...], 'html')
 5 APPPATH\Config\Events.php(46): CodeIgniter\Debug\Toolbar->respond()
 6 SYSTEMPATH\Events\Events.php(149): CodeIgniter\Events\Events::Config\{closure}()
 7 SYSTEMPATH\CodeIgniter.php(350): CodeIgniter\Events\Events::trigger('pre_system')
 8 FCPATH\index.php(67): CodeIgniter\CodeIgniter->run()
CRITICAL - 2023-08-28 20:32:49 --> unlink(C:\XAMPP\htdocs\SistemaGestionDocumental\writable\debugbar/debugbar_1693244440.715679.json): No such file or directory
in SYSTEMPATH\Debug\Toolbar\Collectors\History.php on line 76.
 1 [internal function]: CodeIgniter\Debug\Exceptions->errorHandler(2, 'unlink(C:\\XAMPP\\htdocs\\SistemaGestionDocumental\\writable\\debugbar/debugbar_1693244440.715679.json): No such file or directory', 'C:\\XAMPP\\htdocs\\SistemaGestionDocumental\\system\\Debug\\Toolbar\\Collectors\\History.php', 76)
 2 SYSTEMPATH\Debug\Toolbar\Collectors\History.php(76): unlink('C:\\XAMPP\\htdocs\\SistemaGestionDocumental\\writable\\debugbar/debugbar_1693244440.715679.json')
 3 SYSTEMPATH\Debug\Toolbar.php(497): CodeIgniter\Debug\Toolbar\Collectors\History->setFiles('1693254768.351115', 20)
 4 SYSTEMPATH\Debug\Toolbar.php(474): CodeIgniter\Debug\Toolbar->format([...], 'html')
 5 APPPATH\Config\Events.php(46): CodeIgniter\Debug\Toolbar->respond()
 6 SYSTEMPATH\Events\Events.php(149): CodeIgniter\Events\Events::Config\{closure}()
 7 SYSTEMPATH\CodeIgniter.php(350): CodeIgniter\Events\Events::trigger('pre_system')
 8 FCPATH\index.php(67): CodeIgniter\CodeIgniter->run()
