CRITICAL - 2023-08-25 13:01:22 --> unlink(C:\XAMPP\htdocs\SistemaGestionDocumental\writable\debugbar/debugbar_1692911244.640849.json): No such file or directory
in SYSTEMPATH\Debug\Toolbar\Collectors\History.php on line 76.
 1 [internal function]: CodeIgniter\Debug\Exceptions->errorHandler(2, 'unlink(C:\\XAMPP\\htdocs\\SistemaGestionDocumental\\writable\\debugbar/debugbar_1692911244.640849.json): No such file or directory', 'C:\\XAMPP\\htdocs\\SistemaGestionDocumental\\system\\Debug\\Toolbar\\Collectors\\History.php', 76)
 2 SYSTEMPATH\Debug\Toolbar\Collectors\History.php(76): unlink('C:\\XAMPP\\htdocs\\SistemaGestionDocumental\\writable\\debugbar/debugbar_1692911244.640849.json')
 3 SYSTEMPATH\Debug\Toolbar.php(497): CodeIgniter\Debug\Toolbar\Collectors\History->setFiles('1692968481.547060', 20)
 4 SYSTEMPATH\Debug\Toolbar.php(474): CodeIgniter\Debug\Toolbar->format([...], 'html')
 5 APPPATH\Config\Events.php(46): CodeIgniter\Debug\Toolbar->respond()
 6 SYSTEMPATH\Events\Events.php(149): CodeIgniter\Events\Events::Config\{closure}()
 7 SYSTEMPATH\CodeIgniter.php(350): CodeIgniter\Events\Events::trigger('pre_system')
 8 FCPATH\index.php(67): CodeIgniter\CodeIgniter->run()
CRITICAL - 2023-08-25 13:54:16 --> preg_match(): Compilation failed: unmatched closing parenthesis at offset 28
in SYSTEMPATH\Router\Router.php on line 419.
 1 [internal function]: CodeIgniter\Debug\Exceptions->errorHandler(2, 'preg_match(): Compilation failed: unmatched closing parenthesis at offset 28', 'C:\\XAMPP\\htdocs\\SistemaGestionDocumental\\system\\Router\\Router.php', 419)
 2 SYSTEMPATH\Router\Router.php(419): preg_match('#^ReporteFechaGeneralBusqueda)$#u', 'ReporteFechaGeneralBusqueda', [])
 3 SYSTEMPATH\Router\Router.php(182): CodeIgniter\Router\Router->checkRoutes('ReporteFechaGeneralBusqueda')
 4 SYSTEMPATH\CodeIgniter.php(815): CodeIgniter\Router\Router->handle('ReporteFechaGeneralBusqueda')
 5 SYSTEMPATH\CodeIgniter.php(449): CodeIgniter\CodeIgniter->tryToRouteIt(Object(CodeIgniter\Router\RouteCollection))
 6 SYSTEMPATH\CodeIgniter.php(368): CodeIgniter\CodeIgniter->handleRequest(null, Object(Config\Cache), false)
 7 FCPATH\index.php(67): CodeIgniter\CodeIgniter->run()
CRITICAL - 2023-08-25 13:54:36 --> preg_match(): Compilation failed: unmatched closing parenthesis at offset 28
in SYSTEMPATH\Router\Router.php on line 419.
 1 [internal function]: CodeIgniter\Debug\Exceptions->errorHandler(2, 'preg_match(): Compilation failed: unmatched closing parenthesis at offset 28', 'C:\\XAMPP\\htdocs\\SistemaGestionDocumental\\system\\Router\\Router.php', 419)
 2 SYSTEMPATH\Router\Router.php(419): preg_match('#^ReporteFechaGeneralBusqueda)$#u', 'ReporteFechaGeneralBusqueda', [])
 3 SYSTEMPATH\Router\Router.php(182): CodeIgniter\Router\Router->checkRoutes('ReporteFechaGeneralBusqueda')
 4 SYSTEMPATH\CodeIgniter.php(815): CodeIgniter\Router\Router->handle('ReporteFechaGeneralBusqueda')
 5 SYSTEMPATH\CodeIgniter.php(449): CodeIgniter\CodeIgniter->tryToRouteIt(Object(CodeIgniter\Router\RouteCollection))
 6 SYSTEMPATH\CodeIgniter.php(368): CodeIgniter\CodeIgniter->handleRequest(null, Object(Config\Cache), false)
 7 FCPATH\index.php(67): CodeIgniter\CodeIgniter->run()
CRITICAL - 2023-08-25 13:55:10 --> preg_match(): Compilation failed: unmatched closing parenthesis at offset 28
in SYSTEMPATH\Router\Router.php on line 419.
 1 [internal function]: CodeIgniter\Debug\Exceptions->errorHandler(2, 'preg_match(): Compilation failed: unmatched closing parenthesis at offset 28', 'C:\\XAMPP\\htdocs\\SistemaGestionDocumental\\system\\Router\\Router.php', 419)
 2 SYSTEMPATH\Router\Router.php(419): preg_match('#^ReporteFechaGeneralBusqueda)$#u', 'ReporteFechaGeneralBusqueda', [])
 3 SYSTEMPATH\Router\Router.php(182): CodeIgniter\Router\Router->checkRoutes('ReporteFechaGeneralBusqueda')
 4 SYSTEMPATH\CodeIgniter.php(815): CodeIgniter\Router\Router->handle('ReporteFechaGeneralBusqueda')
 5 SYSTEMPATH\CodeIgniter.php(449): CodeIgniter\CodeIgniter->tryToRouteIt(Object(CodeIgniter\Router\RouteCollection))
 6 SYSTEMPATH\CodeIgniter.php(368): CodeIgniter\CodeIgniter->handleRequest(null, Object(Config\Cache), false)
 7 FCPATH\index.php(67): CodeIgniter\CodeIgniter->run()
CRITICAL - 2023-08-25 14:00:44 --> preg_match(): Compilation failed: unmatched closing parenthesis at offset 28
in SYSTEMPATH\Router\Router.php on line 419.
 1 [internal function]: CodeIgniter\Debug\Exceptions->errorHandler(2, 'preg_match(): Compilation failed: unmatched closing parenthesis at offset 28', 'C:\\XAMPP\\htdocs\\SistemaGestionDocumental\\system\\Router\\Router.php', 419)
 2 SYSTEMPATH\Router\Router.php(419): preg_match('#^ReporteFechaGeneralBusqueda)$#u', 'ReporteFechaGeneralBusqueda', [])
 3 SYSTEMPATH\Router\Router.php(182): CodeIgniter\Router\Router->checkRoutes('ReporteFechaGeneralBusqueda')
 4 SYSTEMPATH\CodeIgniter.php(815): CodeIgniter\Router\Router->handle('ReporteFechaGeneralBusqueda')
 5 SYSTEMPATH\CodeIgniter.php(449): CodeIgniter\CodeIgniter->tryToRouteIt(Object(CodeIgniter\Router\RouteCollection))
 6 SYSTEMPATH\CodeIgniter.php(368): CodeIgniter\CodeIgniter->handleRequest(null, Object(Config\Cache), false)
 7 FCPATH\index.php(67): CodeIgniter\CodeIgniter->run()
CRITICAL - 2023-08-25 14:04:33 --> preg_match(): Compilation failed: unmatched closing parenthesis at offset 28
in SYSTEMPATH\Router\Router.php on line 419.
 1 [internal function]: CodeIgniter\Debug\Exceptions->errorHandler(2, 'preg_match(): Compilation failed: unmatched closing parenthesis at offset 28', 'C:\\XAMPP\\htdocs\\SistemaGestionDocumental\\system\\Router\\Router.php', 419)
 2 SYSTEMPATH\Router\Router.php(419): preg_match('#^ReporteFechaGeneralBusqueda)$#u', 'ReporteFechaGeneralBusqueda', [])
 3 SYSTEMPATH\Router\Router.php(182): CodeIgniter\Router\Router->checkRoutes('ReporteFechaGeneralBusqueda')
 4 SYSTEMPATH\CodeIgniter.php(815): CodeIgniter\Router\Router->handle('ReporteFechaGeneralBusqueda')
 5 SYSTEMPATH\CodeIgniter.php(449): CodeIgniter\CodeIgniter->tryToRouteIt(Object(CodeIgniter\Router\RouteCollection))
 6 SYSTEMPATH\CodeIgniter.php(368): CodeIgniter\CodeIgniter->handleRequest(null, Object(Config\Cache), false)
 7 FCPATH\index.php(67): CodeIgniter\CodeIgniter->run()
CRITICAL - 2023-08-25 14:05:36 --> preg_match(): Compilation failed: unmatched closing parenthesis at offset 28
in SYSTEMPATH\Router\Router.php on line 419.
 1 [internal function]: CodeIgniter\Debug\Exceptions->errorHandler(2, 'preg_match(): Compilation failed: unmatched closing parenthesis at offset 28', 'C:\\XAMPP\\htdocs\\SistemaGestionDocumental\\system\\Router\\Router.php', 419)
 2 SYSTEMPATH\Router\Router.php(419): preg_match('#^ReporteFechaGeneralBusqueda)$#u', 'ReporteFechaGeneralBusqueda', [])
 3 SYSTEMPATH\Router\Router.php(182): CodeIgniter\Router\Router->checkRoutes('ReporteFechaGeneralBusqueda')
 4 SYSTEMPATH\CodeIgniter.php(815): CodeIgniter\Router\Router->handle('ReporteFechaGeneralBusqueda')
 5 SYSTEMPATH\CodeIgniter.php(449): CodeIgniter\CodeIgniter->tryToRouteIt(Object(CodeIgniter\Router\RouteCollection))
 6 SYSTEMPATH\CodeIgniter.php(368): CodeIgniter\CodeIgniter->handleRequest(null, Object(Config\Cache), false)
 7 FCPATH\index.php(67): CodeIgniter\CodeIgniter->run()
CRITICAL - 2023-08-25 14:05:42 --> preg_match(): Compilation failed: unmatched closing parenthesis at offset 28
in SYSTEMPATH\Router\Router.php on line 419.
 1 [internal function]: CodeIgniter\Debug\Exceptions->errorHandler(2, 'preg_match(): Compilation failed: unmatched closing parenthesis at offset 28', 'C:\\XAMPP\\htdocs\\SistemaGestionDocumental\\system\\Router\\Router.php', 419)
 2 SYSTEMPATH\Router\Router.php(419): preg_match('#^ReporteFechaGeneralBusqueda)$#u', 'ReporteFechaGeneralBusqueda', [])
 3 SYSTEMPATH\Router\Router.php(182): CodeIgniter\Router\Router->checkRoutes('ReporteFechaGeneralBusqueda')
 4 SYSTEMPATH\CodeIgniter.php(815): CodeIgniter\Router\Router->handle('ReporteFechaGeneralBusqueda')
 5 SYSTEMPATH\CodeIgniter.php(449): CodeIgniter\CodeIgniter->tryToRouteIt(Object(CodeIgniter\Router\RouteCollection))
 6 SYSTEMPATH\CodeIgniter.php(368): CodeIgniter\CodeIgniter->handleRequest(null, Object(Config\Cache), false)
 7 FCPATH\index.php(67): CodeIgniter\CodeIgniter->run()
CRITICAL - 2023-08-25 14:06:07 --> preg_match(): Compilation failed: unmatched closing parenthesis at offset 28
in SYSTEMPATH\Router\Router.php on line 419.
 1 [internal function]: CodeIgniter\Debug\Exceptions->errorHandler(2, 'preg_match(): Compilation failed: unmatched closing parenthesis at offset 28', 'C:\\XAMPP\\htdocs\\SistemaGestionDocumental\\system\\Router\\Router.php', 419)
 2 SYSTEMPATH\Router\Router.php(419): preg_match('#^ReporteFechaGeneralBusqueda)$#u', 'ReporteFechaGeneralBusqueda', [])
 3 SYSTEMPATH\Router\Router.php(182): CodeIgniter\Router\Router->checkRoutes('ReporteFechaGeneralBusqueda')
 4 SYSTEMPATH\CodeIgniter.php(815): CodeIgniter\Router\Router->handle('ReporteFechaGeneralBusqueda')
 5 SYSTEMPATH\CodeIgniter.php(449): CodeIgniter\CodeIgniter->tryToRouteIt(Object(CodeIgniter\Router\RouteCollection))
 6 SYSTEMPATH\CodeIgniter.php(368): CodeIgniter\CodeIgniter->handleRequest(null, Object(Config\Cache), false)
 7 FCPATH\index.php(67): CodeIgniter\CodeIgniter->run()
CRITICAL - 2023-08-25 14:07:03 --> preg_match(): Compilation failed: unmatched closing parenthesis at offset 28
in SYSTEMPATH\Router\Router.php on line 419.
 1 [internal function]: CodeIgniter\Debug\Exceptions->errorHandler(2, 'preg_match(): Compilation failed: unmatched closing parenthesis at offset 28', 'C:\\XAMPP\\htdocs\\SistemaGestionDocumental\\system\\Router\\Router.php', 419)
 2 SYSTEMPATH\Router\Router.php(419): preg_match('#^ReporteFechaGeneralBusqueda)$#u', 'ReporteFechaGeneralBusqueda', [])
 3 SYSTEMPATH\Router\Router.php(182): CodeIgniter\Router\Router->checkRoutes('ReporteFechaGeneralBusqueda')
 4 SYSTEMPATH\CodeIgniter.php(815): CodeIgniter\Router\Router->handle('ReporteFechaGeneralBusqueda')
 5 SYSTEMPATH\CodeIgniter.php(449): CodeIgniter\CodeIgniter->tryToRouteIt(Object(CodeIgniter\Router\RouteCollection))
 6 SYSTEMPATH\CodeIgniter.php(368): CodeIgniter\CodeIgniter->handleRequest(null, Object(Config\Cache), false)
 7 FCPATH\index.php(67): CodeIgniter\CodeIgniter->run()
CRITICAL - 2023-08-25 14:08:38 --> Call to undefined method App\Models\ModelFEPeriodo::verModeloEspecifico
in SYSTEMPATH\Model.php on line 842.
 1 APPPATH\Controllers\ControladorReportes.php(91): CodeIgniter\Model->__call('verModeloEspecifico', [...])
 2 SYSTEMPATH\CodeIgniter.php(934): App\Controllers\ControladorReportes->ReporteFechaGeneralBusqueda()
 3 SYSTEMPATH\CodeIgniter.php(499): CodeIgniter\CodeIgniter->runController(Object(App\Controllers\ControladorReportes))
 4 SYSTEMPATH\CodeIgniter.php(368): CodeIgniter\CodeIgniter->handleRequest(null, Object(Config\Cache), false)
 5 FCPATH\index.php(67): CodeIgniter\CodeIgniter->run()
