CRITICAL - 2023-06-16 21:04:04 --> unlink(C:\XAMPP\htdocs\SistemaGestionDocumental\writable\debugbar/debugbar_1686868727.870462.json): No such file or directory
in SYSTEMPATH\Debug\Toolbar\Collectors\History.php on line 76.
 1 [internal function]: CodeIgniter\Debug\Exceptions->errorHandler(2, 'unlink(C:\\XAMPP\\htdocs\\SistemaGestionDocumental\\writable\\debugbar/debugbar_1686868727.870462.json): No such file or directory', 'C:\\XAMPP\\htdocs\\SistemaGestionDocumental\\system\\Debug\\Toolbar\\Collectors\\History.php', 76)
 2 SYSTEMPATH\Debug\Toolbar\Collectors\History.php(76): unlink('C:\\XAMPP\\htdocs\\SistemaGestionDocumental\\writable\\debugbar/debugbar_1686868727.870462.json')
 3 SYSTEMPATH\Debug\Toolbar.php(497): CodeIgniter\Debug\Toolbar\Collectors\History->setFiles('1686949441.969812', 20)
 4 SYSTEMPATH\Debug\Toolbar.php(474): CodeIgniter\Debug\Toolbar->format([...], 'html')
 5 APPPATH\Config\Events.php(46): CodeIgniter\Debug\Toolbar->respond()
 6 SYSTEMPATH\Events\Events.php(149): CodeIgniter\Events\Events::Config\{closure}()
 7 SYSTEMPATH\CodeIgniter.php(350): CodeIgniter\Events\Events::trigger('pre_system')
 8 FCPATH\index.php(67): CodeIgniter\CodeIgniter->run()
CRITICAL - 2023-06-16 21:20:50 --> Invalid file: "/vgrad/vista_degrad_grad.php"
in SYSTEMPATH\Exceptions\FrameworkException.php on line 33.
 1 SYSTEMPATH\View\View.php(201): CodeIgniter\Exceptions\FrameworkException::forInvalidFile('/vgrad/vista_degrad_grad.php')
 2 SYSTEMPATH\Common.php(1184): CodeIgniter\View\View->render('/vgrad/vista_degrad_grad', [], true)
 3 APPPATH\Controllers\ControladorGrado.php(19): view('/vgrad/vista_degrad_grad')
 4 SYSTEMPATH\CodeIgniter.php(934): App\Controllers\ControladorGrado->degradGrad()
 5 SYSTEMPATH\CodeIgniter.php(499): CodeIgniter\CodeIgniter->runController(Object(App\Controllers\ControladorGrado))
 6 SYSTEMPATH\CodeIgniter.php(368): CodeIgniter\CodeIgniter->handleRequest(null, Object(Config\Cache), false)
 7 FCPATH\index.php(67): CodeIgniter\CodeIgniter->run()
CRITICAL - 2023-06-16 21:26:05 --> Invalid file: "/vistaDEtec/vista_deHistorico.php"
in SYSTEMPATH\Exceptions\FrameworkException.php on line 33.
 1 SYSTEMPATH\View\View.php(201): CodeIgniter\Exceptions\FrameworkException::forInvalidFile('/vistaDEtec/vista_deHistorico.php')
 2 SYSTEMPATH\Common.php(1184): CodeIgniter\View\View->render('/vistaDEtec/vista_deHistorico', [], true)
 3 APPPATH\Controllers\ControladorHistorico.php(11): view('/vistaDEtec/vista_deHistorico')
 4 SYSTEMPATH\CodeIgniter.php(934): App\Controllers\ControladorHistorico->dehistorico()
 5 SYSTEMPATH\CodeIgniter.php(499): CodeIgniter\CodeIgniter->runController(Object(App\Controllers\ControladorHistorico))
 6 SYSTEMPATH\CodeIgniter.php(368): CodeIgniter\CodeIgniter->handleRequest(null, Object(Config\Cache), false)
 7 FCPATH\index.php(67): CodeIgniter\CodeIgniter->run()
CRITICAL - 2023-06-16 21:26:07 --> Invalid file: "/vistaDEtec/vista_deHistorico.php"
in SYSTEMPATH\Exceptions\FrameworkException.php on line 33.
 1 SYSTEMPATH\View\View.php(201): CodeIgniter\Exceptions\FrameworkException::forInvalidFile('/vistaDEtec/vista_deHistorico.php')
 2 SYSTEMPATH\Common.php(1184): CodeIgniter\View\View->render('/vistaDEtec/vista_deHistorico', [], true)
 3 APPPATH\Controllers\ControladorHistorico.php(11): view('/vistaDEtec/vista_deHistorico')
 4 SYSTEMPATH\CodeIgniter.php(934): App\Controllers\ControladorHistorico->dehistorico()
 5 SYSTEMPATH\CodeIgniter.php(499): CodeIgniter\CodeIgniter->runController(Object(App\Controllers\ControladorHistorico))
 6 SYSTEMPATH\CodeIgniter.php(368): CodeIgniter\CodeIgniter->handleRequest(null, Object(Config\Cache), false)
 7 FCPATH\index.php(67): CodeIgniter\CodeIgniter->run()
CRITICAL - 2023-06-16 21:26:07 --> Invalid file: "/vistaDEtec/vista_deHistorico.php"
in SYSTEMPATH\Exceptions\FrameworkException.php on line 33.
 1 SYSTEMPATH\View\View.php(201): CodeIgniter\Exceptions\FrameworkException::forInvalidFile('/vistaDEtec/vista_deHistorico.php')
 2 SYSTEMPATH\Common.php(1184): CodeIgniter\View\View->render('/vistaDEtec/vista_deHistorico', [], true)
 3 APPPATH\Controllers\ControladorHistorico.php(11): view('/vistaDEtec/vista_deHistorico')
 4 SYSTEMPATH\CodeIgniter.php(934): App\Controllers\ControladorHistorico->dehistorico()
 5 SYSTEMPATH\CodeIgniter.php(499): CodeIgniter\CodeIgniter->runController(Object(App\Controllers\ControladorHistorico))
 6 SYSTEMPATH\CodeIgniter.php(368): CodeIgniter\CodeIgniter->handleRequest(null, Object(Config\Cache), false)
 7 FCPATH\index.php(67): CodeIgniter\CodeIgniter->run()
CRITICAL - 2023-06-16 21:26:19 --> Invalid file: "/vistaDE/vista_deHistorico.php"
in SYSTEMPATH\Exceptions\FrameworkException.php on line 33.
 1 SYSTEMPATH\View\View.php(201): CodeIgniter\Exceptions\FrameworkException::forInvalidFile('/vistaDE/vista_deHistorico.php')
 2 SYSTEMPATH\Common.php(1184): CodeIgniter\View\View->render('/vistaDE/vista_deHistorico', [], true)
 3 APPPATH\Controllers\ControladorHistorico.php(11): view('/vistaDE/vista_deHistorico')
 4 SYSTEMPATH\CodeIgniter.php(934): App\Controllers\ControladorHistorico->dehistorico()
 5 SYSTEMPATH\CodeIgniter.php(499): CodeIgniter\CodeIgniter->runController(Object(App\Controllers\ControladorHistorico))
 6 SYSTEMPATH\CodeIgniter.php(368): CodeIgniter\CodeIgniter->handleRequest(null, Object(Config\Cache), false)
 7 FCPATH\index.php(67): CodeIgniter\CodeIgniter->run()
