CRITICAL - 2023-09-12 17:50:17 --> syntax error, unexpected token ";"
in APPPATH\Controllers\ControladorCalendario.php on line 179.
 1 SYSTEMPATH\Autoloader\Autoloader.php(289): CodeIgniter\Autoloader\Autoloader->includeFile('C:\\XAMPP\\htdocs\\SistemaGestionDocumental\\app\\Controllers\\ControladorCalendario.php')
 2 SYSTEMPATH\Autoloader\Autoloader.php(267): CodeIgniter\Autoloader\Autoloader->loadInNamespace('App\\Controllers\\ControladorCalendario')
 3 [internal function]: CodeIgniter\Autoloader\Autoloader->loadClass('App\\Controllers\\ControladorCalendario')
 4 SYSTEMPATH\CodeIgniter.php(892): class_exists('\\App\\Controllers\\ControladorCalendario', true)
 5 SYSTEMPATH\CodeIgniter.php(486): CodeIgniter\CodeIgniter->startController()
 6 SYSTEMPATH\CodeIgniter.php(368): CodeIgniter\CodeIgniter->handleRequest(null, Object(Config\Cache), false)
 7 FCPATH\index.php(67): CodeIgniter\CodeIgniter->run()
CRITICAL - 2023-09-12 17:56:24 --> syntax error, unexpected token "}", expecting "," or ";"
in APPPATH\Controllers\ControladorCalendario.php on line 181.
 1 SYSTEMPATH\Autoloader\Autoloader.php(289): CodeIgniter\Autoloader\Autoloader->includeFile('C:\\XAMPP\\htdocs\\SistemaGestionDocumental\\app\\Controllers\\ControladorCalendario.php')
 2 SYSTEMPATH\Autoloader\Autoloader.php(267): CodeIgniter\Autoloader\Autoloader->loadInNamespace('App\\Controllers\\ControladorCalendario')
 3 [internal function]: CodeIgniter\Autoloader\Autoloader->loadClass('App\\Controllers\\ControladorCalendario')
 4 SYSTEMPATH\CodeIgniter.php(892): class_exists('\\App\\Controllers\\ControladorCalendario', true)
 5 SYSTEMPATH\CodeIgniter.php(486): CodeIgniter\CodeIgniter->startController()
 6 SYSTEMPATH\CodeIgniter.php(368): CodeIgniter\CodeIgniter->handleRequest(null, Object(Config\Cache), false)
 7 FCPATH\index.php(67): CodeIgniter\CodeIgniter->run()
CRITICAL - 2023-09-12 17:56:25 --> syntax error, unexpected token "}", expecting "," or ";"
in APPPATH\Controllers\ControladorCalendario.php on line 181.
 1 SYSTEMPATH\Autoloader\Autoloader.php(289): CodeIgniter\Autoloader\Autoloader->includeFile('C:\\XAMPP\\htdocs\\SistemaGestionDocumental\\app\\Controllers\\ControladorCalendario.php')
 2 SYSTEMPATH\Autoloader\Autoloader.php(267): CodeIgniter\Autoloader\Autoloader->loadInNamespace('App\\Controllers\\ControladorCalendario')
 3 [internal function]: CodeIgniter\Autoloader\Autoloader->loadClass('App\\Controllers\\ControladorCalendario')
 4 SYSTEMPATH\CodeIgniter.php(892): class_exists('\\App\\Controllers\\ControladorCalendario', true)
 5 SYSTEMPATH\CodeIgniter.php(486): CodeIgniter\CodeIgniter->startController()
 6 SYSTEMPATH\CodeIgniter.php(368): CodeIgniter\CodeIgniter->handleRequest(null, Object(Config\Cache), false)
 7 FCPATH\index.php(67): CodeIgniter\CodeIgniter->run()
CRITICAL - 2023-09-12 17:56:25 --> syntax error, unexpected token "}", expecting "," or ";"
in APPPATH\Controllers\ControladorCalendario.php on line 181.
 1 SYSTEMPATH\Autoloader\Autoloader.php(289): CodeIgniter\Autoloader\Autoloader->includeFile('C:\\XAMPP\\htdocs\\SistemaGestionDocumental\\app\\Controllers\\ControladorCalendario.php')
 2 SYSTEMPATH\Autoloader\Autoloader.php(267): CodeIgniter\Autoloader\Autoloader->loadInNamespace('App\\Controllers\\ControladorCalendario')
 3 [internal function]: CodeIgniter\Autoloader\Autoloader->loadClass('App\\Controllers\\ControladorCalendario')
 4 SYSTEMPATH\CodeIgniter.php(892): class_exists('\\App\\Controllers\\ControladorCalendario', true)
 5 SYSTEMPATH\CodeIgniter.php(486): CodeIgniter\CodeIgniter->startController()
 6 SYSTEMPATH\CodeIgniter.php(368): CodeIgniter\CodeIgniter->handleRequest(null, Object(Config\Cache), false)
 7 FCPATH\index.php(67): CodeIgniter\CodeIgniter->run()
CRITICAL - 2023-09-12 17:56:27 --> syntax error, unexpected token "}", expecting "," or ";"
in APPPATH\Controllers\ControladorCalendario.php on line 181.
 1 SYSTEMPATH\Autoloader\Autoloader.php(289): CodeIgniter\Autoloader\Autoloader->includeFile('C:\\XAMPP\\htdocs\\SistemaGestionDocumental\\app\\Controllers\\ControladorCalendario.php')
 2 SYSTEMPATH\Autoloader\Autoloader.php(267): CodeIgniter\Autoloader\Autoloader->loadInNamespace('App\\Controllers\\ControladorCalendario')
 3 [internal function]: CodeIgniter\Autoloader\Autoloader->loadClass('App\\Controllers\\ControladorCalendario')
 4 SYSTEMPATH\CodeIgniter.php(892): class_exists('\\App\\Controllers\\ControladorCalendario', true)
 5 SYSTEMPATH\CodeIgniter.php(486): CodeIgniter\CodeIgniter->startController()
 6 SYSTEMPATH\CodeIgniter.php(368): CodeIgniter\CodeIgniter->handleRequest(null, Object(Config\Cache), false)
 7 FCPATH\index.php(67): CodeIgniter\CodeIgniter->run()
CRITICAL - 2023-09-12 17:56:27 --> syntax error, unexpected token "}", expecting "," or ";"
in APPPATH\Controllers\ControladorCalendario.php on line 181.
 1 SYSTEMPATH\Autoloader\Autoloader.php(289): CodeIgniter\Autoloader\Autoloader->includeFile('C:\\XAMPP\\htdocs\\SistemaGestionDocumental\\app\\Controllers\\ControladorCalendario.php')
 2 SYSTEMPATH\Autoloader\Autoloader.php(267): CodeIgniter\Autoloader\Autoloader->loadInNamespace('App\\Controllers\\ControladorCalendario')
 3 [internal function]: CodeIgniter\Autoloader\Autoloader->loadClass('App\\Controllers\\ControladorCalendario')
 4 SYSTEMPATH\CodeIgniter.php(892): class_exists('\\App\\Controllers\\ControladorCalendario', true)
 5 SYSTEMPATH\CodeIgniter.php(486): CodeIgniter\CodeIgniter->startController()
 6 SYSTEMPATH\CodeIgniter.php(368): CodeIgniter\CodeIgniter->handleRequest(null, Object(Config\Cache), false)
 7 FCPATH\index.php(67): CodeIgniter\CodeIgniter->run()
CRITICAL - 2023-09-12 17:56:27 --> syntax error, unexpected token "}", expecting "," or ";"
in APPPATH\Controllers\ControladorCalendario.php on line 181.
 1 SYSTEMPATH\Autoloader\Autoloader.php(289): CodeIgniter\Autoloader\Autoloader->includeFile('C:\\XAMPP\\htdocs\\SistemaGestionDocumental\\app\\Controllers\\ControladorCalendario.php')
 2 SYSTEMPATH\Autoloader\Autoloader.php(267): CodeIgniter\Autoloader\Autoloader->loadInNamespace('App\\Controllers\\ControladorCalendario')
 3 [internal function]: CodeIgniter\Autoloader\Autoloader->loadClass('App\\Controllers\\ControladorCalendario')
 4 SYSTEMPATH\CodeIgniter.php(892): class_exists('\\App\\Controllers\\ControladorCalendario', true)
 5 SYSTEMPATH\CodeIgniter.php(486): CodeIgniter\CodeIgniter->startController()
 6 SYSTEMPATH\CodeIgniter.php(368): CodeIgniter\CodeIgniter->handleRequest(null, Object(Config\Cache), false)
 7 FCPATH\index.php(67): CodeIgniter\CodeIgniter->run()
CRITICAL - 2023-09-12 17:56:30 --> syntax error, unexpected token "}", expecting "," or ";"
in APPPATH\Controllers\ControladorCalendario.php on line 181.
 1 SYSTEMPATH\Autoloader\Autoloader.php(289): CodeIgniter\Autoloader\Autoloader->includeFile('C:\\XAMPP\\htdocs\\SistemaGestionDocumental\\app\\Controllers\\ControladorCalendario.php')
 2 SYSTEMPATH\Autoloader\Autoloader.php(267): CodeIgniter\Autoloader\Autoloader->loadInNamespace('App\\Controllers\\ControladorCalendario')
 3 [internal function]: CodeIgniter\Autoloader\Autoloader->loadClass('App\\Controllers\\ControladorCalendario')
 4 SYSTEMPATH\CodeIgniter.php(892): class_exists('\\App\\Controllers\\ControladorCalendario', true)
 5 SYSTEMPATH\CodeIgniter.php(486): CodeIgniter\CodeIgniter->startController()
 6 SYSTEMPATH\CodeIgniter.php(368): CodeIgniter\CodeIgniter->handleRequest(null, Object(Config\Cache), false)
 7 FCPATH\index.php(67): CodeIgniter\CodeIgniter->run()
CRITICAL - 2023-09-12 17:56:31 --> Undefined constant "App\Controllers\s"
in APPPATH\Controllers\ControladorCalendario.php on line 180.
 1 SYSTEMPATH\CodeIgniter.php(934): App\Controllers\ControladorCalendario->insertar('POSGRADO')
 2 SYSTEMPATH\CodeIgniter.php(499): CodeIgniter\CodeIgniter->runController(Object(App\Controllers\ControladorCalendario))
 3 SYSTEMPATH\CodeIgniter.php(368): CodeIgniter\CodeIgniter->handleRequest(null, Object(Config\Cache), false)
 4 FCPATH\index.php(67): CodeIgniter\CodeIgniter->run()
CRITICAL - 2023-09-12 17:56:31 --> Undefined constant "App\Controllers\s"
in APPPATH\Controllers\ControladorCalendario.php on line 180.
 1 SYSTEMPATH\CodeIgniter.php(934): App\Controllers\ControladorCalendario->insertar('POSGRADO')
 2 SYSTEMPATH\CodeIgniter.php(499): CodeIgniter\CodeIgniter->runController(Object(App\Controllers\ControladorCalendario))
 3 SYSTEMPATH\CodeIgniter.php(368): CodeIgniter\CodeIgniter->handleRequest(null, Object(Config\Cache), false)
 4 FCPATH\index.php(67): CodeIgniter\CodeIgniter->run()
CRITICAL - 2023-09-12 17:56:31 --> Undefined constant "App\Controllers\s"
in APPPATH\Controllers\ControladorCalendario.php on line 180.
 1 SYSTEMPATH\CodeIgniter.php(934): App\Controllers\ControladorCalendario->insertar('POSGRADO')
 2 SYSTEMPATH\CodeIgniter.php(499): CodeIgniter\CodeIgniter->runController(Object(App\Controllers\ControladorCalendario))
 3 SYSTEMPATH\CodeIgniter.php(368): CodeIgniter\CodeIgniter->handleRequest(null, Object(Config\Cache), false)
 4 FCPATH\index.php(67): CodeIgniter\CodeIgniter->run()
CRITICAL - 2023-09-12 17:56:31 --> Undefined constant "App\Controllers\s"
in APPPATH\Controllers\ControladorCalendario.php on line 180.
 1 SYSTEMPATH\CodeIgniter.php(934): App\Controllers\ControladorCalendario->insertar('POSGRADO')
 2 SYSTEMPATH\CodeIgniter.php(499): CodeIgniter\CodeIgniter->runController(Object(App\Controllers\ControladorCalendario))
 3 SYSTEMPATH\CodeIgniter.php(368): CodeIgniter\CodeIgniter->handleRequest(null, Object(Config\Cache), false)
 4 FCPATH\index.php(67): CodeIgniter\CodeIgniter->run()
CRITICAL - 2023-09-12 17:56:32 --> Undefined constant "App\Controllers\s"
in APPPATH\Controllers\ControladorCalendario.php on line 180.
 1 SYSTEMPATH\CodeIgniter.php(934): App\Controllers\ControladorCalendario->insertar('POSGRADO')
 2 SYSTEMPATH\CodeIgniter.php(499): CodeIgniter\CodeIgniter->runController(Object(App\Controllers\ControladorCalendario))
 3 SYSTEMPATH\CodeIgniter.php(368): CodeIgniter\CodeIgniter->handleRequest(null, Object(Config\Cache), false)
 4 FCPATH\index.php(67): CodeIgniter\CodeIgniter->run()
CRITICAL - 2023-09-12 17:56:32 --> Undefined constant "App\Controllers\s"
in APPPATH\Controllers\ControladorCalendario.php on line 180.
 1 SYSTEMPATH\CodeIgniter.php(934): App\Controllers\ControladorCalendario->insertar('POSGRADO')
 2 SYSTEMPATH\CodeIgniter.php(499): CodeIgniter\CodeIgniter->runController(Object(App\Controllers\ControladorCalendario))
 3 SYSTEMPATH\CodeIgniter.php(368): CodeIgniter\CodeIgniter->handleRequest(null, Object(Config\Cache), false)
 4 FCPATH\index.php(67): CodeIgniter\CodeIgniter->run()
CRITICAL - 2023-09-12 17:56:32 --> Undefined constant "App\Controllers\s"
in APPPATH\Controllers\ControladorCalendario.php on line 180.
 1 SYSTEMPATH\CodeIgniter.php(934): App\Controllers\ControladorCalendario->insertar('POSGRADO')
 2 SYSTEMPATH\CodeIgniter.php(499): CodeIgniter\CodeIgniter->runController(Object(App\Controllers\ControladorCalendario))
 3 SYSTEMPATH\CodeIgniter.php(368): CodeIgniter\CodeIgniter->handleRequest(null, Object(Config\Cache), false)
 4 FCPATH\index.php(67): CodeIgniter\CodeIgniter->run()
CRITICAL - 2023-09-12 17:56:32 --> Undefined constant "App\Controllers\s"
in APPPATH\Controllers\ControladorCalendario.php on line 180.
 1 SYSTEMPATH\CodeIgniter.php(934): App\Controllers\ControladorCalendario->insertar('POSGRADO')
 2 SYSTEMPATH\CodeIgniter.php(499): CodeIgniter\CodeIgniter->runController(Object(App\Controllers\ControladorCalendario))
 3 SYSTEMPATH\CodeIgniter.php(368): CodeIgniter\CodeIgniter->handleRequest(null, Object(Config\Cache), false)
 4 FCPATH\index.php(67): CodeIgniter\CodeIgniter->run()
CRITICAL - 2023-09-12 17:56:32 --> Undefined constant "App\Controllers\s"
in APPPATH\Controllers\ControladorCalendario.php on line 180.
 1 SYSTEMPATH\CodeIgniter.php(934): App\Controllers\ControladorCalendario->insertar('POSGRADO')
 2 SYSTEMPATH\CodeIgniter.php(499): CodeIgniter\CodeIgniter->runController(Object(App\Controllers\ControladorCalendario))
 3 SYSTEMPATH\CodeIgniter.php(368): CodeIgniter\CodeIgniter->handleRequest(null, Object(Config\Cache), false)
 4 FCPATH\index.php(67): CodeIgniter\CodeIgniter->run()
CRITICAL - 2023-09-12 17:56:37 --> Unclosed '{' on line 179
in APPPATH\Controllers\ControladorCalendario.php on line 191.
 1 SYSTEMPATH\Autoloader\Autoloader.php(289): CodeIgniter\Autoloader\Autoloader->includeFile('C:\\XAMPP\\htdocs\\SistemaGestionDocumental\\app\\Controllers\\ControladorCalendario.php')
 2 SYSTEMPATH\Autoloader\Autoloader.php(267): CodeIgniter\Autoloader\Autoloader->loadInNamespace('App\\Controllers\\ControladorCalendario')
 3 [internal function]: CodeIgniter\Autoloader\Autoloader->loadClass('App\\Controllers\\ControladorCalendario')
 4 SYSTEMPATH\CodeIgniter.php(892): class_exists('\\App\\Controllers\\ControladorCalendario', true)
 5 SYSTEMPATH\CodeIgniter.php(486): CodeIgniter\CodeIgniter->startController()
 6 SYSTEMPATH\CodeIgniter.php(368): CodeIgniter\CodeIgniter->handleRequest(null, Object(Config\Cache), false)
 7 FCPATH\index.php(67): CodeIgniter\CodeIgniter->run()
CRITICAL - 2023-09-12 17:56:37 --> Unclosed '{' on line 179
in APPPATH\Controllers\ControladorCalendario.php on line 191.
 1 SYSTEMPATH\Autoloader\Autoloader.php(289): CodeIgniter\Autoloader\Autoloader->includeFile('C:\\XAMPP\\htdocs\\SistemaGestionDocumental\\app\\Controllers\\ControladorCalendario.php')
 2 SYSTEMPATH\Autoloader\Autoloader.php(267): CodeIgniter\Autoloader\Autoloader->loadInNamespace('App\\Controllers\\ControladorCalendario')
 3 [internal function]: CodeIgniter\Autoloader\Autoloader->loadClass('App\\Controllers\\ControladorCalendario')
 4 SYSTEMPATH\CodeIgniter.php(892): class_exists('\\App\\Controllers\\ControladorCalendario', true)
 5 SYSTEMPATH\CodeIgniter.php(486): CodeIgniter\CodeIgniter->startController()
 6 SYSTEMPATH\CodeIgniter.php(368): CodeIgniter\CodeIgniter->handleRequest(null, Object(Config\Cache), false)
 7 FCPATH\index.php(67): CodeIgniter\CodeIgniter->run()
CRITICAL - 2023-09-12 17:56:38 --> Unclosed '{' on line 179
in APPPATH\Controllers\ControladorCalendario.php on line 191.
 1 SYSTEMPATH\Autoloader\Autoloader.php(289): CodeIgniter\Autoloader\Autoloader->includeFile('C:\\XAMPP\\htdocs\\SistemaGestionDocumental\\app\\Controllers\\ControladorCalendario.php')
 2 SYSTEMPATH\Autoloader\Autoloader.php(267): CodeIgniter\Autoloader\Autoloader->loadInNamespace('App\\Controllers\\ControladorCalendario')
 3 [internal function]: CodeIgniter\Autoloader\Autoloader->loadClass('App\\Controllers\\ControladorCalendario')
 4 SYSTEMPATH\CodeIgniter.php(892): class_exists('\\App\\Controllers\\ControladorCalendario', true)
 5 SYSTEMPATH\CodeIgniter.php(486): CodeIgniter\CodeIgniter->startController()
 6 SYSTEMPATH\CodeIgniter.php(368): CodeIgniter\CodeIgniter->handleRequest(null, Object(Config\Cache), false)
 7 FCPATH\index.php(67): CodeIgniter\CodeIgniter->run()
CRITICAL - 2023-09-12 17:56:38 --> Unclosed '{' on line 179
in APPPATH\Controllers\ControladorCalendario.php on line 191.
 1 SYSTEMPATH\Autoloader\Autoloader.php(289): CodeIgniter\Autoloader\Autoloader->includeFile('C:\\XAMPP\\htdocs\\SistemaGestionDocumental\\app\\Controllers\\ControladorCalendario.php')
 2 SYSTEMPATH\Autoloader\Autoloader.php(267): CodeIgniter\Autoloader\Autoloader->loadInNamespace('App\\Controllers\\ControladorCalendario')
 3 [internal function]: CodeIgniter\Autoloader\Autoloader->loadClass('App\\Controllers\\ControladorCalendario')
 4 SYSTEMPATH\CodeIgniter.php(892): class_exists('\\App\\Controllers\\ControladorCalendario', true)
 5 SYSTEMPATH\CodeIgniter.php(486): CodeIgniter\CodeIgniter->startController()
 6 SYSTEMPATH\CodeIgniter.php(368): CodeIgniter\CodeIgniter->handleRequest(null, Object(Config\Cache), false)
 7 FCPATH\index.php(67): CodeIgniter\CodeIgniter->run()
CRITICAL - 2023-09-12 17:56:38 --> Unclosed '{' on line 179
in APPPATH\Controllers\ControladorCalendario.php on line 191.
 1 SYSTEMPATH\Autoloader\Autoloader.php(289): CodeIgniter\Autoloader\Autoloader->includeFile('C:\\XAMPP\\htdocs\\SistemaGestionDocumental\\app\\Controllers\\ControladorCalendario.php')
 2 SYSTEMPATH\Autoloader\Autoloader.php(267): CodeIgniter\Autoloader\Autoloader->loadInNamespace('App\\Controllers\\ControladorCalendario')
 3 [internal function]: CodeIgniter\Autoloader\Autoloader->loadClass('App\\Controllers\\ControladorCalendario')
 4 SYSTEMPATH\CodeIgniter.php(892): class_exists('\\App\\Controllers\\ControladorCalendario', true)
 5 SYSTEMPATH\CodeIgniter.php(486): CodeIgniter\CodeIgniter->startController()
 6 SYSTEMPATH\CodeIgniter.php(368): CodeIgniter\CodeIgniter->handleRequest(null, Object(Config\Cache), false)
 7 FCPATH\index.php(67): CodeIgniter\CodeIgniter->run()
CRITICAL - 2023-09-12 17:56:38 --> Unclosed '{' on line 179
in APPPATH\Controllers\ControladorCalendario.php on line 191.
 1 SYSTEMPATH\Autoloader\Autoloader.php(289): CodeIgniter\Autoloader\Autoloader->includeFile('C:\\XAMPP\\htdocs\\SistemaGestionDocumental\\app\\Controllers\\ControladorCalendario.php')
 2 SYSTEMPATH\Autoloader\Autoloader.php(267): CodeIgniter\Autoloader\Autoloader->loadInNamespace('App\\Controllers\\ControladorCalendario')
 3 [internal function]: CodeIgniter\Autoloader\Autoloader->loadClass('App\\Controllers\\ControladorCalendario')
 4 SYSTEMPATH\CodeIgniter.php(892): class_exists('\\App\\Controllers\\ControladorCalendario', true)
 5 SYSTEMPATH\CodeIgniter.php(486): CodeIgniter\CodeIgniter->startController()
 6 SYSTEMPATH\CodeIgniter.php(368): CodeIgniter\CodeIgniter->handleRequest(null, Object(Config\Cache), false)
 7 FCPATH\index.php(67): CodeIgniter\CodeIgniter->run()
CRITICAL - 2023-09-12 17:56:38 --> Unclosed '{' on line 179
in APPPATH\Controllers\ControladorCalendario.php on line 191.
 1 SYSTEMPATH\Autoloader\Autoloader.php(289): CodeIgniter\Autoloader\Autoloader->includeFile('C:\\XAMPP\\htdocs\\SistemaGestionDocumental\\app\\Controllers\\ControladorCalendario.php')
 2 SYSTEMPATH\Autoloader\Autoloader.php(267): CodeIgniter\Autoloader\Autoloader->loadInNamespace('App\\Controllers\\ControladorCalendario')
 3 [internal function]: CodeIgniter\Autoloader\Autoloader->loadClass('App\\Controllers\\ControladorCalendario')
 4 SYSTEMPATH\CodeIgniter.php(892): class_exists('\\App\\Controllers\\ControladorCalendario', true)
 5 SYSTEMPATH\CodeIgniter.php(486): CodeIgniter\CodeIgniter->startController()
 6 SYSTEMPATH\CodeIgniter.php(368): CodeIgniter\CodeIgniter->handleRequest(null, Object(Config\Cache), false)
 7 FCPATH\index.php(67): CodeIgniter\CodeIgniter->run()
CRITICAL - 2023-09-12 20:07:01 --> Cannot access offset of type string on string
in APPPATH\Controllers\ControladorCalendario.php on line 183.
 1 SYSTEMPATH\CodeIgniter.php(934): App\Controllers\ControladorCalendario->insertar('POSGRADO')
 2 SYSTEMPATH\CodeIgniter.php(499): CodeIgniter\CodeIgniter->runController(Object(App\Controllers\ControladorCalendario))
 3 SYSTEMPATH\CodeIgniter.php(368): CodeIgniter\CodeIgniter->handleRequest(null, Object(Config\Cache), false)
 4 FCPATH\index.php(67): CodeIgniter\CodeIgniter->run()
CRITICAL - 2023-09-12 20:07:01 --> Cannot access offset of type string on string
in APPPATH\Controllers\ControladorCalendario.php on line 183.
 1 SYSTEMPATH\CodeIgniter.php(934): App\Controllers\ControladorCalendario->insertar('POSGRADO')
 2 SYSTEMPATH\CodeIgniter.php(499): CodeIgniter\CodeIgniter->runController(Object(App\Controllers\ControladorCalendario))
 3 SYSTEMPATH\CodeIgniter.php(368): CodeIgniter\CodeIgniter->handleRequest(null, Object(Config\Cache), false)
 4 FCPATH\index.php(67): CodeIgniter\CodeIgniter->run()
CRITICAL - 2023-09-12 20:07:02 --> Cannot access offset of type string on string
in APPPATH\Controllers\ControladorCalendario.php on line 183.
 1 SYSTEMPATH\CodeIgniter.php(934): App\Controllers\ControladorCalendario->insertar('POSGRADO')
 2 SYSTEMPATH\CodeIgniter.php(499): CodeIgniter\CodeIgniter->runController(Object(App\Controllers\ControladorCalendario))
 3 SYSTEMPATH\CodeIgniter.php(368): CodeIgniter\CodeIgniter->handleRequest(null, Object(Config\Cache), false)
 4 FCPATH\index.php(67): CodeIgniter\CodeIgniter->run()
CRITICAL - 2023-09-12 20:07:02 --> Cannot access offset of type string on string
in APPPATH\Controllers\ControladorCalendario.php on line 183.
 1 SYSTEMPATH\CodeIgniter.php(934): App\Controllers\ControladorCalendario->insertar('POSGRADO')
 2 SYSTEMPATH\CodeIgniter.php(499): CodeIgniter\CodeIgniter->runController(Object(App\Controllers\ControladorCalendario))
 3 SYSTEMPATH\CodeIgniter.php(368): CodeIgniter\CodeIgniter->handleRequest(null, Object(Config\Cache), false)
 4 FCPATH\index.php(67): CodeIgniter\CodeIgniter->run()
CRITICAL - 2023-09-12 20:07:03 --> Cannot access offset of type string on string
in APPPATH\Controllers\ControladorCalendario.php on line 183.
 1 SYSTEMPATH\CodeIgniter.php(934): App\Controllers\ControladorCalendario->insertar('POSGRADO')
 2 SYSTEMPATH\CodeIgniter.php(499): CodeIgniter\CodeIgniter->runController(Object(App\Controllers\ControladorCalendario))
 3 SYSTEMPATH\CodeIgniter.php(368): CodeIgniter\CodeIgniter->handleRequest(null, Object(Config\Cache), false)
 4 FCPATH\index.php(67): CodeIgniter\CodeIgniter->run()
CRITICAL - 2023-09-12 20:07:03 --> Cannot access offset of type string on string
in APPPATH\Controllers\ControladorCalendario.php on line 183.
 1 SYSTEMPATH\CodeIgniter.php(934): App\Controllers\ControladorCalendario->insertar('POSGRADO')
 2 SYSTEMPATH\CodeIgniter.php(499): CodeIgniter\CodeIgniter->runController(Object(App\Controllers\ControladorCalendario))
 3 SYSTEMPATH\CodeIgniter.php(368): CodeIgniter\CodeIgniter->handleRequest(null, Object(Config\Cache), false)
 4 FCPATH\index.php(67): CodeIgniter\CodeIgniter->run()
CRITICAL - 2023-09-12 20:07:03 --> Cannot access offset of type string on string
in APPPATH\Controllers\ControladorCalendario.php on line 183.
 1 SYSTEMPATH\CodeIgniter.php(934): App\Controllers\ControladorCalendario->insertar('POSGRADO')
 2 SYSTEMPATH\CodeIgniter.php(499): CodeIgniter\CodeIgniter->runController(Object(App\Controllers\ControladorCalendario))
 3 SYSTEMPATH\CodeIgniter.php(368): CodeIgniter\CodeIgniter->handleRequest(null, Object(Config\Cache), false)
 4 FCPATH\index.php(67): CodeIgniter\CodeIgniter->run()
CRITICAL - 2023-09-12 20:07:07 --> Cannot access offset of type string on string
in APPPATH\Controllers\ControladorCalendario.php on line 183.
 1 SYSTEMPATH\CodeIgniter.php(934): App\Controllers\ControladorCalendario->insertar('POSGRADO')
 2 SYSTEMPATH\CodeIgniter.php(499): CodeIgniter\CodeIgniter->runController(Object(App\Controllers\ControladorCalendario))
 3 SYSTEMPATH\CodeIgniter.php(368): CodeIgniter\CodeIgniter->handleRequest(null, Object(Config\Cache), false)
 4 FCPATH\index.php(67): CodeIgniter\CodeIgniter->run()
CRITICAL - 2023-09-12 20:54:37 --> scandir(): Argument #1 ($directory) cannot be empty
in APPPATH\Controllers\ControladorCalendario.php on line 48.
 1 APPPATH\Controllers\ControladorCalendario.php(48): scandir('')
 2 SYSTEMPATH\CodeIgniter.php(934): App\Controllers\ControladorCalendario->ver('3')
 3 SYSTEMPATH\CodeIgniter.php(499): CodeIgniter\CodeIgniter->runController(Object(App\Controllers\ControladorCalendario))
 4 SYSTEMPATH\CodeIgniter.php(368): CodeIgniter\CodeIgniter->handleRequest(null, Object(Config\Cache), false)
 5 FCPATH\index.php(67): CodeIgniter\CodeIgniter->run()
CRITICAL - 2023-09-12 20:54:41 --> scandir(): Argument #1 ($directory) cannot be empty
in APPPATH\Controllers\ControladorCalendario.php on line 48.
 1 APPPATH\Controllers\ControladorCalendario.php(48): scandir('')
 2 SYSTEMPATH\CodeIgniter.php(934): App\Controllers\ControladorCalendario->ver('3')
 3 SYSTEMPATH\CodeIgniter.php(499): CodeIgniter\CodeIgniter->runController(Object(App\Controllers\ControladorCalendario))
 4 SYSTEMPATH\CodeIgniter.php(368): CodeIgniter\CodeIgniter->handleRequest(null, Object(Config\Cache), false)
 5 FCPATH\index.php(67): CodeIgniter\CodeIgniter->run()
