ERROR - 2024-01-12 16:53:49 --> Error connecting to the database: ErrorException: mysqli::real_connect(): php_network_getaddresses: getaddrinfo for mysql failed: Host desconocido.  in C:\xampp\htdocs\SistemaGestionDocumental\system\Database\MySQLi\Connection.php:173
Stack trace:
#0 [internal function]: CodeIgniter\Debug\Exceptions->errorHandler(2, 'mysqli::real_co...', 'C:\\xampp\\htdocs...', 173)
#1 C:\xampp\htdocs\SistemaGestionDocumental\system\Database\MySQLi\Connection.php(173): mysqli->real_connect('mysql', 'root', Object(SensitiveParameterValue), 'gestion_documen...', 3306, '', 0)
#2 C:\xampp\htdocs\SistemaGestionDocumental\system\Database\BaseConnection.php(391): CodeIgniter\Database\MySQLi\Connection->connect(false)
#3 C:\xampp\htdocs\SistemaGestionDocumental\system\Database\BaseConnection.php(574): CodeIgniter\Database\BaseConnection->initialize()
#4 C:\xampp\htdocs\SistemaGestionDocumental\system\Database\BaseBuilder.php(1616): CodeIgniter\Database\BaseConnection->query('SELECT *\nFROM `...', Array, false)
#5 C:\xampp\htdocs\SistemaGestionDocumental\system\Model.php(241): CodeIgniter\Database\BaseBuilder->get()
#6 C:\xampp\htdocs\SistemaGestionDocumental\system\BaseModel.php(618): CodeIgniter\Model->doFindAll(0, 0)
#7 C:\xampp\htdocs\SistemaGestionDocumental\app\Models\ModelFEescuelas.php(41): CodeIgniter\BaseModel->findAll()
#8 C:\xampp\htdocs\SistemaGestionDocumental\app\Views\DatosEstadisticos\PosGrados\vista_fe_posgrad.php(44): App\Models\ModelFEescuelas->contarEscuelasPosgrado()
#9 C:\xampp\htdocs\SistemaGestionDocumental\system\View\View.php(213): include('C:\\xampp\\htdocs...')
#10 C:\xampp\htdocs\SistemaGestionDocumental\system\View\View.php(216): CodeIgniter\View\View->CodeIgniter\View\{closure}()
#11 C:\xampp\htdocs\SistemaGestionDocumental\system\Common.php(1184): CodeIgniter\View\View->render('/DatosEstadisti...', Array, true)
#12 C:\xampp\htdocs\SistemaGestionDocumental\app\Controllers\ControladorEstadistico.php(94): view('/DatosEstadisti...')
#13 C:\xampp\htdocs\SistemaGestionDocumental\system\CodeIgniter.php(934): App\Controllers\ControladorEstadistico->filtroEstadisticoPosgrado()
#14 C:\xampp\htdocs\SistemaGestionDocumental\system\CodeIgniter.php(499): CodeIgniter\CodeIgniter->runController(Object(App\Controllers\ControladorEstadistico))
#15 C:\xampp\htdocs\SistemaGestionDocumental\system\CodeIgniter.php(368): CodeIgniter\CodeIgniter->handleRequest(NULL, Object(Config\Cache), false)
#16 C:\xampp\htdocs\SistemaGestionDocumental\index.php(67): CodeIgniter\CodeIgniter->run()
#17 {main}

Next mysqli_sql_exception: php_network_getaddresses: getaddrinfo for mysql failed: Host desconocido.  in C:\xampp\htdocs\SistemaGestionDocumental\system\Database\MySQLi\Connection.php:173
Stack trace:
#0 C:\xampp\htdocs\SistemaGestionDocumental\system\Database\MySQLi\Connection.php(173): mysqli->real_connect('mysql', 'root', Object(SensitiveParameterValue), 'gestion_documen...', 3306, '', 0)
#1 C:\xampp\htdocs\SistemaGestionDocumental\system\Database\BaseConnection.php(391): CodeIgniter\Database\MySQLi\Connection->connect(false)
#2 C:\xampp\htdocs\SistemaGestionDocumental\system\Database\BaseConnection.php(574): CodeIgniter\Database\BaseConnection->initialize()
#3 C:\xampp\htdocs\SistemaGestionDocumental\system\Database\BaseBuilder.php(1616): CodeIgniter\Database\BaseConnection->query('SELECT *\nFROM `...', Array, false)
#4 C:\xampp\htdocs\SistemaGestionDocumental\system\Model.php(241): CodeIgniter\Database\BaseBuilder->get()
#5 C:\xampp\htdocs\SistemaGestionDocumental\system\BaseModel.php(618): CodeIgniter\Model->doFindAll(0, 0)
#6 C:\xampp\htdocs\SistemaGestionDocumental\app\Models\ModelFEescuelas.php(41): CodeIgniter\BaseModel->findAll()
#7 C:\xampp\htdocs\SistemaGestionDocumental\app\Views\DatosEstadisticos\PosGrados\vista_fe_posgrad.php(44): App\Models\ModelFEescuelas->contarEscuelasPosgrado()
#8 C:\xampp\htdocs\SistemaGestionDocumental\system\View\View.php(213): include('C:\\xampp\\htdocs...')
#9 C:\xampp\htdocs\SistemaGestionDocumental\system\View\View.php(216): CodeIgniter\View\View->CodeIgniter\View\{closure}()
#10 C:\xampp\htdocs\SistemaGestionDocumental\system\Common.php(1184): CodeIgniter\View\View->render('/DatosEstadisti...', Array, true)
#11 C:\xampp\htdocs\SistemaGestionDocumental\app\Controllers\ControladorEstadistico.php(94): view('/DatosEstadisti...')
#12 C:\xampp\htdocs\SistemaGestionDocumental\system\CodeIgniter.php(934): App\Controllers\ControladorEstadistico->filtroEstadisticoPosgrado()
#13 C:\xampp\htdocs\SistemaGestionDocumental\system\CodeIgniter.php(499): CodeIgniter\CodeIgniter->runController(Object(App\Controllers\ControladorEstadistico))
#14 C:\xampp\htdocs\SistemaGestionDocumental\system\CodeIgniter.php(368): CodeIgniter\CodeIgniter->handleRequest(NULL, Object(Config\Cache), false)
#15 C:\xampp\htdocs\SistemaGestionDocumental\index.php(67): CodeIgniter\CodeIgniter->run()
#16 {main}

Next CodeIgniter\Database\Exceptions\DatabaseException: php_network_getaddresses: getaddrinfo for mysql failed: Host desconocido.  in C:\xampp\htdocs\SistemaGestionDocumental\system\Database\MySQLi\Connection.php:218
Stack trace:
#0 C:\xampp\htdocs\SistemaGestionDocumental\system\Database\BaseConnection.php(391): CodeIgniter\Database\MySQLi\Connection->connect(false)
#1 C:\xampp\htdocs\SistemaGestionDocumental\system\Database\BaseConnection.php(574): CodeIgniter\Database\BaseConnection->initialize()
#2 C:\xampp\htdocs\SistemaGestionDocumental\system\Database\BaseBuilder.php(1616): CodeIgniter\Database\BaseConnection->query('SELECT *\nFROM `...', Array, false)
#3 C:\xampp\htdocs\SistemaGestionDocumental\system\Model.php(241): CodeIgniter\Database\BaseBuilder->get()
#4 C:\xampp\htdocs\SistemaGestionDocumental\system\BaseModel.php(618): CodeIgniter\Model->doFindAll(0, 0)
#5 C:\xampp\htdocs\SistemaGestionDocumental\app\Models\ModelFEescuelas.php(41): CodeIgniter\BaseModel->findAll()
#6 C:\xampp\htdocs\SistemaGestionDocumental\app\Views\DatosEstadisticos\PosGrados\vista_fe_posgrad.php(44): App\Models\ModelFEescuelas->contarEscuelasPosgrado()
#7 C:\xampp\htdocs\SistemaGestionDocumental\system\View\View.php(213): include('C:\\xampp\\htdocs...')
#8 C:\xampp\htdocs\SistemaGestionDocumental\system\View\View.php(216): CodeIgniter\View\View->CodeIgniter\View\{closure}()
#9 C:\xampp\htdocs\SistemaGestionDocumental\system\Common.php(1184): CodeIgniter\View\View->render('/DatosEstadisti...', Array, true)
#10 C:\xampp\htdocs\SistemaGestionDocumental\app\Controllers\ControladorEstadistico.php(94): view('/DatosEstadisti...')
#11 C:\xampp\htdocs\SistemaGestionDocumental\system\CodeIgniter.php(934): App\Controllers\ControladorEstadistico->filtroEstadisticoPosgrado()
#12 C:\xampp\htdocs\SistemaGestionDocumental\system\CodeIgniter.php(499): CodeIgniter\CodeIgniter->runController(Object(App\Controllers\ControladorEstadistico))
#13 C:\xampp\htdocs\SistemaGestionDocumental\system\CodeIgniter.php(368): CodeIgniter\CodeIgniter->handleRequest(NULL, Object(Config\Cache), false)
#14 C:\xampp\htdocs\SistemaGestionDocumental\index.php(67): CodeIgniter\CodeIgniter->run()
#15 {main}
CRITICAL - 2024-01-12 16:53:49 --> Unable to connect to the database.
Main connection [MySQLi]: php_network_getaddresses: getaddrinfo for mysql failed: Host desconocido. 
in SYSTEMPATH\Database\BaseConnection.php on line 427.
 1 SYSTEMPATH\Database\BaseConnection.php(574): CodeIgniter\Database\BaseConnection->initialize()
 2 SYSTEMPATH\Database\BaseBuilder.php(1616): CodeIgniter\Database\BaseConnection->query('SELECT *
FROM `tbl_carrera`
WHERE `CTIP_ID` = :CTIP_ID:
AND `CAR_ESCUELA` = :CAR_ESCUELA:', [...], false)
 3 SYSTEMPATH\Model.php(241): CodeIgniter\Database\BaseBuilder->get()
 4 SYSTEMPATH\BaseModel.php(618): CodeIgniter\Model->doFindAll(0, 0)
 5 APPPATH\Models\ModelFEescuelas.php(41): CodeIgniter\BaseModel->findAll()
 6 APPPATH\Views\DatosEstadisticos\PosGrados\vista_fe_posgrad.php(44): App\Models\ModelFEescuelas->contarEscuelasPosgrado()
 7 SYSTEMPATH\View\View.php(213): include('C:\\xampp\\htdocs\\SistemaGestionDocumental\\app\\Views\\DatosEstadisticos\\PosGrados\\vista_fe_posgrad.php')
 8 SYSTEMPATH\View\View.php(216): CodeIgniter\View\View->CodeIgniter\View\{closure}()
 9 SYSTEMPATH\Common.php(1184): CodeIgniter\View\View->render('/DatosEstadisticos/PosGrados/vista_fe_posgrad', [], true)
10 APPPATH\Controllers\ControladorEstadistico.php(94): view('/DatosEstadisticos/PosGrados/vista_fe_posgrad')
11 SYSTEMPATH\CodeIgniter.php(934): App\Controllers\ControladorEstadistico->filtroEstadisticoPosgrado()
12 SYSTEMPATH\CodeIgniter.php(499): CodeIgniter\CodeIgniter->runController(Object(App\Controllers\ControladorEstadistico))
13 SYSTEMPATH\CodeIgniter.php(368): CodeIgniter\CodeIgniter->handleRequest(null, Object(Config\Cache), false)
14 FCPATH\index.php(67): CodeIgniter\CodeIgniter->run()
ERROR - 2024-01-12 16:54:15 --> Error connecting to the database: ErrorException: mysqli::real_connect(): php_network_getaddresses: getaddrinfo for mysql failed: Host desconocido.  in C:\xampp\htdocs\SistemaGestionDocumental\system\Database\MySQLi\Connection.php:173
Stack trace:
#0 [internal function]: CodeIgniter\Debug\Exceptions->errorHandler(2, 'mysqli::real_co...', 'C:\\xampp\\htdocs...', 173)
#1 C:\xampp\htdocs\SistemaGestionDocumental\system\Database\MySQLi\Connection.php(173): mysqli->real_connect('mysql', 'root', Object(SensitiveParameterValue), 'gestion_documen...', 3306, '', 0)
#2 C:\xampp\htdocs\SistemaGestionDocumental\system\Database\BaseConnection.php(391): CodeIgniter\Database\MySQLi\Connection->connect(false)
#3 C:\xampp\htdocs\SistemaGestionDocumental\system\Database\BaseConnection.php(574): CodeIgniter\Database\BaseConnection->initialize()
#4 C:\xampp\htdocs\SistemaGestionDocumental\system\Database\BaseBuilder.php(1616): CodeIgniter\Database\BaseConnection->query('SELECT *\nFROM `...', Array, false)
#5 C:\xampp\htdocs\SistemaGestionDocumental\system\Model.php(241): CodeIgniter\Database\BaseBuilder->get()
#6 C:\xampp\htdocs\SistemaGestionDocumental\system\BaseModel.php(618): CodeIgniter\Model->doFindAll(0, 0)
#7 C:\xampp\htdocs\SistemaGestionDocumental\app\Models\ModelFEescuelas.php(41): CodeIgniter\BaseModel->findAll()
#8 C:\xampp\htdocs\SistemaGestionDocumental\app\Views\DatosEstadisticos\PosGrados\vista_fe_posgrad.php(44): App\Models\ModelFEescuelas->contarEscuelasPosgrado()
#9 C:\xampp\htdocs\SistemaGestionDocumental\system\View\View.php(213): include('C:\\xampp\\htdocs...')
#10 C:\xampp\htdocs\SistemaGestionDocumental\system\View\View.php(216): CodeIgniter\View\View->CodeIgniter\View\{closure}()
#11 C:\xampp\htdocs\SistemaGestionDocumental\system\Common.php(1184): CodeIgniter\View\View->render('/DatosEstadisti...', Array, true)
#12 C:\xampp\htdocs\SistemaGestionDocumental\app\Controllers\ControladorEstadistico.php(94): view('/DatosEstadisti...')
#13 C:\xampp\htdocs\SistemaGestionDocumental\system\CodeIgniter.php(934): App\Controllers\ControladorEstadistico->filtroEstadisticoPosgrado()
#14 C:\xampp\htdocs\SistemaGestionDocumental\system\CodeIgniter.php(499): CodeIgniter\CodeIgniter->runController(Object(App\Controllers\ControladorEstadistico))
#15 C:\xampp\htdocs\SistemaGestionDocumental\system\CodeIgniter.php(368): CodeIgniter\CodeIgniter->handleRequest(NULL, Object(Config\Cache), false)
#16 C:\xampp\htdocs\SistemaGestionDocumental\index.php(67): CodeIgniter\CodeIgniter->run()
#17 {main}

Next mysqli_sql_exception: php_network_getaddresses: getaddrinfo for mysql failed: Host desconocido.  in C:\xampp\htdocs\SistemaGestionDocumental\system\Database\MySQLi\Connection.php:173
Stack trace:
#0 C:\xampp\htdocs\SistemaGestionDocumental\system\Database\MySQLi\Connection.php(173): mysqli->real_connect('mysql', 'root', Object(SensitiveParameterValue), 'gestion_documen...', 3306, '', 0)
#1 C:\xampp\htdocs\SistemaGestionDocumental\system\Database\BaseConnection.php(391): CodeIgniter\Database\MySQLi\Connection->connect(false)
#2 C:\xampp\htdocs\SistemaGestionDocumental\system\Database\BaseConnection.php(574): CodeIgniter\Database\BaseConnection->initialize()
#3 C:\xampp\htdocs\SistemaGestionDocumental\system\Database\BaseBuilder.php(1616): CodeIgniter\Database\BaseConnection->query('SELECT *\nFROM `...', Array, false)
#4 C:\xampp\htdocs\SistemaGestionDocumental\system\Model.php(241): CodeIgniter\Database\BaseBuilder->get()
#5 C:\xampp\htdocs\SistemaGestionDocumental\system\BaseModel.php(618): CodeIgniter\Model->doFindAll(0, 0)
#6 C:\xampp\htdocs\SistemaGestionDocumental\app\Models\ModelFEescuelas.php(41): CodeIgniter\BaseModel->findAll()
#7 C:\xampp\htdocs\SistemaGestionDocumental\app\Views\DatosEstadisticos\PosGrados\vista_fe_posgrad.php(44): App\Models\ModelFEescuelas->contarEscuelasPosgrado()
#8 C:\xampp\htdocs\SistemaGestionDocumental\system\View\View.php(213): include('C:\\xampp\\htdocs...')
#9 C:\xampp\htdocs\SistemaGestionDocumental\system\View\View.php(216): CodeIgniter\View\View->CodeIgniter\View\{closure}()
#10 C:\xampp\htdocs\SistemaGestionDocumental\system\Common.php(1184): CodeIgniter\View\View->render('/DatosEstadisti...', Array, true)
#11 C:\xampp\htdocs\SistemaGestionDocumental\app\Controllers\ControladorEstadistico.php(94): view('/DatosEstadisti...')
#12 C:\xampp\htdocs\SistemaGestionDocumental\system\CodeIgniter.php(934): App\Controllers\ControladorEstadistico->filtroEstadisticoPosgrado()
#13 C:\xampp\htdocs\SistemaGestionDocumental\system\CodeIgniter.php(499): CodeIgniter\CodeIgniter->runController(Object(App\Controllers\ControladorEstadistico))
#14 C:\xampp\htdocs\SistemaGestionDocumental\system\CodeIgniter.php(368): CodeIgniter\CodeIgniter->handleRequest(NULL, Object(Config\Cache), false)
#15 C:\xampp\htdocs\SistemaGestionDocumental\index.php(67): CodeIgniter\CodeIgniter->run()
#16 {main}

Next CodeIgniter\Database\Exceptions\DatabaseException: php_network_getaddresses: getaddrinfo for mysql failed: Host desconocido.  in C:\xampp\htdocs\SistemaGestionDocumental\system\Database\MySQLi\Connection.php:218
Stack trace:
#0 C:\xampp\htdocs\SistemaGestionDocumental\system\Database\BaseConnection.php(391): CodeIgniter\Database\MySQLi\Connection->connect(false)
#1 C:\xampp\htdocs\SistemaGestionDocumental\system\Database\BaseConnection.php(574): CodeIgniter\Database\BaseConnection->initialize()
#2 C:\xampp\htdocs\SistemaGestionDocumental\system\Database\BaseBuilder.php(1616): CodeIgniter\Database\BaseConnection->query('SELECT *\nFROM `...', Array, false)
#3 C:\xampp\htdocs\SistemaGestionDocumental\system\Model.php(241): CodeIgniter\Database\BaseBuilder->get()
#4 C:\xampp\htdocs\SistemaGestionDocumental\system\BaseModel.php(618): CodeIgniter\Model->doFindAll(0, 0)
#5 C:\xampp\htdocs\SistemaGestionDocumental\app\Models\ModelFEescuelas.php(41): CodeIgniter\BaseModel->findAll()
#6 C:\xampp\htdocs\SistemaGestionDocumental\app\Views\DatosEstadisticos\PosGrados\vista_fe_posgrad.php(44): App\Models\ModelFEescuelas->contarEscuelasPosgrado()
#7 C:\xampp\htdocs\SistemaGestionDocumental\system\View\View.php(213): include('C:\\xampp\\htdocs...')
#8 C:\xampp\htdocs\SistemaGestionDocumental\system\View\View.php(216): CodeIgniter\View\View->CodeIgniter\View\{closure}()
#9 C:\xampp\htdocs\SistemaGestionDocumental\system\Common.php(1184): CodeIgniter\View\View->render('/DatosEstadisti...', Array, true)
#10 C:\xampp\htdocs\SistemaGestionDocumental\app\Controllers\ControladorEstadistico.php(94): view('/DatosEstadisti...')
#11 C:\xampp\htdocs\SistemaGestionDocumental\system\CodeIgniter.php(934): App\Controllers\ControladorEstadistico->filtroEstadisticoPosgrado()
#12 C:\xampp\htdocs\SistemaGestionDocumental\system\CodeIgniter.php(499): CodeIgniter\CodeIgniter->runController(Object(App\Controllers\ControladorEstadistico))
#13 C:\xampp\htdocs\SistemaGestionDocumental\system\CodeIgniter.php(368): CodeIgniter\CodeIgniter->handleRequest(NULL, Object(Config\Cache), false)
#14 C:\xampp\htdocs\SistemaGestionDocumental\index.php(67): CodeIgniter\CodeIgniter->run()
#15 {main}
CRITICAL - 2024-01-12 16:54:15 --> Unable to connect to the database.
Main connection [MySQLi]: php_network_getaddresses: getaddrinfo for mysql failed: Host desconocido. 
in SYSTEMPATH\Database\BaseConnection.php on line 427.
 1 SYSTEMPATH\Database\BaseConnection.php(574): CodeIgniter\Database\BaseConnection->initialize()
 2 SYSTEMPATH\Database\BaseBuilder.php(1616): CodeIgniter\Database\BaseConnection->query('SELECT *
FROM `tbl_carrera`
WHERE `CTIP_ID` = :CTIP_ID:
AND `CAR_ESCUELA` = :CAR_ESCUELA:', [...], false)
 3 SYSTEMPATH\Model.php(241): CodeIgniter\Database\BaseBuilder->get()
 4 SYSTEMPATH\BaseModel.php(618): CodeIgniter\Model->doFindAll(0, 0)
 5 APPPATH\Models\ModelFEescuelas.php(41): CodeIgniter\BaseModel->findAll()
 6 APPPATH\Views\DatosEstadisticos\PosGrados\vista_fe_posgrad.php(44): App\Models\ModelFEescuelas->contarEscuelasPosgrado()
 7 SYSTEMPATH\View\View.php(213): include('C:\\xampp\\htdocs\\SistemaGestionDocumental\\app\\Views\\DatosEstadisticos\\PosGrados\\vista_fe_posgrad.php')
 8 SYSTEMPATH\View\View.php(216): CodeIgniter\View\View->CodeIgniter\View\{closure}()
 9 SYSTEMPATH\Common.php(1184): CodeIgniter\View\View->render('/DatosEstadisticos/PosGrados/vista_fe_posgrad', [], true)
10 APPPATH\Controllers\ControladorEstadistico.php(94): view('/DatosEstadisticos/PosGrados/vista_fe_posgrad')
11 SYSTEMPATH\CodeIgniter.php(934): App\Controllers\ControladorEstadistico->filtroEstadisticoPosgrado()
12 SYSTEMPATH\CodeIgniter.php(499): CodeIgniter\CodeIgniter->runController(Object(App\Controllers\ControladorEstadistico))
13 SYSTEMPATH\CodeIgniter.php(368): CodeIgniter\CodeIgniter->handleRequest(null, Object(Config\Cache), false)
14 FCPATH\index.php(67): CodeIgniter\CodeIgniter->run()
