CRITICAL - 2023-09-26 13:47:56 --> Unmatched '}'
in APPPATH\Views\DatosEstadisticos\Grados\busqueda\vista_b_escuela_general.php on line 58.
 1 SYSTEMPATH\View\View.php(216): CodeIgniter\View\View->CodeIgniter\View\{closure}()
 2 SYSTEMPATH\Common.php(1184): CodeIgniter\View\View->render('/DatosEstadisticos/Grados/busqueda/vista_b_escuela_general', [], true)
 3 APPPATH\Controllers\ControladorFEEscuela.php(36): view('/DatosEstadisticos/Grados/busqueda/vista_b_escuela_general', [...])
 4 SYSTEMPATH\CodeIgniter.php(934): App\Controllers\ControladorFEEscuela->filtroEstadisticoGradoEscuela('General')
 5 SYSTEMPATH\CodeIgniter.php(499): CodeIgniter\CodeIgniter->runController(Object(App\Controllers\ControladorFEEscuela))
 6 SYSTEMPATH\CodeIgniter.php(368): CodeIgniter\CodeIgniter->handleRequest(null, Object(Config\Cache), false)
 7 FCPATH\index.php(67): CodeIgniter\CodeIgniter->run()
CRITICAL - 2023-09-26 13:50:44 --> unlink(C:\XAMPP\htdocs\SistemaGestionDocumental\writable\debugbar/debugbar_1695735671.621808.json): No such file or directory
in SYSTEMPATH\Debug\Toolbar\Collectors\History.php on line 76.
 1 [internal function]: CodeIgniter\Debug\Exceptions->errorHandler(2, 'unlink(C:\\XAMPP\\htdocs\\SistemaGestionDocumental\\writable\\debugbar/debugbar_1695735671.621808.json): No such file or directory', 'C:\\XAMPP\\htdocs\\SistemaGestionDocumental\\system\\Debug\\Toolbar\\Collectors\\History.php', 76)
 2 SYSTEMPATH\Debug\Toolbar\Collectors\History.php(76): unlink('C:\\XAMPP\\htdocs\\SistemaGestionDocumental\\writable\\debugbar/debugbar_1695735671.621808.json')
 3 SYSTEMPATH\Debug\Toolbar.php(497): CodeIgniter\Debug\Toolbar\Collectors\History->setFiles('1695736243.153149', 20)
 4 SYSTEMPATH\Debug\Toolbar.php(474): CodeIgniter\Debug\Toolbar->format([...], 'html')
 5 APPPATH\Config\Events.php(46): CodeIgniter\Debug\Toolbar->respond()
 6 SYSTEMPATH\Events\Events.php(149): CodeIgniter\Events\Events::Config\{closure}()
 7 SYSTEMPATH\CodeIgniter.php(350): CodeIgniter\Events\Events::trigger('pre_system')
 8 FCPATH\index.php(67): CodeIgniter\CodeIgniter->run()
CRITICAL - 2023-09-26 16:24:10 --> unlink(C:\XAMPP\htdocs\SistemaGestionDocumental\writable\debugbar/debugbar_1695744728.964686.json): No such file or directory
in SYSTEMPATH\Debug\Toolbar\Collectors\History.php on line 76.
 1 [internal function]: CodeIgniter\Debug\Exceptions->errorHandler(2, 'unlink(C:\\XAMPP\\htdocs\\SistemaGestionDocumental\\writable\\debugbar/debugbar_1695744728.964686.json): No such file or directory', 'C:\\XAMPP\\htdocs\\SistemaGestionDocumental\\system\\Debug\\Toolbar\\Collectors\\History.php', 76)
 2 SYSTEMPATH\Debug\Toolbar\Collectors\History.php(76): unlink('C:\\XAMPP\\htdocs\\SistemaGestionDocumental\\writable\\debugbar/debugbar_1695744728.964686.json')
 3 SYSTEMPATH\Debug\Toolbar.php(497): CodeIgniter\Debug\Toolbar\Collectors\History->setFiles('1695745450.110295', 20)
 4 SYSTEMPATH\Debug\Toolbar.php(474): CodeIgniter\Debug\Toolbar->format([...], 'html')
 5 APPPATH\Config\Events.php(46): CodeIgniter\Debug\Toolbar->respond()
 6 SYSTEMPATH\Events\Events.php(149): CodeIgniter\Events\Events::Config\{closure}()
 7 SYSTEMPATH\CodeIgniter.php(350): CodeIgniter\Events\Events::trigger('pre_system')
 8 FCPATH\index.php(67): CodeIgniter\CodeIgniter->run()
