CRITICAL - 2023-10-17 13:01:48 --> Allowed memory size of 1073741824 bytes exhausted (tried to allocate 524304384 bytes)
in APPPATH\Views\subida\manualmente.php on line 242.
 1 [internal function]: CodeIgniter\Debug\Exceptions->shutdownHandler()
CRITICAL - 2023-10-17 13:07:10 --> Allowed memory size of 1073741824 bytes exhausted (tried to allocate 524304384 bytes)
in APPPATH\Views\subida\manualmente.php on line 242.
 1 [internal function]: CodeIgniter\Debug\Exceptions->shutdownHandler()
CRITICAL - 2023-10-17 13:08:10 --> Allowed memory size of 1073741824 bytes exhausted (tried to allocate 524304384 bytes)
in APPPATH\Views\subida\manualmente.php on line 242.
 1 [internal function]: CodeIgniter\Debug\Exceptions->shutdownHandler()
CRITICAL - 2023-10-17 13:09:38 --> Allowed memory size of 1073741824 bytes exhausted (tried to allocate 524304384 bytes)
in APPPATH\Views\subida\manualmente.php on line 242.
 1 [internal function]: CodeIgniter\Debug\Exceptions->shutdownHandler()
CRITICAL - 2023-10-17 13:10:50 --> Allowed memory size of 1073741824 bytes exhausted (tried to allocate 524304384 bytes)
in APPPATH\Views\subida\manualmente.php on line 242.
 1 [internal function]: CodeIgniter\Debug\Exceptions->shutdownHandler()
CRITICAL - 2023-10-17 13:11:00 --> Allowed memory size of 1073741824 bytes exhausted (tried to allocate 524304384 bytes)
in APPPATH\Views\subida\manualmente.php on line 242.
 1 [internal function]: CodeIgniter\Debug\Exceptions->shutdownHandler()
CRITICAL - 2023-10-17 13:12:23 --> Allowed memory size of 1073741824 bytes exhausted (tried to allocate 524304384 bytes)
in APPPATH\Views\subida\manualmente.php on line 242.
 1 [internal function]: CodeIgniter\Debug\Exceptions->shutdownHandler()
CRITICAL - 2023-10-17 13:12:37 --> Allowed memory size of 1073741824 bytes exhausted (tried to allocate 524304384 bytes)
in APPPATH\Views\subida\manualmente.php on line 242.
 1 [internal function]: CodeIgniter\Debug\Exceptions->shutdownHandler()
CRITICAL - 2023-10-17 13:14:06 --> Allowed memory size of 1073741824 bytes exhausted (tried to allocate 524304384 bytes)
in APPPATH\Views\subida\manualmente.php on line 242.
 1 [internal function]: CodeIgniter\Debug\Exceptions->shutdownHandler()
CRITICAL - 2023-10-17 13:19:23 --> Allowed memory size of 1073741824 bytes exhausted (tried to allocate 524304384 bytes)
in APPPATH\Views\subida\manualmente.php on line 243.
 1 [internal function]: CodeIgniter\Debug\Exceptions->shutdownHandler()
CRITICAL - 2023-10-17 16:24:21 --> Unsupported operand types: array + int
in APPPATH\Controllers\ControladorFECarrera.php on line 215.
 1 SYSTEMPATH\CodeIgniter.php(934): App\Controllers\ControladorFECarrera->crearEscuelaDesdeMenu()
 2 SYSTEMPATH\CodeIgniter.php(499): CodeIgniter\CodeIgniter->runController(Object(App\Controllers\ControladorFECarrera))
 3 SYSTEMPATH\CodeIgniter.php(368): CodeIgniter\CodeIgniter->handleRequest(null, Object(Config\Cache), false)
 4 FCPATH\index.php(67): CodeIgniter\CodeIgniter->run()
CRITICAL - 2023-10-17 16:24:22 --> Unsupported operand types: array + int
in APPPATH\Controllers\ControladorFECarrera.php on line 215.
 1 SYSTEMPATH\CodeIgniter.php(934): App\Controllers\ControladorFECarrera->crearEscuelaDesdeMenu()
 2 SYSTEMPATH\CodeIgniter.php(499): CodeIgniter\CodeIgniter->runController(Object(App\Controllers\ControladorFECarrera))
 3 SYSTEMPATH\CodeIgniter.php(368): CodeIgniter\CodeIgniter->handleRequest(null, Object(Config\Cache), false)
 4 FCPATH\index.php(67): CodeIgniter\CodeIgniter->run()
CRITICAL - 2023-10-17 16:24:38 --> Call to undefined function App\Controllers\get()
in APPPATH\Controllers\ControladorFECarrera.php on line 215.
 1 SYSTEMPATH\CodeIgniter.php(934): App\Controllers\ControladorFECarrera->crearEscuelaDesdeMenu()
 2 SYSTEMPATH\CodeIgniter.php(499): CodeIgniter\CodeIgniter->runController(Object(App\Controllers\ControladorFECarrera))
 3 SYSTEMPATH\CodeIgniter.php(368): CodeIgniter\CodeIgniter->handleRequest(null, Object(Config\Cache), false)
 4 FCPATH\index.php(67): CodeIgniter\CodeIgniter->run()
CRITICAL - 2023-10-17 16:24:39 --> Call to undefined function App\Controllers\get()
in APPPATH\Controllers\ControladorFECarrera.php on line 215.
 1 SYSTEMPATH\CodeIgniter.php(934): App\Controllers\ControladorFECarrera->crearEscuelaDesdeMenu()
 2 SYSTEMPATH\CodeIgniter.php(499): CodeIgniter\CodeIgniter->runController(Object(App\Controllers\ControladorFECarrera))
 3 SYSTEMPATH\CodeIgniter.php(368): CodeIgniter\CodeIgniter->handleRequest(null, Object(Config\Cache), false)
 4 FCPATH\index.php(67): CodeIgniter\CodeIgniter->run()
CRITICAL - 2023-10-17 16:25:24 --> Unsupported operand types: array + int
in APPPATH\Controllers\ControladorFECarrera.php on line 215.
 1 SYSTEMPATH\CodeIgniter.php(934): App\Controllers\ControladorFECarrera->crearEscuelaDesdeMenu()
 2 SYSTEMPATH\CodeIgniter.php(499): CodeIgniter\CodeIgniter->runController(Object(App\Controllers\ControladorFECarrera))
 3 SYSTEMPATH\CodeIgniter.php(368): CodeIgniter\CodeIgniter->handleRequest(null, Object(Config\Cache), false)
 4 FCPATH\index.php(67): CodeIgniter\CodeIgniter->run()
CRITICAL - 2023-10-17 16:25:24 --> Unsupported operand types: array + int
in APPPATH\Controllers\ControladorFECarrera.php on line 215.
 1 SYSTEMPATH\CodeIgniter.php(934): App\Controllers\ControladorFECarrera->crearEscuelaDesdeMenu()
 2 SYSTEMPATH\CodeIgniter.php(499): CodeIgniter\CodeIgniter->runController(Object(App\Controllers\ControladorFECarrera))
 3 SYSTEMPATH\CodeIgniter.php(368): CodeIgniter\CodeIgniter->handleRequest(null, Object(Config\Cache), false)
 4 FCPATH\index.php(67): CodeIgniter\CodeIgniter->run()
CRITICAL - 2023-10-17 16:25:25 --> Unsupported operand types: array + int
in APPPATH\Controllers\ControladorFECarrera.php on line 215.
 1 SYSTEMPATH\CodeIgniter.php(934): App\Controllers\ControladorFECarrera->crearEscuelaDesdeMenu()
 2 SYSTEMPATH\CodeIgniter.php(499): CodeIgniter\CodeIgniter->runController(Object(App\Controllers\ControladorFECarrera))
 3 SYSTEMPATH\CodeIgniter.php(368): CodeIgniter\CodeIgniter->handleRequest(null, Object(Config\Cache), false)
 4 FCPATH\index.php(67): CodeIgniter\CodeIgniter->run()
CRITICAL - 2023-10-17 16:39:31 --> unlink(C:\XAMPP\htdocs\SistemaGestionDocumental\writable\debugbar/debugbar_1697560118.422644.json): No such file or directory
in SYSTEMPATH\Debug\Toolbar\Collectors\History.php on line 76.
 1 [internal function]: CodeIgniter\Debug\Exceptions->errorHandler(2, 'unlink(C:\\XAMPP\\htdocs\\SistemaGestionDocumental\\writable\\debugbar/debugbar_1697560118.422644.json): No such file or directory', 'C:\\XAMPP\\htdocs\\SistemaGestionDocumental\\system\\Debug\\Toolbar\\Collectors\\History.php', 76)
 2 SYSTEMPATH\Debug\Toolbar\Collectors\History.php(76): unlink('C:\\XAMPP\\htdocs\\SistemaGestionDocumental\\writable\\debugbar/debugbar_1697560118.422644.json')
 3 SYSTEMPATH\Debug\Toolbar.php(497): CodeIgniter\Debug\Toolbar\Collectors\History->setFiles('1697560770.353586', 20)
 4 SYSTEMPATH\Debug\Toolbar.php(474): CodeIgniter\Debug\Toolbar->format([...], 'html')
 5 APPPATH\Config\Events.php(46): CodeIgniter\Debug\Toolbar->respond()
 6 SYSTEMPATH\Events\Events.php(149): CodeIgniter\Events\Events::Config\{closure}()
 7 SYSTEMPATH\CodeIgniter.php(350): CodeIgniter\Events\Events::trigger('pre_system')
 8 FCPATH\index.php(67): CodeIgniter\CodeIgniter->run()
CRITICAL - 2023-10-17 16:39:49 --> unlink(C:\XAMPP\htdocs\SistemaGestionDocumental\writable\debugbar/debugbar_1697560626.656986.json): No such file or directory
in SYSTEMPATH\Debug\Toolbar\Collectors\History.php on line 76.
 1 [internal function]: CodeIgniter\Debug\Exceptions->errorHandler(2, 'unlink(C:\\XAMPP\\htdocs\\SistemaGestionDocumental\\writable\\debugbar/debugbar_1697560626.656986.json): No such file or directory', 'C:\\XAMPP\\htdocs\\SistemaGestionDocumental\\system\\Debug\\Toolbar\\Collectors\\History.php', 76)
 2 SYSTEMPATH\Debug\Toolbar\Collectors\History.php(76): unlink('C:\\XAMPP\\htdocs\\SistemaGestionDocumental\\writable\\debugbar/debugbar_1697560626.656986.json')
 3 SYSTEMPATH\Debug\Toolbar.php(497): CodeIgniter\Debug\Toolbar\Collectors\History->setFiles('1697560788.230467', 20)
 4 SYSTEMPATH\Debug\Toolbar.php(474): CodeIgniter\Debug\Toolbar->format([...], 'html')
 5 APPPATH\Config\Events.php(46): CodeIgniter\Debug\Toolbar->respond()
 6 SYSTEMPATH\Events\Events.php(149): CodeIgniter\Events\Events::Config\{closure}()
 7 SYSTEMPATH\CodeIgniter.php(350): CodeIgniter\Events\Events::trigger('pre_system')
 8 FCPATH\index.php(67): CodeIgniter\CodeIgniter->run()
