CRITICAL - 2023-06-19 20:38:14 --> Invalid file: "/vistaDEgard/vista_degrad_matr.php"
in SYSTEMPATH\Exceptions\FrameworkException.php on line 33.
 1 SYSTEMPATH\View\View.php(201): CodeIgniter\Exceptions\FrameworkException::forInvalidFile('/vistaDEgard/vista_degrad_matr.php')
 2 SYSTEMPATH\Common.php(1184): CodeIgniter\View\View->render('/vistaDEgard/vista_degrad_matr', [], true)
 3 APPPATH\Controllers\ControladorGrado.php(15): view('/vistaDEgard/vista_degrad_matr')
 4 SYSTEMPATH\CodeIgniter.php(934): App\Controllers\ControladorGrado->degradMatr()
 5 SYSTEMPATH\CodeIgniter.php(499): CodeIgniter\CodeIgniter->runController(Object(App\Controllers\ControladorGrado))
 6 SYSTEMPATH\CodeIgniter.php(368): CodeIgniter\CodeIgniter->handleRequest(null, Object(Config\Cache), false)
 7 FCPATH\index.php(67): CodeIgniter\CodeIgniter->run()
CRITICAL - 2023-06-19 20:38:17 --> Invalid file: "/vistaDEgard/vista_degrad_matr.php"
in SYSTEMPATH\Exceptions\FrameworkException.php on line 33.
 1 SYSTEMPATH\View\View.php(201): CodeIgniter\Exceptions\FrameworkException::forInvalidFile('/vistaDEgard/vista_degrad_matr.php')
 2 SYSTEMPATH\Common.php(1184): CodeIgniter\View\View->render('/vistaDEgard/vista_degrad_matr', [], true)
 3 APPPATH\Controllers\ControladorGrado.php(15): view('/vistaDEgard/vista_degrad_matr')
 4 SYSTEMPATH\CodeIgniter.php(934): App\Controllers\ControladorGrado->degradMatr()
 5 SYSTEMPATH\CodeIgniter.php(499): CodeIgniter\CodeIgniter->runController(Object(App\Controllers\ControladorGrado))
 6 SYSTEMPATH\CodeIgniter.php(368): CodeIgniter\CodeIgniter->handleRequest(null, Object(Config\Cache), false)
 7 FCPATH\index.php(67): CodeIgniter\CodeIgniter->run()
CRITICAL - 2023-06-19 20:50:49 --> Undefined variable $itemsMenu
in APPPATH\Views\header.php on line 62.
 1 APPPATH\Views\header.php(62): CodeIgniter\Debug\Exceptions->errorHandler(2, 'Undefined variable $itemsMenu', 'C:\\XAMPP\\htdocs\\SistemaGestionDocumental\\app\\Views\\header.php', 62)
 2 SYSTEMPATH\View\View.php(213): include('C:\\XAMPP\\htdocs\\SistemaGestionDocumental\\app\\Views\\header.php')
 3 SYSTEMPATH\View\View.php(216): CodeIgniter\View\View->CodeIgniter\View\{closure}()
 4 SYSTEMPATH\Common.php(1184): CodeIgniter\View\View->render('header', [], true)
 5 APPPATH\Controllers\ControladorMain.php(9): view('header')
 6 SYSTEMPATH\CodeIgniter.php(934): App\Controllers\ControladorMain->inicio()
 7 SYSTEMPATH\CodeIgniter.php(499): CodeIgniter\CodeIgniter->runController(Object(App\Controllers\ControladorMain))
 8 SYSTEMPATH\CodeIgniter.php(368): CodeIgniter\CodeIgniter->handleRequest(null, Object(Config\Cache), false)
 9 FCPATH\index.php(67): CodeIgniter\CodeIgniter->run()
CRITICAL - 2023-06-19 20:52:51 --> Undefined variable $tbl_carrera_tipo
in APPPATH\Views\header.php on line 62.
 1 APPPATH\Views\header.php(62): CodeIgniter\Debug\Exceptions->errorHandler(2, 'Undefined variable $tbl_carrera_tipo', 'C:\\XAMPP\\htdocs\\SistemaGestionDocumental\\app\\Views\\header.php', 62)
 2 SYSTEMPATH\View\View.php(213): include('C:\\XAMPP\\htdocs\\SistemaGestionDocumental\\app\\Views\\header.php')
 3 SYSTEMPATH\View\View.php(216): CodeIgniter\View\View->CodeIgniter\View\{closure}()
 4 SYSTEMPATH\Common.php(1184): CodeIgniter\View\View->render('header', [], true)
 5 APPPATH\Controllers\ControladorMain.php(9): view('header')
 6 SYSTEMPATH\CodeIgniter.php(934): App\Controllers\ControladorMain->inicio()
 7 SYSTEMPATH\CodeIgniter.php(499): CodeIgniter\CodeIgniter->runController(Object(App\Controllers\ControladorMain))
 8 SYSTEMPATH\CodeIgniter.php(368): CodeIgniter\CodeIgniter->handleRequest(null, Object(Config\Cache), false)
 9 FCPATH\index.php(67): CodeIgniter\CodeIgniter->run()
CRITICAL - 2023-06-19 20:52:52 --> Undefined variable $tbl_carrera_tipo
in APPPATH\Views\header.php on line 62.
 1 APPPATH\Views\header.php(62): CodeIgniter\Debug\Exceptions->errorHandler(2, 'Undefined variable $tbl_carrera_tipo', 'C:\\XAMPP\\htdocs\\SistemaGestionDocumental\\app\\Views\\header.php', 62)
 2 SYSTEMPATH\View\View.php(213): include('C:\\XAMPP\\htdocs\\SistemaGestionDocumental\\app\\Views\\header.php')
 3 SYSTEMPATH\View\View.php(216): CodeIgniter\View\View->CodeIgniter\View\{closure}()
 4 SYSTEMPATH\Common.php(1184): CodeIgniter\View\View->render('header', [], true)
 5 APPPATH\Controllers\ControladorMain.php(9): view('header')
 6 SYSTEMPATH\CodeIgniter.php(934): App\Controllers\ControladorMain->inicio()
 7 SYSTEMPATH\CodeIgniter.php(499): CodeIgniter\CodeIgniter->runController(Object(App\Controllers\ControladorMain))
 8 SYSTEMPATH\CodeIgniter.php(368): CodeIgniter\CodeIgniter->handleRequest(null, Object(Config\Cache), false)
 9 FCPATH\index.php(67): CodeIgniter\CodeIgniter->run()
CRITICAL - 2023-06-19 20:54:46 --> Undefined variable $periodosModel
in APPPATH\Views\header.php on line 64.
 1 APPPATH\Views\header.php(64): CodeIgniter\Debug\Exceptions->errorHandler(2, 'Undefined variable $periodosModel', 'C:\\XAMPP\\htdocs\\SistemaGestionDocumental\\app\\Views\\header.php', 64)
 2 SYSTEMPATH\View\View.php(213): include('C:\\XAMPP\\htdocs\\SistemaGestionDocumental\\app\\Views\\header.php')
 3 SYSTEMPATH\View\View.php(216): CodeIgniter\View\View->CodeIgniter\View\{closure}()
 4 SYSTEMPATH\Common.php(1184): CodeIgniter\View\View->render('header', [], true)
 5 APPPATH\Controllers\ControladorMain.php(9): view('header')
 6 SYSTEMPATH\CodeIgniter.php(934): App\Controllers\ControladorMain->inicio()
 7 SYSTEMPATH\CodeIgniter.php(499): CodeIgniter\CodeIgniter->runController(Object(App\Controllers\ControladorMain))
 8 SYSTEMPATH\CodeIgniter.php(368): CodeIgniter\CodeIgniter->handleRequest(null, Object(Config\Cache), false)
 9 FCPATH\index.php(67): CodeIgniter\CodeIgniter->run()
CRITICAL - 2023-06-19 20:54:46 --> Undefined variable $periodosModel
in APPPATH\Views\header.php on line 64.
 1 APPPATH\Views\header.php(64): CodeIgniter\Debug\Exceptions->errorHandler(2, 'Undefined variable $periodosModel', 'C:\\XAMPP\\htdocs\\SistemaGestionDocumental\\app\\Views\\header.php', 64)
 2 SYSTEMPATH\View\View.php(213): include('C:\\XAMPP\\htdocs\\SistemaGestionDocumental\\app\\Views\\header.php')
 3 SYSTEMPATH\View\View.php(216): CodeIgniter\View\View->CodeIgniter\View\{closure}()
 4 SYSTEMPATH\Common.php(1184): CodeIgniter\View\View->render('header', [], true)
 5 APPPATH\Controllers\ControladorMain.php(9): view('header')
 6 SYSTEMPATH\CodeIgniter.php(934): App\Controllers\ControladorMain->inicio()
 7 SYSTEMPATH\CodeIgniter.php(499): CodeIgniter\CodeIgniter->runController(Object(App\Controllers\ControladorMain))
 8 SYSTEMPATH\CodeIgniter.php(368): CodeIgniter\CodeIgniter->handleRequest(null, Object(Config\Cache), false)
 9 FCPATH\index.php(67): CodeIgniter\CodeIgniter->run()
CRITICAL - 2023-06-19 20:55:10 --> Undefined variable $periodosModel
in APPPATH\Views\header.php on line 64.
 1 APPPATH\Views\header.php(64): CodeIgniter\Debug\Exceptions->errorHandler(2, 'Undefined variable $periodosModel', 'C:\\XAMPP\\htdocs\\SistemaGestionDocumental\\app\\Views\\header.php', 64)
 2 SYSTEMPATH\View\View.php(213): include('C:\\XAMPP\\htdocs\\SistemaGestionDocumental\\app\\Views\\header.php')
 3 SYSTEMPATH\View\View.php(216): CodeIgniter\View\View->CodeIgniter\View\{closure}()
 4 SYSTEMPATH\Common.php(1184): CodeIgniter\View\View->render('header', [], true)
 5 APPPATH\Controllers\ControladorMain.php(9): view('header')
 6 SYSTEMPATH\CodeIgniter.php(934): App\Controllers\ControladorMain->inicio()
 7 SYSTEMPATH\CodeIgniter.php(499): CodeIgniter\CodeIgniter->runController(Object(App\Controllers\ControladorMain))
 8 SYSTEMPATH\CodeIgniter.php(368): CodeIgniter\CodeIgniter->handleRequest(null, Object(Config\Cache), false)
 9 FCPATH\index.php(67): CodeIgniter\CodeIgniter->run()
CRITICAL - 2023-06-19 20:55:17 --> Undefined variable $periodosModel
in APPPATH\Views\header.php on line 64.
 1 APPPATH\Views\header.php(64): CodeIgniter\Debug\Exceptions->errorHandler(2, 'Undefined variable $periodosModel', 'C:\\XAMPP\\htdocs\\SistemaGestionDocumental\\app\\Views\\header.php', 64)
 2 SYSTEMPATH\View\View.php(213): include('C:\\XAMPP\\htdocs\\SistemaGestionDocumental\\app\\Views\\header.php')
 3 SYSTEMPATH\View\View.php(216): CodeIgniter\View\View->CodeIgniter\View\{closure}()
 4 SYSTEMPATH\Common.php(1184): CodeIgniter\View\View->render('header', [], true)
 5 APPPATH\Controllers\ControladorMain.php(9): view('header')
 6 SYSTEMPATH\CodeIgniter.php(934): App\Controllers\ControladorMain->inicio()
 7 SYSTEMPATH\CodeIgniter.php(499): CodeIgniter\CodeIgniter->runController(Object(App\Controllers\ControladorMain))
 8 SYSTEMPATH\CodeIgniter.php(368): CodeIgniter\CodeIgniter->handleRequest(null, Object(Config\Cache), false)
 9 FCPATH\index.php(67): CodeIgniter\CodeIgniter->run()
CRITICAL - 2023-06-19 20:55:18 --> Undefined variable $periodos
in APPPATH\Views\header.php on line 64.
 1 APPPATH\Views\header.php(64): CodeIgniter\Debug\Exceptions->errorHandler(2, 'Undefined variable $periodos', 'C:\\XAMPP\\htdocs\\SistemaGestionDocumental\\app\\Views\\header.php', 64)
 2 SYSTEMPATH\View\View.php(213): include('C:\\XAMPP\\htdocs\\SistemaGestionDocumental\\app\\Views\\header.php')
 3 SYSTEMPATH\View\View.php(216): CodeIgniter\View\View->CodeIgniter\View\{closure}()
 4 SYSTEMPATH\Common.php(1184): CodeIgniter\View\View->render('header', [], true)
 5 APPPATH\Controllers\ControladorMain.php(9): view('header')
 6 SYSTEMPATH\CodeIgniter.php(934): App\Controllers\ControladorMain->inicio()
 7 SYSTEMPATH\CodeIgniter.php(499): CodeIgniter\CodeIgniter->runController(Object(App\Controllers\ControladorMain))
 8 SYSTEMPATH\CodeIgniter.php(368): CodeIgniter\CodeIgniter->handleRequest(null, Object(Config\Cache), false)
 9 FCPATH\index.php(67): CodeIgniter\CodeIgniter->run()
CRITICAL - 2023-06-19 20:59:47 --> Invalid file: "/vistaDEgard/vista_degrad.php"
in SYSTEMPATH\Exceptions\FrameworkException.php on line 33.
 1 SYSTEMPATH\View\View.php(201): CodeIgniter\Exceptions\FrameworkException::forInvalidFile('/vistaDEgard/vista_degrad.php')
 2 SYSTEMPATH\Common.php(1184): CodeIgniter\View\View->render('/vistaDEgard/vista_degrad', [], true)
 3 APPPATH\Controllers\ControladorGrado.php(11): view('/vistaDEgard/vista_degrad')
 4 SYSTEMPATH\CodeIgniter.php(934): App\Controllers\ControladorGrado->degrad()
 5 SYSTEMPATH\CodeIgniter.php(499): CodeIgniter\CodeIgniter->runController(Object(App\Controllers\ControladorGrado))
 6 SYSTEMPATH\CodeIgniter.php(368): CodeIgniter\CodeIgniter->handleRequest(null, Object(Config\Cache), false)
 7 FCPATH\index.php(67): CodeIgniter\CodeIgniter->run()
CRITICAL - 2023-06-19 21:07:02 --> Invalid file: "vista_filtro_estadistico.php"
in SYSTEMPATH\Exceptions\FrameworkException.php on line 33.
 1 SYSTEMPATH\View\View.php(201): CodeIgniter\Exceptions\FrameworkException::forInvalidFile('vista_filtro_estadistico.php')
 2 SYSTEMPATH\Common.php(1184): CodeIgniter\View\View->render('vista_filtro_estadistico', [], true)
 3 APPPATH\Controllers\ControladorMain.php(22): view('vista_filtro_estadistico')
 4 SYSTEMPATH\CodeIgniter.php(934): App\Controllers\ControladorMain->filtroEstadistico('1')
 5 SYSTEMPATH\CodeIgniter.php(499): CodeIgniter\CodeIgniter->runController(Object(App\Controllers\ControladorMain))
 6 SYSTEMPATH\CodeIgniter.php(368): CodeIgniter\CodeIgniter->handleRequest(null, Object(Config\Cache), false)
 7 FCPATH\index.php(67): CodeIgniter\CodeIgniter->run()
CRITICAL - 2023-06-19 21:07:26 --> Invalid file: "vista_filtro_estadistico.php"
in SYSTEMPATH\Exceptions\FrameworkException.php on line 33.
 1 SYSTEMPATH\View\View.php(201): CodeIgniter\Exceptions\FrameworkException::forInvalidFile('vista_filtro_estadistico.php')
 2 SYSTEMPATH\Common.php(1184): CodeIgniter\View\View->render('vista_filtro_estadistico', [], true)
 3 APPPATH\Controllers\ControladorMain.php(22): view('vista_filtro_estadistico')
 4 SYSTEMPATH\CodeIgniter.php(934): App\Controllers\ControladorMain->filtroEstadistico('1')
 5 SYSTEMPATH\CodeIgniter.php(499): CodeIgniter\CodeIgniter->runController(Object(App\Controllers\ControladorMain))
 6 SYSTEMPATH\CodeIgniter.php(368): CodeIgniter\CodeIgniter->handleRequest(null, Object(Config\Cache), false)
 7 FCPATH\index.php(67): CodeIgniter\CodeIgniter->run()
CRITICAL - 2023-06-19 21:07:26 --> Invalid file: "vista_filtro_estadistico.php"
in SYSTEMPATH\Exceptions\FrameworkException.php on line 33.
 1 SYSTEMPATH\View\View.php(201): CodeIgniter\Exceptions\FrameworkException::forInvalidFile('vista_filtro_estadistico.php')
 2 SYSTEMPATH\Common.php(1184): CodeIgniter\View\View->render('vista_filtro_estadistico', [], true)
 3 APPPATH\Controllers\ControladorMain.php(22): view('vista_filtro_estadistico')
 4 SYSTEMPATH\CodeIgniter.php(934): App\Controllers\ControladorMain->filtroEstadistico('1')
 5 SYSTEMPATH\CodeIgniter.php(499): CodeIgniter\CodeIgniter->runController(Object(App\Controllers\ControladorMain))
 6 SYSTEMPATH\CodeIgniter.php(368): CodeIgniter\CodeIgniter->handleRequest(null, Object(Config\Cache), false)
 7 FCPATH\index.php(67): CodeIgniter\CodeIgniter->run()
CRITICAL - 2023-06-19 21:07:27 --> Invalid file: "vista_filtro_estadistico.php"
in SYSTEMPATH\Exceptions\FrameworkException.php on line 33.
 1 SYSTEMPATH\View\View.php(201): CodeIgniter\Exceptions\FrameworkException::forInvalidFile('vista_filtro_estadistico.php')
 2 SYSTEMPATH\Common.php(1184): CodeIgniter\View\View->render('vista_filtro_estadistico', [], true)
 3 APPPATH\Controllers\ControladorMain.php(22): view('vista_filtro_estadistico')
 4 SYSTEMPATH\CodeIgniter.php(934): App\Controllers\ControladorMain->filtroEstadistico('1')
 5 SYSTEMPATH\CodeIgniter.php(499): CodeIgniter\CodeIgniter->runController(Object(App\Controllers\ControladorMain))
 6 SYSTEMPATH\CodeIgniter.php(368): CodeIgniter\CodeIgniter->handleRequest(null, Object(Config\Cache), false)
 7 FCPATH\index.php(67): CodeIgniter\CodeIgniter->run()
CRITICAL - 2023-06-19 21:07:32 --> Invalid file: "vista_filtro_estadistico.php"
in SYSTEMPATH\Exceptions\FrameworkException.php on line 33.
 1 SYSTEMPATH\View\View.php(201): CodeIgniter\Exceptions\FrameworkException::forInvalidFile('vista_filtro_estadistico.php')
 2 SYSTEMPATH\Common.php(1184): CodeIgniter\View\View->render('vista_filtro_estadistico', [], true)
 3 APPPATH\Controllers\ControladorMain.php(22): view('vista_filtro_estadistico')
 4 SYSTEMPATH\CodeIgniter.php(934): App\Controllers\ControladorMain->filtroEstadistico('1')
 5 SYSTEMPATH\CodeIgniter.php(499): CodeIgniter\CodeIgniter->runController(Object(App\Controllers\ControladorMain))
 6 SYSTEMPATH\CodeIgniter.php(368): CodeIgniter\CodeIgniter->handleRequest(null, Object(Config\Cache), false)
 7 FCPATH\index.php(67): CodeIgniter\CodeIgniter->run()
CRITICAL - 2023-06-19 21:07:32 --> Invalid file: "vista_filtro_estadistico.php"
in SYSTEMPATH\Exceptions\FrameworkException.php on line 33.
 1 SYSTEMPATH\View\View.php(201): CodeIgniter\Exceptions\FrameworkException::forInvalidFile('vista_filtro_estadistico.php')
 2 SYSTEMPATH\Common.php(1184): CodeIgniter\View\View->render('vista_filtro_estadistico', [], true)
 3 APPPATH\Controllers\ControladorMain.php(22): view('vista_filtro_estadistico')
 4 SYSTEMPATH\CodeIgniter.php(934): App\Controllers\ControladorMain->filtroEstadistico('1')
 5 SYSTEMPATH\CodeIgniter.php(499): CodeIgniter\CodeIgniter->runController(Object(App\Controllers\ControladorMain))
 6 SYSTEMPATH\CodeIgniter.php(368): CodeIgniter\CodeIgniter->handleRequest(null, Object(Config\Cache), false)
 7 FCPATH\index.php(67): CodeIgniter\CodeIgniter->run()
CRITICAL - 2023-06-19 21:07:33 --> Invalid file: "vista_filtro_estadistico.php"
in SYSTEMPATH\Exceptions\FrameworkException.php on line 33.
 1 SYSTEMPATH\View\View.php(201): CodeIgniter\Exceptions\FrameworkException::forInvalidFile('vista_filtro_estadistico.php')
 2 SYSTEMPATH\Common.php(1184): CodeIgniter\View\View->render('vista_filtro_estadistico', [], true)
 3 APPPATH\Controllers\ControladorMain.php(22): view('vista_filtro_estadistico')
 4 SYSTEMPATH\CodeIgniter.php(934): App\Controllers\ControladorMain->filtroEstadistico('1')
 5 SYSTEMPATH\CodeIgniter.php(499): CodeIgniter\CodeIgniter->runController(Object(App\Controllers\ControladorMain))
 6 SYSTEMPATH\CodeIgniter.php(368): CodeIgniter\CodeIgniter->handleRequest(null, Object(Config\Cache), false)
 7 FCPATH\index.php(67): CodeIgniter\CodeIgniter->run()
CRITICAL - 2023-06-19 21:07:33 --> Invalid file: "vista_filtro_estadistico.php"
in SYSTEMPATH\Exceptions\FrameworkException.php on line 33.
 1 SYSTEMPATH\View\View.php(201): CodeIgniter\Exceptions\FrameworkException::forInvalidFile('vista_filtro_estadistico.php')
 2 SYSTEMPATH\Common.php(1184): CodeIgniter\View\View->render('vista_filtro_estadistico', [], true)
 3 APPPATH\Controllers\ControladorMain.php(22): view('vista_filtro_estadistico')
 4 SYSTEMPATH\CodeIgniter.php(934): App\Controllers\ControladorMain->filtroEstadistico('1')
 5 SYSTEMPATH\CodeIgniter.php(499): CodeIgniter\CodeIgniter->runController(Object(App\Controllers\ControladorMain))
 6 SYSTEMPATH\CodeIgniter.php(368): CodeIgniter\CodeIgniter->handleRequest(null, Object(Config\Cache), false)
 7 FCPATH\index.php(67): CodeIgniter\CodeIgniter->run()
CRITICAL - 2023-06-19 21:07:33 --> Invalid file: "vista_filtro_estadistico.php"
in SYSTEMPATH\Exceptions\FrameworkException.php on line 33.
 1 SYSTEMPATH\View\View.php(201): CodeIgniter\Exceptions\FrameworkException::forInvalidFile('vista_filtro_estadistico.php')
 2 SYSTEMPATH\Common.php(1184): CodeIgniter\View\View->render('vista_filtro_estadistico', [], true)
 3 APPPATH\Controllers\ControladorMain.php(22): view('vista_filtro_estadistico')
 4 SYSTEMPATH\CodeIgniter.php(934): App\Controllers\ControladorMain->filtroEstadistico('1')
 5 SYSTEMPATH\CodeIgniter.php(499): CodeIgniter\CodeIgniter->runController(Object(App\Controllers\ControladorMain))
 6 SYSTEMPATH\CodeIgniter.php(368): CodeIgniter\CodeIgniter->handleRequest(null, Object(Config\Cache), false)
 7 FCPATH\index.php(67): CodeIgniter\CodeIgniter->run()
CRITICAL - 2023-06-19 21:07:34 --> Invalid file: "vista_filtro_estadistico.php"
in SYSTEMPATH\Exceptions\FrameworkException.php on line 33.
 1 SYSTEMPATH\View\View.php(201): CodeIgniter\Exceptions\FrameworkException::forInvalidFile('vista_filtro_estadistico.php')
 2 SYSTEMPATH\Common.php(1184): CodeIgniter\View\View->render('vista_filtro_estadistico', [], true)
 3 APPPATH\Controllers\ControladorMain.php(22): view('vista_filtro_estadistico')
 4 SYSTEMPATH\CodeIgniter.php(934): App\Controllers\ControladorMain->filtroEstadistico('1')
 5 SYSTEMPATH\CodeIgniter.php(499): CodeIgniter\CodeIgniter->runController(Object(App\Controllers\ControladorMain))
 6 SYSTEMPATH\CodeIgniter.php(368): CodeIgniter\CodeIgniter->handleRequest(null, Object(Config\Cache), false)
 7 FCPATH\index.php(67): CodeIgniter\CodeIgniter->run()
CRITICAL - 2023-06-19 21:07:38 --> Invalid file: "vista_filtro_estadistico.php"
in SYSTEMPATH\Exceptions\FrameworkException.php on line 33.
 1 SYSTEMPATH\View\View.php(201): CodeIgniter\Exceptions\FrameworkException::forInvalidFile('vista_filtro_estadistico.php')
 2 SYSTEMPATH\Common.php(1184): CodeIgniter\View\View->render('vista_filtro_estadistico', [], true)
 3 APPPATH\Controllers\ControladorMain.php(22): view('vista_filtro_estadistico')
 4 SYSTEMPATH\CodeIgniter.php(934): App\Controllers\ControladorMain->filtroEstadistico('1')
 5 SYSTEMPATH\CodeIgniter.php(499): CodeIgniter\CodeIgniter->runController(Object(App\Controllers\ControladorMain))
 6 SYSTEMPATH\CodeIgniter.php(368): CodeIgniter\CodeIgniter->handleRequest(null, Object(Config\Cache), false)
 7 FCPATH\index.php(67): CodeIgniter\CodeIgniter->run()
CRITICAL - 2023-06-19 21:08:44 --> view(): Argument #2 ($data) must be of type array, string given, called in C:\XAMPP\htdocs\SistemaGestionDocumental\app\Controllers\ControladorMain.php on line 22
in SYSTEMPATH\Common.php on line 1172.
 1 APPPATH\Controllers\ControladorMain.php(22): view('vista_filtro_estadistico', '1')
 2 SYSTEMPATH\CodeIgniter.php(934): App\Controllers\ControladorMain->filtroEstadistico('1')
 3 SYSTEMPATH\CodeIgniter.php(499): CodeIgniter\CodeIgniter->runController(Object(App\Controllers\ControladorMain))
 4 SYSTEMPATH\CodeIgniter.php(368): CodeIgniter\CodeIgniter->handleRequest(null, Object(Config\Cache), false)
 5 FCPATH\index.php(67): CodeIgniter\CodeIgniter->run()
CRITICAL - 2023-06-19 21:09:37 --> view(): Argument #2 ($data) must be of type array, string given, called in C:\XAMPP\htdocs\SistemaGestionDocumental\app\Controllers\ControladorMain.php on line 24
in SYSTEMPATH\Common.php on line 1172.
 1 APPPATH\Controllers\ControladorMain.php(24): view('vista_filtro_estadistico', '1')
 2 SYSTEMPATH\CodeIgniter.php(934): App\Controllers\ControladorMain->filtroEstadistico('1')
 3 SYSTEMPATH\CodeIgniter.php(499): CodeIgniter\CodeIgniter->runController(Object(App\Controllers\ControladorMain))
 4 SYSTEMPATH\CodeIgniter.php(368): CodeIgniter\CodeIgniter->handleRequest(null, Object(Config\Cache), false)
 5 FCPATH\index.php(67): CodeIgniter\CodeIgniter->run()
CRITICAL - 2023-06-19 21:09:37 --> view(): Argument #2 ($data) must be of type array, string given, called in C:\XAMPP\htdocs\SistemaGestionDocumental\app\Controllers\ControladorMain.php on line 24
in SYSTEMPATH\Common.php on line 1172.
 1 APPPATH\Controllers\ControladorMain.php(24): view('vista_filtro_estadistico', '1')
 2 SYSTEMPATH\CodeIgniter.php(934): App\Controllers\ControladorMain->filtroEstadistico('1')
 3 SYSTEMPATH\CodeIgniter.php(499): CodeIgniter\CodeIgniter->runController(Object(App\Controllers\ControladorMain))
 4 SYSTEMPATH\CodeIgniter.php(368): CodeIgniter\CodeIgniter->handleRequest(null, Object(Config\Cache), false)
 5 FCPATH\index.php(67): CodeIgniter\CodeIgniter->run()
CRITICAL - 2023-06-19 21:10:31 --> Invalid file: "vista_filtro_estadistico.php"
in SYSTEMPATH\Exceptions\FrameworkException.php on line 33.
 1 SYSTEMPATH\View\View.php(201): CodeIgniter\Exceptions\FrameworkException::forInvalidFile('vista_filtro_estadistico.php')
 2 SYSTEMPATH\Common.php(1184): CodeIgniter\View\View->render('vista_filtro_estadistico', [], true)
 3 APPPATH\Controllers\ControladorMain.php(24): view('vista_filtro_estadistico', [...])
 4 SYSTEMPATH\CodeIgniter.php(934): App\Controllers\ControladorMain->filtroEstadistico('1')
 5 SYSTEMPATH\CodeIgniter.php(499): CodeIgniter\CodeIgniter->runController(Object(App\Controllers\ControladorMain))
 6 SYSTEMPATH\CodeIgniter.php(368): CodeIgniter\CodeIgniter->handleRequest(null, Object(Config\Cache), false)
 7 FCPATH\index.php(67): CodeIgniter\CodeIgniter->run()
CRITICAL - 2023-06-19 21:10:32 --> Invalid file: "vista_filtro_estadistico.php"
in SYSTEMPATH\Exceptions\FrameworkException.php on line 33.
 1 SYSTEMPATH\View\View.php(201): CodeIgniter\Exceptions\FrameworkException::forInvalidFile('vista_filtro_estadistico.php')
 2 SYSTEMPATH\Common.php(1184): CodeIgniter\View\View->render('vista_filtro_estadistico', [], true)
 3 APPPATH\Controllers\ControladorMain.php(24): view('vista_filtro_estadistico', [...])
 4 SYSTEMPATH\CodeIgniter.php(934): App\Controllers\ControladorMain->filtroEstadistico('1')
 5 SYSTEMPATH\CodeIgniter.php(499): CodeIgniter\CodeIgniter->runController(Object(App\Controllers\ControladorMain))
 6 SYSTEMPATH\CodeIgniter.php(368): CodeIgniter\CodeIgniter->handleRequest(null, Object(Config\Cache), false)
 7 FCPATH\index.php(67): CodeIgniter\CodeIgniter->run()
CRITICAL - 2023-06-19 21:12:01 --> Invalid file: "vista_filtro_estadistico.php"
in SYSTEMPATH\Exceptions\FrameworkException.php on line 33.
 1 SYSTEMPATH\View\View.php(201): CodeIgniter\Exceptions\FrameworkException::forInvalidFile('vista_filtro_estadistico.php')
 2 SYSTEMPATH\Common.php(1184): CodeIgniter\View\View->render('vista_filtro_estadistico', [], true)
 3 APPPATH\Controllers\ControladorMain.php(24): view('vista_filtro_estadistico', [...])
 4 SYSTEMPATH\CodeIgniter.php(934): App\Controllers\ControladorMain->filtroEstadistico('1')
 5 SYSTEMPATH\CodeIgniter.php(499): CodeIgniter\CodeIgniter->runController(Object(App\Controllers\ControladorMain))
 6 SYSTEMPATH\CodeIgniter.php(368): CodeIgniter\CodeIgniter->handleRequest(null, Object(Config\Cache), false)
 7 FCPATH\index.php(67): CodeIgniter\CodeIgniter->run()
CRITICAL - 2023-06-19 21:12:27 --> Invalid file: "vista_filtro_estadistico.php"
in SYSTEMPATH\Exceptions\FrameworkException.php on line 33.
 1 SYSTEMPATH\View\View.php(201): CodeIgniter\Exceptions\FrameworkException::forInvalidFile('vista_filtro_estadistico.php')
 2 SYSTEMPATH\Common.php(1184): CodeIgniter\View\View->render('vista_filtro_estadistico', [], true)
 3 APPPATH\Controllers\ControladorMain.php(24): view('vista_filtro_estadistico')
 4 SYSTEMPATH\CodeIgniter.php(934): App\Controllers\ControladorMain->filtroEstadistico('1')
 5 SYSTEMPATH\CodeIgniter.php(499): CodeIgniter\CodeIgniter->runController(Object(App\Controllers\ControladorMain))
 6 SYSTEMPATH\CodeIgniter.php(368): CodeIgniter\CodeIgniter->handleRequest(null, Object(Config\Cache), false)
 7 FCPATH\index.php(67): CodeIgniter\CodeIgniter->run()
CRITICAL - 2023-06-19 21:12:28 --> Invalid file: "vista_filtro_estadistico.php"
in SYSTEMPATH\Exceptions\FrameworkException.php on line 33.
 1 SYSTEMPATH\View\View.php(201): CodeIgniter\Exceptions\FrameworkException::forInvalidFile('vista_filtro_estadistico.php')
 2 SYSTEMPATH\Common.php(1184): CodeIgniter\View\View->render('vista_filtro_estadistico', [], true)
 3 APPPATH\Controllers\ControladorMain.php(24): view('vista_filtro_estadistico')
 4 SYSTEMPATH\CodeIgniter.php(934): App\Controllers\ControladorMain->filtroEstadistico('1')
 5 SYSTEMPATH\CodeIgniter.php(499): CodeIgniter\CodeIgniter->runController(Object(App\Controllers\ControladorMain))
 6 SYSTEMPATH\CodeIgniter.php(368): CodeIgniter\CodeIgniter->handleRequest(null, Object(Config\Cache), false)
 7 FCPATH\index.php(67): CodeIgniter\CodeIgniter->run()
CRITICAL - 2023-06-19 21:12:28 --> Invalid file: "vista_filtro_estadistico.php"
in SYSTEMPATH\Exceptions\FrameworkException.php on line 33.
 1 SYSTEMPATH\View\View.php(201): CodeIgniter\Exceptions\FrameworkException::forInvalidFile('vista_filtro_estadistico.php')
 2 SYSTEMPATH\Common.php(1184): CodeIgniter\View\View->render('vista_filtro_estadistico', [], true)
 3 APPPATH\Controllers\ControladorMain.php(24): view('vista_filtro_estadistico')
 4 SYSTEMPATH\CodeIgniter.php(934): App\Controllers\ControladorMain->filtroEstadistico('1')
 5 SYSTEMPATH\CodeIgniter.php(499): CodeIgniter\CodeIgniter->runController(Object(App\Controllers\ControladorMain))
 6 SYSTEMPATH\CodeIgniter.php(368): CodeIgniter\CodeIgniter->handleRequest(null, Object(Config\Cache), false)
 7 FCPATH\index.php(67): CodeIgniter\CodeIgniter->run()
CRITICAL - 2023-06-19 21:12:28 --> Invalid file: "vista_filtro_estadistico.php"
in SYSTEMPATH\Exceptions\FrameworkException.php on line 33.
 1 SYSTEMPATH\View\View.php(201): CodeIgniter\Exceptions\FrameworkException::forInvalidFile('vista_filtro_estadistico.php')
 2 SYSTEMPATH\Common.php(1184): CodeIgniter\View\View->render('vista_filtro_estadistico', [], true)
 3 APPPATH\Controllers\ControladorMain.php(24): view('vista_filtro_estadistico')
 4 SYSTEMPATH\CodeIgniter.php(934): App\Controllers\ControladorMain->filtroEstadistico('1')
 5 SYSTEMPATH\CodeIgniter.php(499): CodeIgniter\CodeIgniter->runController(Object(App\Controllers\ControladorMain))
 6 SYSTEMPATH\CodeIgniter.php(368): CodeIgniter\CodeIgniter->handleRequest(null, Object(Config\Cache), false)
 7 FCPATH\index.php(67): CodeIgniter\CodeIgniter->run()
CRITICAL - 2023-06-19 21:12:28 --> Invalid file: "vista_filtro_estadistico.php"
in SYSTEMPATH\Exceptions\FrameworkException.php on line 33.
 1 SYSTEMPATH\View\View.php(201): CodeIgniter\Exceptions\FrameworkException::forInvalidFile('vista_filtro_estadistico.php')
 2 SYSTEMPATH\Common.php(1184): CodeIgniter\View\View->render('vista_filtro_estadistico', [], true)
 3 APPPATH\Controllers\ControladorMain.php(24): view('vista_filtro_estadistico')
 4 SYSTEMPATH\CodeIgniter.php(934): App\Controllers\ControladorMain->filtroEstadistico('1')
 5 SYSTEMPATH\CodeIgniter.php(499): CodeIgniter\CodeIgniter->runController(Object(App\Controllers\ControladorMain))
 6 SYSTEMPATH\CodeIgniter.php(368): CodeIgniter\CodeIgniter->handleRequest(null, Object(Config\Cache), false)
 7 FCPATH\index.php(67): CodeIgniter\CodeIgniter->run()
CRITICAL - 2023-06-19 21:12:42 --> Invalid file: "vista_filtro_estadistico.php"
in SYSTEMPATH\Exceptions\FrameworkException.php on line 33.
 1 SYSTEMPATH\View\View.php(201): CodeIgniter\Exceptions\FrameworkException::forInvalidFile('vista_filtro_estadistico.php')
 2 SYSTEMPATH\Common.php(1184): CodeIgniter\View\View->render('vista_filtro_estadistico', [], true)
 3 APPPATH\Controllers\ControladorMain.php(24): view('vista_filtro_estadistico', [...])
 4 SYSTEMPATH\CodeIgniter.php(934): App\Controllers\ControladorMain->filtroEstadistico('1')
 5 SYSTEMPATH\CodeIgniter.php(499): CodeIgniter\CodeIgniter->runController(Object(App\Controllers\ControladorMain))
 6 SYSTEMPATH\CodeIgniter.php(368): CodeIgniter\CodeIgniter->handleRequest(null, Object(Config\Cache), false)
 7 FCPATH\index.php(67): CodeIgniter\CodeIgniter->run()
CRITICAL - 2023-06-19 21:14:17 --> Invalid file: "vista_filtro_estadistico.php"
in SYSTEMPATH\Exceptions\FrameworkException.php on line 33.
 1 SYSTEMPATH\View\View.php(201): CodeIgniter\Exceptions\FrameworkException::forInvalidFile('vista_filtro_estadistico.php')
 2 SYSTEMPATH\Common.php(1184): CodeIgniter\View\View->render('vista_filtro_estadistico', [], true)
 3 APPPATH\Controllers\ControladorMain.php(24): view('vista_filtro_estadistico', [...])
 4 SYSTEMPATH\CodeIgniter.php(934): App\Controllers\ControladorMain->filtroEstadistico('1')
 5 SYSTEMPATH\CodeIgniter.php(499): CodeIgniter\CodeIgniter->runController(Object(App\Controllers\ControladorMain))
 6 SYSTEMPATH\CodeIgniter.php(368): CodeIgniter\CodeIgniter->handleRequest(null, Object(Config\Cache), false)
 7 FCPATH\index.php(67): CodeIgniter\CodeIgniter->run()
CRITICAL - 2023-06-19 21:22:23 --> Invalid file: "vista_filtro_estadistico.php"
in SYSTEMPATH\Exceptions\FrameworkException.php on line 33.
 1 SYSTEMPATH\View\View.php(201): CodeIgniter\Exceptions\FrameworkException::forInvalidFile('vista_filtro_estadistico.php')
 2 SYSTEMPATH\Common.php(1184): CodeIgniter\View\View->render('vista_filtro_estadistico', [], true)
 3 APPPATH\Controllers\ControladorMain.php(24): view('vista_filtro_estadistico', [...])
 4 SYSTEMPATH\CodeIgniter.php(934): App\Controllers\ControladorMain->filtroEstadistico('1')
 5 SYSTEMPATH\CodeIgniter.php(499): CodeIgniter\CodeIgniter->runController(Object(App\Controllers\ControladorMain))
 6 SYSTEMPATH\CodeIgniter.php(368): CodeIgniter\CodeIgniter->handleRequest(null, Object(Config\Cache), false)
 7 FCPATH\index.php(67): CodeIgniter\CodeIgniter->run()
CRITICAL - 2023-06-19 21:24:59 --> Invalid file: "vista_filtro_estadistico.php"
in SYSTEMPATH\Exceptions\FrameworkException.php on line 33.
 1 SYSTEMPATH\View\View.php(201): CodeIgniter\Exceptions\FrameworkException::forInvalidFile('vista_filtro_estadistico.php')
 2 SYSTEMPATH\Common.php(1184): CodeIgniter\View\View->render('vista_filtro_estadistico', [], true)
 3 APPPATH\Controllers\ControladorMain.php(24): view('vista_filtro_estadistico', [...])
 4 SYSTEMPATH\CodeIgniter.php(934): App\Controllers\ControladorMain->filtroEstadistico('1')
 5 SYSTEMPATH\CodeIgniter.php(499): CodeIgniter\CodeIgniter->runController(Object(App\Controllers\ControladorMain))
 6 SYSTEMPATH\CodeIgniter.php(368): CodeIgniter\CodeIgniter->handleRequest(null, Object(Config\Cache), false)
 7 FCPATH\index.php(67): CodeIgniter\CodeIgniter->run()
CRITICAL - 2023-06-19 21:26:35 --> view(): Argument #2 ($data) must be of type array, string given, called in C:\XAMPP\htdocs\SistemaGestionDocumental\app\Controllers\ControladorMain.php on line 23
in SYSTEMPATH\Common.php on line 1172.
 1 APPPATH\Controllers\ControladorMain.php(23): view('/DatosEstadisticos/vista_filtro_estadistico', '3')
 2 SYSTEMPATH\CodeIgniter.php(934): App\Controllers\ControladorMain->filtroEstadistico('3')
 3 SYSTEMPATH\CodeIgniter.php(499): CodeIgniter\CodeIgniter->runController(Object(App\Controllers\ControladorMain))
 4 SYSTEMPATH\CodeIgniter.php(368): CodeIgniter\CodeIgniter->handleRequest(null, Object(Config\Cache), false)
 5 FCPATH\index.php(67): CodeIgniter\CodeIgniter->run()
CRITICAL - 2023-06-19 21:26:38 --> view(): Argument #2 ($data) must be of type array, string given, called in C:\XAMPP\htdocs\SistemaGestionDocumental\app\Controllers\ControladorMain.php on line 23
in SYSTEMPATH\Common.php on line 1172.
 1 APPPATH\Controllers\ControladorMain.php(23): view('/DatosEstadisticos/vista_filtro_estadistico', '3')
 2 SYSTEMPATH\CodeIgniter.php(934): App\Controllers\ControladorMain->filtroEstadistico('3')
 3 SYSTEMPATH\CodeIgniter.php(499): CodeIgniter\CodeIgniter->runController(Object(App\Controllers\ControladorMain))
 4 SYSTEMPATH\CodeIgniter.php(368): CodeIgniter\CodeIgniter->handleRequest(null, Object(Config\Cache), false)
 5 FCPATH\index.php(67): CodeIgniter\CodeIgniter->run()
