CRITICAL - 2023-08-08 20:51:36 --> Undefined variable $tbl_carrera
in APPPATH\Views\graficasEstadisticas\historico\vistaEstHistorico.php on line 31.
 1 APPPATH\Views\graficasEstadisticas\historico\vistaEstHistorico.php(31): CodeIgniter\Debug\Exceptions->errorHandler(2, 'Undefined variable $tbl_carrera', 'C:\\XAMPP\\htdocs\\SistemaGestionDocumental\\app\\Views\\graficasEstadisticas\\historico\\vistaEstHistorico.php', 31)
 2 SYSTEMPATH\View\View.php(213): include('C:\\XAMPP\\htdocs\\SistemaGestionDocumental\\app\\Views\\graficasEstadisticas\\historico\\vistaEstHistorico.php')
 3 SYSTEMPATH\View\View.php(216): CodeIgniter\View\View->CodeIgniter\View\{closure}()
 4 SYSTEMPATH\Common.php(1184): CodeIgniter\View\View->render('/graficasEstadisticas/historico/vistaEstHistorico', [], true)
 5 APPPATH\Controllers\ControladorHistorico.php(16): view('/graficasEstadisticas/historico/vistaEstHistorico')
 6 SYSTEMPATH\CodeIgniter.php(934): App\Controllers\ControladorHistorico->busquedaHistorico()
 7 SYSTEMPATH\CodeIgniter.php(499): CodeIgniter\CodeIgniter->runController(Object(App\Controllers\ControladorHistorico))
 8 SYSTEMPATH\CodeIgniter.php(368): CodeIgniter\CodeIgniter->handleRequest(null, Object(Config\Cache), false)
 9 FCPATH\index.php(67): CodeIgniter\CodeIgniter->run()
CRITICAL - 2023-08-08 20:51:43 --> Undefined variable $tbl_carrera
in APPPATH\Views\graficasEstadisticas\historico\vistaEstHistorico.php on line 31.
 1 APPPATH\Views\graficasEstadisticas\historico\vistaEstHistorico.php(31): CodeIgniter\Debug\Exceptions->errorHandler(2, 'Undefined variable $tbl_carrera', 'C:\\XAMPP\\htdocs\\SistemaGestionDocumental\\app\\Views\\graficasEstadisticas\\historico\\vistaEstHistorico.php', 31)
 2 SYSTEMPATH\View\View.php(213): include('C:\\XAMPP\\htdocs\\SistemaGestionDocumental\\app\\Views\\graficasEstadisticas\\historico\\vistaEstHistorico.php')
 3 SYSTEMPATH\View\View.php(216): CodeIgniter\View\View->CodeIgniter\View\{closure}()
 4 SYSTEMPATH\Common.php(1184): CodeIgniter\View\View->render('/graficasEstadisticas/historico/vistaEstHistorico', [], true)
 5 APPPATH\Controllers\ControladorHistorico.php(16): view('/graficasEstadisticas/historico/vistaEstHistorico')
 6 SYSTEMPATH\CodeIgniter.php(934): App\Controllers\ControladorHistorico->busquedaHistorico()
 7 SYSTEMPATH\CodeIgniter.php(499): CodeIgniter\CodeIgniter->runController(Object(App\Controllers\ControladorHistorico))
 8 SYSTEMPATH\CodeIgniter.php(368): CodeIgniter\CodeIgniter->handleRequest(null, Object(Config\Cache), false)
 9 FCPATH\index.php(67): CodeIgniter\CodeIgniter->run()
CRITICAL - 2023-08-08 20:57:09 --> Undefined variable $tbl_carrera
in APPPATH\Views\graficasEstadisticas\historico\vistaEstHistorico.php on line 36.
 1 APPPATH\Views\graficasEstadisticas\historico\vistaEstHistorico.php(36): CodeIgniter\Debug\Exceptions->errorHandler(2, 'Undefined variable $tbl_carrera', 'C:\\XAMPP\\htdocs\\SistemaGestionDocumental\\app\\Views\\graficasEstadisticas\\historico\\vistaEstHistorico.php', 36)
 2 SYSTEMPATH\View\View.php(213): include('C:\\XAMPP\\htdocs\\SistemaGestionDocumental\\app\\Views\\graficasEstadisticas\\historico\\vistaEstHistorico.php')
 3 SYSTEMPATH\View\View.php(216): CodeIgniter\View\View->CodeIgniter\View\{closure}()
 4 SYSTEMPATH\Common.php(1184): CodeIgniter\View\View->render('/graficasEstadisticas/historico/vistaEstHistorico', [], true)
 5 APPPATH\Controllers\ControladorHistorico.php(16): view('/graficasEstadisticas/historico/vistaEstHistorico')
 6 SYSTEMPATH\CodeIgniter.php(934): App\Controllers\ControladorHistorico->busquedaHistorico()
 7 SYSTEMPATH\CodeIgniter.php(499): CodeIgniter\CodeIgniter->runController(Object(App\Controllers\ControladorHistorico))
 8 SYSTEMPATH\CodeIgniter.php(368): CodeIgniter\CodeIgniter->handleRequest(null, Object(Config\Cache), false)
 9 FCPATH\index.php(67): CodeIgniter\CodeIgniter->run()
CRITICAL - 2023-08-08 21:57:16 --> Call to a member function database() on null
in APPPATH\Models\ModelMatrizGraduados.php on line 29.
 1 APPPATH\Controllers\ControladorHistorico.php(17): App\Models\ModelMatrizGraduados->__construct()
 2 SYSTEMPATH\CodeIgniter.php(934): App\Controllers\ControladorHistorico->dehistorico()
 3 SYSTEMPATH\CodeIgniter.php(499): CodeIgniter\CodeIgniter->runController(Object(App\Controllers\ControladorHistorico))
 4 SYSTEMPATH\CodeIgniter.php(368): CodeIgniter\CodeIgniter->handleRequest(null, Object(Config\Cache), false)
 5 FCPATH\index.php(67): CodeIgniter\CodeIgniter->run()
CRITICAL - 2023-08-08 22:14:56 --> Undefined variable $datos
in APPPATH\Views\graficasEstadisticas\historico\vistaEstHistorico.php on line 43.
 1 APPPATH\Views\graficasEstadisticas\historico\vistaEstHistorico.php(43): CodeIgniter\Debug\Exceptions->errorHandler(2, 'Undefined variable $datos', 'C:\\XAMPP\\htdocs\\SistemaGestionDocumental\\app\\Views\\graficasEstadisticas\\historico\\vistaEstHistorico.php', 43)
 2 SYSTEMPATH\View\View.php(213): include('C:\\XAMPP\\htdocs\\SistemaGestionDocumental\\app\\Views\\graficasEstadisticas\\historico\\vistaEstHistorico.php')
 3 SYSTEMPATH\View\View.php(216): CodeIgniter\View\View->CodeIgniter\View\{closure}()
 4 SYSTEMPATH\Common.php(1184): CodeIgniter\View\View->render('/graficasEstadisticas/historico/vistaEstHistorico', [], true)
 5 APPPATH\Controllers\ControladorHistorico.php(26): view('/graficasEstadisticas/historico/vistaEstHistorico')
 6 SYSTEMPATH\CodeIgniter.php(934): App\Controllers\ControladorHistorico->busquedaHistorico()
 7 SYSTEMPATH\CodeIgniter.php(499): CodeIgniter\CodeIgniter->runController(Object(App\Controllers\ControladorHistorico))
 8 SYSTEMPATH\CodeIgniter.php(368): CodeIgniter\CodeIgniter->handleRequest(null, Object(Config\Cache), false)
 9 FCPATH\index.php(67): CodeIgniter\CodeIgniter->run()
CRITICAL - 2023-08-08 22:15:22 --> Undefined variable $datos
in APPPATH\Views\graficasEstadisticas\historico\vistaEstHistorico.php on line 43.
 1 APPPATH\Views\graficasEstadisticas\historico\vistaEstHistorico.php(43): CodeIgniter\Debug\Exceptions->errorHandler(2, 'Undefined variable $datos', 'C:\\XAMPP\\htdocs\\SistemaGestionDocumental\\app\\Views\\graficasEstadisticas\\historico\\vistaEstHistorico.php', 43)
 2 SYSTEMPATH\View\View.php(213): include('C:\\XAMPP\\htdocs\\SistemaGestionDocumental\\app\\Views\\graficasEstadisticas\\historico\\vistaEstHistorico.php')
 3 SYSTEMPATH\View\View.php(216): CodeIgniter\View\View->CodeIgniter\View\{closure}()
 4 SYSTEMPATH\Common.php(1184): CodeIgniter\View\View->render('/graficasEstadisticas/historico/vistaEstHistorico', [], true)
 5 APPPATH\Controllers\ControladorHistorico.php(26): view('/graficasEstadisticas/historico/vistaEstHistorico')
 6 SYSTEMPATH\CodeIgniter.php(934): App\Controllers\ControladorHistorico->busquedaHistorico()
 7 SYSTEMPATH\CodeIgniter.php(499): CodeIgniter\CodeIgniter->runController(Object(App\Controllers\ControladorHistorico))
 8 SYSTEMPATH\CodeIgniter.php(368): CodeIgniter\CodeIgniter->handleRequest(null, Object(Config\Cache), false)
 9 FCPATH\index.php(67): CodeIgniter\CodeIgniter->run()
CRITICAL - 2023-08-08 22:17:04 --> Undefined variable $datos
in APPPATH\Views\graficasEstadisticas\historico\vistaEstHistorico.php on line 43.
 1 APPPATH\Views\graficasEstadisticas\historico\vistaEstHistorico.php(43): CodeIgniter\Debug\Exceptions->errorHandler(2, 'Undefined variable $datos', 'C:\\XAMPP\\htdocs\\SistemaGestionDocumental\\app\\Views\\graficasEstadisticas\\historico\\vistaEstHistorico.php', 43)
 2 SYSTEMPATH\View\View.php(213): include('C:\\XAMPP\\htdocs\\SistemaGestionDocumental\\app\\Views\\graficasEstadisticas\\historico\\vistaEstHistorico.php')
 3 SYSTEMPATH\View\View.php(216): CodeIgniter\View\View->CodeIgniter\View\{closure}()
 4 SYSTEMPATH\Common.php(1184): CodeIgniter\View\View->render('/graficasEstadisticas/historico/vistaEstHistorico', [], true)
 5 APPPATH\Controllers\ControladorHistorico.php(26): view('/graficasEstadisticas/historico/vistaEstHistorico')
 6 SYSTEMPATH\CodeIgniter.php(934): App\Controllers\ControladorHistorico->busquedaHistorico()
 7 SYSTEMPATH\CodeIgniter.php(499): CodeIgniter\CodeIgniter->runController(Object(App\Controllers\ControladorHistorico))
 8 SYSTEMPATH\CodeIgniter.php(368): CodeIgniter\CodeIgniter->handleRequest(null, Object(Config\Cache), false)
 9 FCPATH\index.php(67): CodeIgniter\CodeIgniter->run()
CRITICAL - 2023-08-08 22:17:06 --> Undefined variable $datos
in APPPATH\Views\graficasEstadisticas\historico\vistaEstHistorico.php on line 43.
 1 APPPATH\Views\graficasEstadisticas\historico\vistaEstHistorico.php(43): CodeIgniter\Debug\Exceptions->errorHandler(2, 'Undefined variable $datos', 'C:\\XAMPP\\htdocs\\SistemaGestionDocumental\\app\\Views\\graficasEstadisticas\\historico\\vistaEstHistorico.php', 43)
 2 SYSTEMPATH\View\View.php(213): include('C:\\XAMPP\\htdocs\\SistemaGestionDocumental\\app\\Views\\graficasEstadisticas\\historico\\vistaEstHistorico.php')
 3 SYSTEMPATH\View\View.php(216): CodeIgniter\View\View->CodeIgniter\View\{closure}()
 4 SYSTEMPATH\Common.php(1184): CodeIgniter\View\View->render('/graficasEstadisticas/historico/vistaEstHistorico', [], true)
 5 APPPATH\Controllers\ControladorHistorico.php(26): view('/graficasEstadisticas/historico/vistaEstHistorico')
 6 SYSTEMPATH\CodeIgniter.php(934): App\Controllers\ControladorHistorico->busquedaHistorico()
 7 SYSTEMPATH\CodeIgniter.php(499): CodeIgniter\CodeIgniter->runController(Object(App\Controllers\ControladorHistorico))
 8 SYSTEMPATH\CodeIgniter.php(368): CodeIgniter\CodeIgniter->handleRequest(null, Object(Config\Cache), false)
 9 FCPATH\index.php(67): CodeIgniter\CodeIgniter->run()
CRITICAL - 2023-08-08 22:18:42 --> Undefined variable $datos
in APPPATH\Views\graficasEstadisticas\historico\vistaEstHistorico.php on line 43.
 1 APPPATH\Views\graficasEstadisticas\historico\vistaEstHistorico.php(43): CodeIgniter\Debug\Exceptions->errorHandler(2, 'Undefined variable $datos', 'C:\\XAMPP\\htdocs\\SistemaGestionDocumental\\app\\Views\\graficasEstadisticas\\historico\\vistaEstHistorico.php', 43)
 2 SYSTEMPATH\View\View.php(213): include('C:\\XAMPP\\htdocs\\SistemaGestionDocumental\\app\\Views\\graficasEstadisticas\\historico\\vistaEstHistorico.php')
 3 SYSTEMPATH\View\View.php(216): CodeIgniter\View\View->CodeIgniter\View\{closure}()
 4 SYSTEMPATH\Common.php(1184): CodeIgniter\View\View->render('/graficasEstadisticas/historico/vistaEstHistorico', [], true)
 5 APPPATH\Controllers\ControladorHistorico.php(26): view('/graficasEstadisticas/historico/vistaEstHistorico')
 6 SYSTEMPATH\CodeIgniter.php(934): App\Controllers\ControladorHistorico->busquedaHistorico()
 7 SYSTEMPATH\CodeIgniter.php(499): CodeIgniter\CodeIgniter->runController(Object(App\Controllers\ControladorHistorico))
 8 SYSTEMPATH\CodeIgniter.php(368): CodeIgniter\CodeIgniter->handleRequest(null, Object(Config\Cache), false)
 9 FCPATH\index.php(67): CodeIgniter\CodeIgniter->run()
CRITICAL - 2023-08-08 22:19:12 --> Undefined variable $datos
in APPPATH\Views\graficasEstadisticas\historico\vistaEstHistorico.php on line 43.
 1 APPPATH\Views\graficasEstadisticas\historico\vistaEstHistorico.php(43): CodeIgniter\Debug\Exceptions->errorHandler(2, 'Undefined variable $datos', 'C:\\XAMPP\\htdocs\\SistemaGestionDocumental\\app\\Views\\graficasEstadisticas\\historico\\vistaEstHistorico.php', 43)
 2 SYSTEMPATH\View\View.php(213): include('C:\\XAMPP\\htdocs\\SistemaGestionDocumental\\app\\Views\\graficasEstadisticas\\historico\\vistaEstHistorico.php')
 3 SYSTEMPATH\View\View.php(216): CodeIgniter\View\View->CodeIgniter\View\{closure}()
 4 SYSTEMPATH\Common.php(1184): CodeIgniter\View\View->render('/graficasEstadisticas/historico/vistaEstHistorico', [], true)
 5 APPPATH\Controllers\ControladorHistorico.php(31): view('/graficasEstadisticas/historico/vistaEstHistorico', [...])
 6 SYSTEMPATH\CodeIgniter.php(934): App\Controllers\ControladorHistorico->busquedaHistorico()
 7 SYSTEMPATH\CodeIgniter.php(499): CodeIgniter\CodeIgniter->runController(Object(App\Controllers\ControladorHistorico))
 8 SYSTEMPATH\CodeIgniter.php(368): CodeIgniter\CodeIgniter->handleRequest(null, Object(Config\Cache), false)
 9 FCPATH\index.php(67): CodeIgniter\CodeIgniter->run()
CRITICAL - 2023-08-08 22:19:14 --> Undefined variable $datos
in APPPATH\Views\graficasEstadisticas\historico\vistaEstHistorico.php on line 43.
 1 APPPATH\Views\graficasEstadisticas\historico\vistaEstHistorico.php(43): CodeIgniter\Debug\Exceptions->errorHandler(2, 'Undefined variable $datos', 'C:\\XAMPP\\htdocs\\SistemaGestionDocumental\\app\\Views\\graficasEstadisticas\\historico\\vistaEstHistorico.php', 43)
 2 SYSTEMPATH\View\View.php(213): include('C:\\XAMPP\\htdocs\\SistemaGestionDocumental\\app\\Views\\graficasEstadisticas\\historico\\vistaEstHistorico.php')
 3 SYSTEMPATH\View\View.php(216): CodeIgniter\View\View->CodeIgniter\View\{closure}()
 4 SYSTEMPATH\Common.php(1184): CodeIgniter\View\View->render('/graficasEstadisticas/historico/vistaEstHistorico', [], true)
 5 APPPATH\Controllers\ControladorHistorico.php(31): view('/graficasEstadisticas/historico/vistaEstHistorico', [...])
 6 SYSTEMPATH\CodeIgniter.php(934): App\Controllers\ControladorHistorico->busquedaHistorico()
 7 SYSTEMPATH\CodeIgniter.php(499): CodeIgniter\CodeIgniter->runController(Object(App\Controllers\ControladorHistorico))
 8 SYSTEMPATH\CodeIgniter.php(368): CodeIgniter\CodeIgniter->handleRequest(null, Object(Config\Cache), false)
 9 FCPATH\index.php(67): CodeIgniter\CodeIgniter->run()
CRITICAL - 2023-08-08 22:20:46 --> Undefined variable $datos
in APPPATH\Views\graficasEstadisticas\historico\vistaEstHistorico.php on line 43.
 1 APPPATH\Views\graficasEstadisticas\historico\vistaEstHistorico.php(43): CodeIgniter\Debug\Exceptions->errorHandler(2, 'Undefined variable $datos', 'C:\\XAMPP\\htdocs\\SistemaGestionDocumental\\app\\Views\\graficasEstadisticas\\historico\\vistaEstHistorico.php', 43)
 2 SYSTEMPATH\View\View.php(213): include('C:\\XAMPP\\htdocs\\SistemaGestionDocumental\\app\\Views\\graficasEstadisticas\\historico\\vistaEstHistorico.php')
 3 SYSTEMPATH\View\View.php(216): CodeIgniter\View\View->CodeIgniter\View\{closure}()
 4 SYSTEMPATH\Common.php(1184): CodeIgniter\View\View->render('/graficasEstadisticas/historico/vistaEstHistorico', [], true)
 5 APPPATH\Controllers\ControladorHistorico.php(31): view('/graficasEstadisticas/historico/vistaEstHistorico', [...])
 6 SYSTEMPATH\CodeIgniter.php(934): App\Controllers\ControladorHistorico->busquedaHistorico()
 7 SYSTEMPATH\CodeIgniter.php(499): CodeIgniter\CodeIgniter->runController(Object(App\Controllers\ControladorHistorico))
 8 SYSTEMPATH\CodeIgniter.php(368): CodeIgniter\CodeIgniter->handleRequest(null, Object(Config\Cache), false)
 9 FCPATH\index.php(67): CodeIgniter\CodeIgniter->run()
CRITICAL - 2023-08-08 22:20:54 --> Undefined variable $datos
in APPPATH\Views\graficasEstadisticas\historico\vistaEstHistorico.php on line 43.
 1 APPPATH\Views\graficasEstadisticas\historico\vistaEstHistorico.php(43): CodeIgniter\Debug\Exceptions->errorHandler(2, 'Undefined variable $datos', 'C:\\XAMPP\\htdocs\\SistemaGestionDocumental\\app\\Views\\graficasEstadisticas\\historico\\vistaEstHistorico.php', 43)
 2 SYSTEMPATH\View\View.php(213): include('C:\\XAMPP\\htdocs\\SistemaGestionDocumental\\app\\Views\\graficasEstadisticas\\historico\\vistaEstHistorico.php')
 3 SYSTEMPATH\View\View.php(216): CodeIgniter\View\View->CodeIgniter\View\{closure}()
 4 SYSTEMPATH\Common.php(1184): CodeIgniter\View\View->render('/graficasEstadisticas/historico/vistaEstHistorico', [], true)
 5 APPPATH\Controllers\ControladorHistorico.php(31): view('/graficasEstadisticas/historico/vistaEstHistorico', [...])
 6 SYSTEMPATH\CodeIgniter.php(934): App\Controllers\ControladorHistorico->busquedaHistorico()
 7 SYSTEMPATH\CodeIgniter.php(499): CodeIgniter\CodeIgniter->runController(Object(App\Controllers\ControladorHistorico))
 8 SYSTEMPATH\CodeIgniter.php(368): CodeIgniter\CodeIgniter->handleRequest(null, Object(Config\Cache), false)
 9 FCPATH\index.php(67): CodeIgniter\CodeIgniter->run()
CRITICAL - 2023-08-08 22:21:10 --> Undefined variable $datos
in APPPATH\Views\graficasEstadisticas\historico\vistaEstHistorico.php on line 43.
 1 APPPATH\Views\graficasEstadisticas\historico\vistaEstHistorico.php(43): CodeIgniter\Debug\Exceptions->errorHandler(2, 'Undefined variable $datos', 'C:\\XAMPP\\htdocs\\SistemaGestionDocumental\\app\\Views\\graficasEstadisticas\\historico\\vistaEstHistorico.php', 43)
 2 SYSTEMPATH\View\View.php(213): include('C:\\XAMPP\\htdocs\\SistemaGestionDocumental\\app\\Views\\graficasEstadisticas\\historico\\vistaEstHistorico.php')
 3 SYSTEMPATH\View\View.php(216): CodeIgniter\View\View->CodeIgniter\View\{closure}()
 4 SYSTEMPATH\Common.php(1184): CodeIgniter\View\View->render('/graficasEstadisticas/historico/vistaEstHistorico', [], true)
 5 APPPATH\Controllers\ControladorHistorico.php(31): view('/graficasEstadisticas/historico/vistaEstHistorico', [...])
 6 SYSTEMPATH\CodeIgniter.php(934): App\Controllers\ControladorHistorico->busquedaHistorico()
 7 SYSTEMPATH\CodeIgniter.php(499): CodeIgniter\CodeIgniter->runController(Object(App\Controllers\ControladorHistorico))
 8 SYSTEMPATH\CodeIgniter.php(368): CodeIgniter\CodeIgniter->handleRequest(null, Object(Config\Cache), false)
 9 FCPATH\index.php(67): CodeIgniter\CodeIgniter->run()
CRITICAL - 2023-08-08 22:22:13 --> Undefined variable $datos
in APPPATH\Views\graficasEstadisticas\historico\vistaEstHistorico.php on line 43.
 1 APPPATH\Views\graficasEstadisticas\historico\vistaEstHistorico.php(43): CodeIgniter\Debug\Exceptions->errorHandler(2, 'Undefined variable $datos', 'C:\\XAMPP\\htdocs\\SistemaGestionDocumental\\app\\Views\\graficasEstadisticas\\historico\\vistaEstHistorico.php', 43)
 2 SYSTEMPATH\View\View.php(213): include('C:\\XAMPP\\htdocs\\SistemaGestionDocumental\\app\\Views\\graficasEstadisticas\\historico\\vistaEstHistorico.php')
 3 SYSTEMPATH\View\View.php(216): CodeIgniter\View\View->CodeIgniter\View\{closure}()
 4 SYSTEMPATH\Common.php(1184): CodeIgniter\View\View->render('/graficasEstadisticas/historico/vistaEstHistorico', [], true)
 5 APPPATH\Controllers\ControladorHistorico.php(26): view('/graficasEstadisticas/historico/vistaEstHistorico', [...])
 6 SYSTEMPATH\CodeIgniter.php(934): App\Controllers\ControladorHistorico->busquedaHistorico()
 7 SYSTEMPATH\CodeIgniter.php(499): CodeIgniter\CodeIgniter->runController(Object(App\Controllers\ControladorHistorico))
 8 SYSTEMPATH\CodeIgniter.php(368): CodeIgniter\CodeIgniter->handleRequest(null, Object(Config\Cache), false)
 9 FCPATH\index.php(67): CodeIgniter\CodeIgniter->run()
